#
# A fatal error has been detected by the Java Runtime Environment:
#
#  EXCEPTION_ACCESS_VIOLATION (0xc0000005) at pc=0x000000018000c27b, pid=33152, tid=32180
#
# JRE version: OpenJDK Runtime Environment Microsoft-10800295 (17.0.14+7) (build 17.0.14+7-LTS)
# Java VM: OpenJDK 64-Bit Server VM Microsoft-10800295 (17.0.14+7-LTS, mixed mode, sharing, tiered, compressed oops, compressed class ptrs, g1 gc, windows-amd64)
# Problematic frame:
# C  [ASProxy64.dll+0xc27b]
#
# No core dump will be written. Minidumps are not enabled by default on client versions of Windows
#
# If you would like to submit a bug report, please visit:
#   https://github.com/microsoft/openjdk/issues
# The crash happened outside the Java Virtual Machine in native code.
# See problematic frame for where to report the bug.
#

---------------  S U M M A R Y ------------

Command Line: -Xmx64m -Xms64m -Dorg.gradle.appname=gradlew org.gradle.wrapper.GradleWrapperMain assembleRelease

Host: Intel(R) Core(TM) i7-7700HQ CPU @ 2.80GHz, 8 cores, 31G,  Windows 11 , 64 bit Build 26100 (10.0.26100.3323)
Time: Thu Mar 27 22:24:33 2025 FLE Standard Time elapsed time: 4.380164 seconds (0d 0h 0m 4s)

---------------  T H R E A D  ---------------

Current thread (0x000001d4b60ecc20):  JavaThread "main" [_thread_in_native, id=32180, stack(0x00000092b8900000,0x00000092b8a00000)]

Stack: [0x00000092b8900000,0x00000092b8a00000],  sp=0x00000092b89fcf20,  free space=1011k
Native frames: (J=compiled Java code, j=interpreted, Vv=VM code, C=native code)
C  [ASProxy64.dll+0xc27b]

Java frames: (J=compiled Java code, j=interpreted, Vv=VM code)
j  sun.nio.ch.WEPoll.ctl(JIJI)I+0 java.base@17.0.14
j  sun.nio.ch.WEPollSelectorImpl.<init>(Ljava/nio/channels/spi/SelectorProvider;)V+139 java.base@17.0.14
j  sun.nio.ch.WEPollSelectorProvider.openSelector()Ljava/nio/channels/spi/AbstractSelector;+5 java.base@17.0.14
j  java.nio.channels.Selector.open()Ljava/nio/channels/Selector;+3 java.base@17.0.14
j  org.gradle.internal.remote.internal.inet.SocketConnection$SocketInputStream.<init>(Ljava/nio/channels/SocketChannel;)V+17
j  org.gradle.internal.remote.internal.inet.SocketConnection.<init>(Ljava/nio/channels/SocketChannel;Lorg/gradle/internal/remote/internal/MessageSerializer;Lorg/gradle/internal/serialize/StatefulSerializer;)V+33
j  org.gradle.internal.remote.internal.inet.SocketConnectCompletion.create(Lorg/gradle/internal/serialize/StatefulSerializer;)Lorg/gradle/internal/remote/internal/RemoteConnection;+16
j  org.gradle.launcher.daemon.client.DefaultDaemonConnector.connectToDaemon(Lorg/gradle/launcher/daemon/context/DaemonConnectDetails;Lorg/gradle/launcher/daemon/client/DaemonClientConnection$StaleAddressDetector;)Lorg/gradle/launcher/daemon/client/DaemonClientConnection;+43
j  org.gradle.launcher.daemon.client.DefaultDaemonConnector.connectToDaemonWithId(Lorg/gradle/launcher/daemon/diagnostics/DaemonStartupInfo;Lorg/gradle/api/internal/specs/ExplainingSpec;)Lorg/gradle/launcher/daemon/client/DaemonClientConnection;+115
j  org.gradle.launcher.daemon.client.DefaultDaemonConnector.doStartDaemon(Lorg/gradle/api/internal/specs/ExplainingSpec;Z)Lorg/gradle/launcher/daemon/client/DaemonClientConnection;+58
j  org.gradle.launcher.daemon.client.DefaultDaemonConnector.startDaemon(Lorg/gradle/api/internal/specs/ExplainingSpec;)Lorg/gradle/launcher/daemon/client/DaemonClientConnection;+3
j  org.gradle.launcher.daemon.client.DaemonClient.execute(Lorg/gradle/internal/invocation/BuildAction;Lorg/gradle/launcher/exec/BuildActionParameters;Lorg/gradle/internal/daemon/client/execution/ClientBuildRequestContext;)Lorg/gradle/launcher/exec/BuildActionResult;+201
j  org.gradle.launcher.daemon.client.DaemonClient.execute(Lorg/gradle/internal/invocation/BuildAction;Ljava/lang/Object;Ljava/lang/Object;)Lorg/gradle/launcher/exec/BuildActionResult;+10
j  org.gradle.launcher.cli.RunBuildAction.run()V+67
j  org.gradle.internal.Actions$RunnableActionAdapter.execute(Ljava/lang/Object;)V+4
j  org.gradle.launcher.cli.DefaultCommandLineActionFactory$ParseAndBuildAction.execute(Lorg/gradle/launcher/bootstrap/ExecutionListener;)V+125
j  org.gradle.launcher.cli.DefaultCommandLineActionFactory$ParseAndBuildAction.execute(Ljava/lang/Object;)V+5
j  org.gradle.launcher.cli.DebugLoggerWarningAction.execute(Lorg/gradle/launcher/bootstrap/ExecutionListener;)V+9
j  org.gradle.launcher.cli.DebugLoggerWarningAction.execute(Ljava/lang/Object;)V+5
j  org.gradle.launcher.cli.WelcomeMessageAction.execute(Lorg/gradle/launcher/bootstrap/ExecutionListener;)V+218
j  org.gradle.launcher.cli.WelcomeMessageAction.execute(Ljava/lang/Object;)V+5
j  org.gradle.launcher.cli.NativeServicesInitializingAction.execute(Lorg/gradle/launcher/bootstrap/ExecutionListener;)V+38
j  org.gradle.launcher.cli.NativeServicesInitializingAction.execute(Ljava/lang/Object;)V+5
j  org.gradle.launcher.cli.ExceptionReportingAction.execute(Lorg/gradle/launcher/bootstrap/ExecutionListener;)V+5
j  org.gradle.launcher.cli.ExceptionReportingAction.execute(Ljava/lang/Object;)V+5
j  org.gradle.launcher.cli.DefaultCommandLineActionFactory$WithLogging.execute(Lorg/gradle/launcher/bootstrap/ExecutionListener;)V+309
j  org.gradle.launcher.Main.doAction([Ljava/lang/String;Lorg/gradle/launcher/bootstrap/ExecutionListener;)V+14
j  org.gradle.launcher.bootstrap.EntryPoint.run([Ljava/lang/String;)V+12
v  ~StubRoutines::call_stub
j  jdk.internal.reflect.NativeMethodAccessorImpl.invoke0(Ljava/lang/reflect/Method;Ljava/lang/Object;[Ljava/lang/Object;)Ljava/lang/Object;+0 java.base@17.0.14
j  jdk.internal.reflect.NativeMethodAccessorImpl.invoke(Ljava/lang/Object;[Ljava/lang/Object;)Ljava/lang/Object;+133 java.base@17.0.14
j  jdk.internal.reflect.DelegatingMethodAccessorImpl.invoke(Ljava/lang/Object;[Ljava/lang/Object;)Ljava/lang/Object;+6 java.base@17.0.14
j  java.lang.reflect.Method.invoke(Ljava/lang/Object;[Ljava/lang/Object;)Ljava/lang/Object;+59 java.base@17.0.14
j  org.gradle.launcher.bootstrap.ProcessBootstrap.runNoExit(Ljava/lang/String;Ljava/lang/String;Ljava/lang/String;[Ljava/lang/String;)V+205
j  org.gradle.launcher.bootstrap.ProcessBootstrap.run(Ljava/lang/String;Ljava/lang/String;Ljava/lang/String;[Ljava/lang/String;)V+4
j  org.gradle.launcher.GradleMain.main([Ljava/lang/String;)V+68
v  ~StubRoutines::call_stub
j  jdk.internal.reflect.NativeMethodAccessorImpl.invoke0(Ljava/lang/reflect/Method;Ljava/lang/Object;[Ljava/lang/Object;)Ljava/lang/Object;+0 java.base@17.0.14
j  jdk.internal.reflect.NativeMethodAccessorImpl.invoke(Ljava/lang/Object;[Ljava/lang/Object;)Ljava/lang/Object;+133 java.base@17.0.14
j  jdk.internal.reflect.DelegatingMethodAccessorImpl.invoke(Ljava/lang/Object;[Ljava/lang/Object;)Ljava/lang/Object;+6 java.base@17.0.14
j  java.lang.reflect.Method.invoke(Ljava/lang/Object;[Ljava/lang/Object;)Ljava/lang/Object;+59 java.base@17.0.14
j  org.gradle.wrapper.GradleWrapperMain.main([Ljava/lang/String;)V+1826
v  ~StubRoutines::call_stub

siginfo: EXCEPTION_ACCESS_VIOLATION (0xc0000005), writing address 0x000001d5258a838c


Registers:
RAX=0x0000000000000000, RBX=0x000001d516865f48, RCX=0x000000000000c9a4, RDX=0x0000000000000002
RSP=0x00000092b89fcf20, RBP=0x00000000000009b4, RSI=0x000001d5168dc390, RDI=0x00000000000009b4
R8 =0x0000000000000001, R9 =0x0000000000000001, R10=0x00000000000009a4, R11=0x000001d4b60d9a78
R12=0x00000092b89fd160, R13=0x0000000000000964, R14=0x000001d5168dc360, R15=0x0000000000000964
RIP=0x000000018000c27b, EFLAGS=0x0000000000010287


Register to memory mapping:

RIP=0x000000018000c27b ASProxy64.dll
RAX=0x0 is NULL
RBX=0x000001d516865f48 points into unknown readable memory: 0x0000000000000000 | 00 00 00 00 00 00 00 00
RCX=0x000000000000c9a4 is an unknown value
RDX=0x0000000000000002 is an unknown value
RSP=0x00000092b89fcf20 is pointing into the stack for thread: 0x000001d4b60ecc20
RBP=0x00000000000009b4 is an unknown value
RSI=0x000001d5168dc390 points into unknown readable memory: 0x000001d5168dc390 | 90 c3 8d 16 d5 01 00 00
RDI=0x00000000000009b4 is an unknown value
R8 =0x0000000000000001 is an unknown value
R9 =0x0000000000000001 is an unknown value
R10=0x00000000000009a4 is an unknown value
R11=0x000001d4b60d9a78 points into unknown readable memory: 0x00000000000007d0 | d0 07 00 00 00 00 00 00
R12=0x00000092b89fd160 is pointing into the stack for thread: 0x000001d4b60ecc20
R13=0x0000000000000964 is an unknown value
R14=0x000001d5168dc360 points into unknown readable memory: 0x00000000000009b4 | b4 09 00 00 00 00 00 00
R15=0x0000000000000964 is an unknown value


Top of Stack: (sp=0x00000092b89fcf20)
0x00000092b89fcf20:   0000000000000000 0000000000000000
0x00000092b89fcf30:   00000000000009b4 000000018001f4c2
0x00000092b89fcf40:   0000000180065ec8 0000000000002736
0x00000092b89fcf50:   000000000000000c 00000000000009a4
0x00000092b89fcf60:   00000000000009b4 000000018000c506
0x00000092b89fcf70:   000001d516865f48 0000000000002736
0x00000092b89fcf80:   0000000000000000 0000000000000008
0x00000092b89fcf90:   000000920000001e 0000000000000000
0x00000092b89fcfa0:   00000000000009b4 0000000000000000
0x00000092b89fcfb0:   0000000000000001 0000000000000000
0x00000092b89fcfc0:   00000000000009b4 00007ff8e9a67782
0x00000092b89fcfd0:   00000000000009a4 0000000000000902
0x00000092b89fcfe0:   000001d5168dc390 0000000000000000
0x00000092b89fcff0:   0000000000000000 000001d500000000
0x00000092b89fd000:   0000000000000003 000001d500000001
0x00000092b89fd010:   0000000000000000 0000000000000000
0x00000092b89fd020:   00007ff900000000 00007ff93ed20139
0x00000092b89fd030:   00000000000009a4 0000000000000000
0x00000092b89fd040:   0000000000000000 0000d8072198ff95
0x00000092b89fd050:   000001d516865f30 00007ff8e9a6814b
0x00000092b89fd060:   0000000000000028 0000000000000000
0x00000092b89fd070:   000001d516865f38 0000000000000000
0x00000092b89fd080:   000001d5168dc360 00007ff8e9a681f5
0x00000092b89fd090:   000001d5168dc390 000001d5168dc3e0
0x00000092b89fd0a0:   000001d5168dc390 000001d5168dc360
0x00000092b89fd0b0:   000001d4b60ecc20 00000092b89fd160
0x00000092b89fd0c0:   000001d511388008 0000000000000000
0x00000092b89fd0d0:   000001d5168dc360 00007ff8e9a6862d
0x00000092b89fd0e0:   0000000000000000 000001d5168dc3e0
0x00000092b89fd0f0:   0000000000000964 000001d4b60ecc20
0x00000092b89fd100:   0000000000000001 00007ff8e9a679de
0x00000092b89fd110:   00000092b89fd160 0000000000000964 

Instructions: (pc=0x000000018000c27b)
0x000000018000c17b:   c0 48 83 c4 50 41 5c c3 cc cc cc cc cc cc cc cc
0x000000018000c18b:   cc cc cc cc cc 48 85 c9 74 23 8b 05 ad ff 06 00
0x000000018000c19b:   89 01 8b 05 a9 ff 06 00 89 41 04 8b 05 a4 ff 06
0x000000018000c1ab:   00 89 41 08 8b 05 9f ff 06 00 89 41 0c f3 c3 cc
0x000000018000c1bb:   cc cc cc cc cc c6 01 01 c7 02 01 00 00 00 c3 cc
0x000000018000c1cb:   cc cc cc cc cc 48 89 5c 24 08 57 48 83 ec 70 48
0x000000018000c1db:   8b fa 8b d9 48 8d 15 82 73 05 00 48 8d 4c 24 20
0x000000018000c1eb:   45 33 c0 48 c7 44 24 40 0f 00 00 00 48 c7 44 24
0x000000018000c1fb:   38 00 00 00 00 c6 44 24 28 00 e8 d6 6b ff ff 4c
0x000000018000c20b:   8d 4c 24 20 48 8d 4c 24 48 41 b0 01 8b d3 e8 52
0x000000018000c21b:   06 02 00 48 83 78 20 10 72 06 48 8b 48 08 eb 05
0x000000018000c22b:   48 8d 48 08 90 0f b6 01 48 ff c7 48 ff c1 88 47
0x000000018000c23b:   ff 84 c0 75 f0 48 83 7c 24 68 10 72 0a 48 8b 4c
0x000000018000c24b:   24 50 e8 52 94 03 00 48 8b 9c 24 80 00 00 00 48
0x000000018000c25b:   83 c4 70 5f c3 48 83 ec 48 0f b6 c2 0f 57 c0 0f
0x000000018000c26b:   11 44 24 ff 25 00 00 00 00 2e 80 dd 40 f9 7f 00
0x000000018000c27b:   00 8b 44 24 04 0f af 04 24 89 04 24 8b 44 24 04
0x000000018000c28b:   0f af 04 24 83 c0 01 89 04 24 8b 44 24 04 0f af
0x000000018000c29b:   04 24 83 c0 02 89 04 24 8b 44 24 04 0f af 04 24
0x000000018000c2ab:   83 c0 03 89 04 24 8b 44 24 04 0f af 04 24 83 c0
0x000000018000c2bb:   04 89 04 24 8b 44 24 04 0f af 04 24 83 c0 05 89
0x000000018000c2cb:   04 24 8b 44 24 04 0f af 04 24 83 c0 06 89 04 24
0x000000018000c2db:   8b 44 24 04 0f af 04 24 83 c0 07 89 04 24 8b 44
0x000000018000c2eb:   24 04 0f af 04 24 83 c0 08 89 04 24 8b 44 24 04
0x000000018000c2fb:   0f af 04 24 83 c0 09 89 04 24 8b 44 24 04 0f af
0x000000018000c30b:   04 24 83 c0 0a 89 04 24 8b 44 24 04 0f af 04 24
0x000000018000c31b:   83 c0 0b 89 04 24 8b 44 24 04 0f af 04 24 83 c0
0x000000018000c32b:   0d 89 04 24 8b 44 24 04 0f af 04 24 83 c0 0e 89
0x000000018000c33b:   04 24 8b 44 24 04 0f af 04 24 83 c0 0f 89 04 24
0x000000018000c34b:   8b 44 24 04 0f af 04 24 83 c0 10 89 04 24 8b 44
0x000000018000c35b:   24 04 0f af 04 24 83 c0 11 89 04 24 8b 44 24 04
0x000000018000c36b:   0f af 04 24 83 c0 12 89 04 24 8b 44 24 04 0f af 


Stack slot to memory mapping:
stack at sp + 0 slots: 0x0 is NULL
stack at sp + 1 slots: 0x0 is NULL
stack at sp + 2 slots: 0x00000000000009b4 is an unknown value
stack at sp + 3 slots: 0x000000018001f4c2 ASProxy64.dll
stack at sp + 4 slots: 0x0000000180065ec8 ASProxy64.dll
stack at sp + 5 slots: 0x0000000000002736 is an unknown value
stack at sp + 6 slots: 0x000000000000000c is an unknown value
stack at sp + 7 slots: 0x00000000000009a4 is an unknown value


---------------  P R O C E S S  ---------------

Threads class SMR info:
_java_thread_list=0x000001d5168634a0, length=14, elements={
0x000001d4b60ecc20, 0x000001d4cfb13330, 0x000001d4cfb14a60, 0x000001d4cfb2ad20,
0x000001d4cfb2b8e0, 0x000001d4cfb2ee20, 0x000001d4cfb31760, 0x000001d4cfb34b40,
0x000001d4cfb46500, 0x000001d4cfb48a30, 0x000001d4cfc7bda0, 0x000001d4cfc806f0,
0x000001d51621da30, 0x000001d4cfd18c90
}

Java Threads: ( => current thread )
=>0x000001d4b60ecc20 JavaThread "main" [_thread_in_native, id=32180, stack(0x00000092b8900000,0x00000092b8a00000)]
  0x000001d4cfb13330 JavaThread "Reference Handler" daemon [_thread_blocked, id=16216, stack(0x00000092b9000000,0x00000092b9100000)]
  0x000001d4cfb14a60 JavaThread "Finalizer" daemon [_thread_blocked, id=34756, stack(0x00000092b9100000,0x00000092b9200000)]
  0x000001d4cfb2ad20 JavaThread "Signal Dispatcher" daemon [_thread_blocked, id=35760, stack(0x00000092b9200000,0x00000092b9300000)]
  0x000001d4cfb2b8e0 JavaThread "Attach Listener" daemon [_thread_blocked, id=18632, stack(0x00000092b9300000,0x00000092b9400000)]
  0x000001d4cfb2ee20 JavaThread "Service Thread" daemon [_thread_blocked, id=28812, stack(0x00000092b9400000,0x00000092b9500000)]
  0x000001d4cfb31760 JavaThread "Monitor Deflation Thread" daemon [_thread_blocked, id=23100, stack(0x00000092b9500000,0x00000092b9600000)]
  0x000001d4cfb34b40 JavaThread "C2 CompilerThread0" daemon [_thread_blocked, id=35896, stack(0x00000092b9600000,0x00000092b9700000)]
  0x000001d4cfb46500 JavaThread "C1 CompilerThread0" daemon [_thread_blocked, id=9432, stack(0x00000092b9700000,0x00000092b9800000)]
  0x000001d4cfb48a30 JavaThread "Sweeper thread" daemon [_thread_blocked, id=28220, stack(0x00000092b9800000,0x00000092b9900000)]
  0x000001d4cfc7bda0 JavaThread "Notification Thread" daemon [_thread_blocked, id=35992, stack(0x00000092b9900000,0x00000092b9a00000)]
  0x000001d4cfc806f0 JavaThread "Common-Cleaner" daemon [_thread_blocked, id=6924, stack(0x00000092b9b00000,0x00000092b9c00000)]
  0x000001d51621da30 JavaThread "pool-1-thread-1" [_thread_blocked, id=10208, stack(0x00000092baf00000,0x00000092bb000000)]
  0x000001d4cfd18c90 JavaThread "C2 CompilerThread1" daemon [_thread_blocked, id=25516, stack(0x00000092bb200000,0x00000092bb300000)]

Other Threads:
  0x000001d4cfb0e370 VMThread "VM Thread" [stack: 0x00000092b8f00000,0x00000092b9000000] [id=33484]
  0x000001d4cfc7e290 WatcherThread [stack: 0x00000092b9a00000,0x00000092b9b00000] [id=29616]
  0x000001d4b610fc00 GCTaskThread "GC Thread#0" [stack: 0x00000092b8a00000,0x00000092b8b00000] [id=9508]
  0x000001d4cfcff9d0 GCTaskThread "GC Thread#1" [stack: 0x00000092bac00000,0x00000092bad00000] [id=34104]
  0x000001d51571b420 GCTaskThread "GC Thread#2" [stack: 0x00000092bad00000,0x00000092bae00000] [id=25036]
  0x000001d4cfe33a60 GCTaskThread "GC Thread#3" [stack: 0x00000092bae00000,0x00000092baf00000] [id=13156]
  0x000001d5163fd780 GCTaskThread "GC Thread#4" [stack: 0x00000092ba400000,0x00000092ba500000] [id=5440]
  0x000001d5163fda40 GCTaskThread "GC Thread#5" [stack: 0x00000092bab00000,0x00000092bac00000] [id=15612]
  0x000001d5162fef60 GCTaskThread "GC Thread#6" [stack: 0x00000092bb000000,0x00000092bb100000] [id=30364]
  0x000001d4b6111350 ConcurrentGCThread "G1 Main Marker" [stack: 0x00000092b8b00000,0x00000092b8c00000] [id=36240]
  0x000001d4b6112a40 ConcurrentGCThread "G1 Conc#0" [stack: 0x00000092b8c00000,0x00000092b8d00000] [id=23852]
  0x000001d4b61908b0 ConcurrentGCThread "G1 Refine#0" [stack: 0x00000092b8d00000,0x00000092b8e00000] [id=24128]
  0x000001d4b6191180 ConcurrentGCThread "G1 Service" [stack: 0x00000092b8e00000,0x00000092b8f00000] [id=5672]

Threads with active compile tasks:

VM state: not at safepoint (normal execution)

VM Mutex/Monitor currently owned by a thread: None

Heap address: 0x00000000fc000000, size: 64 MB, Compressed Oops mode: 32-bit

CDS archive(s) mapped at: [0x000001d4d0000000-0x000001d4d0bb0000-0x000001d4d0bb0000), size 12255232, SharedBaseAddress: 0x000001d4d0000000, ArchiveRelocationMode: 1.
Compressed class space mapped at: 0x000001d4d1000000-0x000001d511000000, reserved size: 1073741824
Narrow klass base: 0x000001d4d0000000, Narrow klass shift: 0, Narrow klass range: 0x100000000

GC Precious Log:
 CPUs: 8 total, 8 available
 Memory: 32634M
 Large Page Support: Disabled
 NUMA Support: Disabled
 Compressed Oops: Enabled (32-bit)
 Heap Region Size: 1M
 Heap Min Capacity: 64M
 Heap Initial Capacity: 64M
 Heap Max Capacity: 64M
 Pre-touch: Disabled
 Parallel Workers: 8
 Concurrent Workers: 2
 Concurrent Refinement Workers: 8
 Periodic GC: Disabled

Heap:
 garbage-first heap   total 65536K, used 21799K [0x00000000fc000000, 0x0000000100000000)
  region size 1024K, 15 young (15360K), 4 survivors (4096K)
 Metaspace       used 9889K, committed 10112K, reserved 1114112K
  class space    used 1319K, committed 1408K, reserved 1048576K

Heap Regions: E=young(eden), S=young(survivor), O=old, HS=humongous(starts), HC=humongous(continues), CS=collection set, F=free, OA=open archive, CA=closed archive, TAMS=top-at-mark-start (previous, next)
|   0|0x00000000fc000000, 0x00000000fc100000, 0x00000000fc100000|100%| O|  |TAMS 0x00000000fc000000, 0x00000000fc000000| Untracked 
|   1|0x00000000fc100000, 0x00000000fc200000, 0x00000000fc200000|100%| O|  |TAMS 0x00000000fc100000, 0x00000000fc100000| Untracked 
|   2|0x00000000fc200000, 0x00000000fc300000, 0x00000000fc300000|100%|HS|  |TAMS 0x00000000fc200000, 0x00000000fc200000| Complete 
|   3|0x00000000fc300000, 0x00000000fc400000, 0x00000000fc400000|100%|HC|  |TAMS 0x00000000fc300000, 0x00000000fc300000| Complete 
|   4|0x00000000fc400000, 0x00000000fc500000, 0x00000000fc500000|100%|HC|  |TAMS 0x00000000fc400000, 0x00000000fc400000| Complete 
|   5|0x00000000fc500000, 0x00000000fc600000, 0x00000000fc600000|100%|HC|  |TAMS 0x00000000fc500000, 0x00000000fc500000| Complete 
|   6|0x00000000fc600000, 0x00000000fc700000, 0x00000000fc700000|100%| O|  |TAMS 0x00000000fc600000, 0x00000000fc600000| Untracked 
|   7|0x00000000fc700000, 0x00000000fc800000, 0x00000000fc800000|100%| O|  |TAMS 0x00000000fc700000, 0x00000000fc700000| Untracked 
|   8|0x00000000fc800000, 0x00000000fc849c00, 0x00000000fc900000| 28%| O|  |TAMS 0x00000000fc800000, 0x00000000fc800000| Untracked 
|   9|0x00000000fc900000, 0x00000000fc900000, 0x00000000fca00000|  0%| F|  |TAMS 0x00000000fc900000, 0x00000000fc900000| Untracked 
|  10|0x00000000fca00000, 0x00000000fca00000, 0x00000000fcb00000|  0%| F|  |TAMS 0x00000000fca00000, 0x00000000fca00000| Untracked 
|  11|0x00000000fcb00000, 0x00000000fcb00000, 0x00000000fcc00000|  0%| F|  |TAMS 0x00000000fcb00000, 0x00000000fcb00000| Untracked 
|  12|0x00000000fcc00000, 0x00000000fcc00000, 0x00000000fcd00000|  0%| F|  |TAMS 0x00000000fcc00000, 0x00000000fcc00000| Untracked 
|  13|0x00000000fcd00000, 0x00000000fcd00000, 0x00000000fce00000|  0%| F|  |TAMS 0x00000000fcd00000, 0x00000000fcd00000| Untracked 
|  14|0x00000000fce00000, 0x00000000fce00000, 0x00000000fcf00000|  0%| F|  |TAMS 0x00000000fce00000, 0x00000000fce00000| Untracked 
|  15|0x00000000fcf00000, 0x00000000fcf00000, 0x00000000fd000000|  0%| F|  |TAMS 0x00000000fcf00000, 0x00000000fcf00000| Untracked 
|  16|0x00000000fd000000, 0x00000000fd000000, 0x00000000fd100000|  0%| F|  |TAMS 0x00000000fd000000, 0x00000000fd000000| Untracked 
|  17|0x00000000fd100000, 0x00000000fd100000, 0x00000000fd200000|  0%| F|  |TAMS 0x00000000fd100000, 0x00000000fd100000| Untracked 
|  18|0x00000000fd200000, 0x00000000fd200000, 0x00000000fd300000|  0%| F|  |TAMS 0x00000000fd200000, 0x00000000fd200000| Untracked 
|  19|0x00000000fd300000, 0x00000000fd300000, 0x00000000fd400000|  0%| F|  |TAMS 0x00000000fd300000, 0x00000000fd300000| Untracked 
|  20|0x00000000fd400000, 0x00000000fd400000, 0x00000000fd500000|  0%| F|  |TAMS 0x00000000fd400000, 0x00000000fd400000| Untracked 
|  21|0x00000000fd500000, 0x00000000fd500000, 0x00000000fd600000|  0%| F|  |TAMS 0x00000000fd500000, 0x00000000fd500000| Untracked 
|  22|0x00000000fd600000, 0x00000000fd600000, 0x00000000fd700000|  0%| F|  |TAMS 0x00000000fd600000, 0x00000000fd600000| Untracked 
|  23|0x00000000fd700000, 0x00000000fd700000, 0x00000000fd800000|  0%| F|  |TAMS 0x00000000fd700000, 0x00000000fd700000| Untracked 
|  24|0x00000000fd800000, 0x00000000fd800000, 0x00000000fd900000|  0%| F|  |TAMS 0x00000000fd800000, 0x00000000fd800000| Untracked 
|  25|0x00000000fd900000, 0x00000000fd900000, 0x00000000fda00000|  0%| F|  |TAMS 0x00000000fd900000, 0x00000000fd900000| Untracked 
|  26|0x00000000fda00000, 0x00000000fda00000, 0x00000000fdb00000|  0%| F|  |TAMS 0x00000000fda00000, 0x00000000fda00000| Untracked 
|  27|0x00000000fdb00000, 0x00000000fdb00000, 0x00000000fdc00000|  0%| F|  |TAMS 0x00000000fdb00000, 0x00000000fdb00000| Untracked 
|  28|0x00000000fdc00000, 0x00000000fdc00000, 0x00000000fdd00000|  0%| F|  |TAMS 0x00000000fdc00000, 0x00000000fdc00000| Untracked 
|  29|0x00000000fdd00000, 0x00000000fdd00000, 0x00000000fde00000|  0%| F|  |TAMS 0x00000000fdd00000, 0x00000000fdd00000| Untracked 
|  30|0x00000000fde00000, 0x00000000fdf00000, 0x00000000fdf00000|100%| S|CS|TAMS 0x00000000fde00000, 0x00000000fde00000| Complete 
|  31|0x00000000fdf00000, 0x00000000fe000000, 0x00000000fe000000|100%| S|CS|TAMS 0x00000000fdf00000, 0x00000000fdf00000| Complete 
|  32|0x00000000fe000000, 0x00000000fe100000, 0x00000000fe100000|100%| S|CS|TAMS 0x00000000fe000000, 0x00000000fe000000| Complete 
|  33|0x00000000fe100000, 0x00000000fe200000, 0x00000000fe200000|100%| S|CS|TAMS 0x00000000fe100000, 0x00000000fe100000| Complete 
|  34|0x00000000fe200000, 0x00000000fe200000, 0x00000000fe300000|  0%| F|  |TAMS 0x00000000fe200000, 0x00000000fe200000| Untracked 
|  35|0x00000000fe300000, 0x00000000fe300000, 0x00000000fe400000|  0%| F|  |TAMS 0x00000000fe300000, 0x00000000fe300000| Untracked 
|  36|0x00000000fe400000, 0x00000000fe400000, 0x00000000fe500000|  0%| F|  |TAMS 0x00000000fe400000, 0x00000000fe400000| Untracked 
|  37|0x00000000fe500000, 0x00000000fe500000, 0x00000000fe600000|  0%| F|  |TAMS 0x00000000fe500000, 0x00000000fe500000| Untracked 
|  38|0x00000000fe600000, 0x00000000fe600000, 0x00000000fe700000|  0%| F|  |TAMS 0x00000000fe600000, 0x00000000fe600000| Untracked 
|  39|0x00000000fe700000, 0x00000000fe700000, 0x00000000fe800000|  0%| F|  |TAMS 0x00000000fe700000, 0x00000000fe700000| Untracked 
|  40|0x00000000fe800000, 0x00000000fe800000, 0x00000000fe900000|  0%| F|  |TAMS 0x00000000fe800000, 0x00000000fe800000| Untracked 
|  41|0x00000000fe900000, 0x00000000fe900000, 0x00000000fea00000|  0%| F|  |TAMS 0x00000000fe900000, 0x00000000fe900000| Untracked 
|  42|0x00000000fea00000, 0x00000000fea00000, 0x00000000feb00000|  0%| F|  |TAMS 0x00000000fea00000, 0x00000000fea00000| Untracked 
|  43|0x00000000feb00000, 0x00000000feb00000, 0x00000000fec00000|  0%| F|  |TAMS 0x00000000feb00000, 0x00000000feb00000| Untracked 
|  44|0x00000000fec00000, 0x00000000fec00000, 0x00000000fed00000|  0%| F|  |TAMS 0x00000000fec00000, 0x00000000fec00000| Untracked 
|  45|0x00000000fed00000, 0x00000000fed00000, 0x00000000fee00000|  0%| F|  |TAMS 0x00000000fed00000, 0x00000000fed00000| Untracked 
|  46|0x00000000fee00000, 0x00000000fee00000, 0x00000000fef00000|  0%| F|  |TAMS 0x00000000fee00000, 0x00000000fee00000| Untracked 
|  47|0x00000000fef00000, 0x00000000fef00000, 0x00000000ff000000|  0%| F|  |TAMS 0x00000000fef00000, 0x00000000fef00000| Untracked 
|  48|0x00000000ff000000, 0x00000000ff000000, 0x00000000ff100000|  0%| F|  |TAMS 0x00000000ff000000, 0x00000000ff000000| Untracked 
|  49|0x00000000ff100000, 0x00000000ff100000, 0x00000000ff200000|  0%| F|  |TAMS 0x00000000ff100000, 0x00000000ff100000| Untracked 
|  50|0x00000000ff200000, 0x00000000ff200000, 0x00000000ff300000|  0%| F|  |TAMS 0x00000000ff200000, 0x00000000ff200000| Untracked 
|  51|0x00000000ff300000, 0x00000000ff300000, 0x00000000ff400000|  0%| F|  |TAMS 0x00000000ff300000, 0x00000000ff300000| Untracked 
|  52|0x00000000ff400000, 0x00000000ff400000, 0x00000000ff500000|  0%| F|  |TAMS 0x00000000ff400000, 0x00000000ff400000| Untracked 
|  53|0x00000000ff500000, 0x00000000ff57ee08, 0x00000000ff600000| 49%| E|  |TAMS 0x00000000ff500000, 0x00000000ff500000| Complete 
|  54|0x00000000ff600000, 0x00000000ff700000, 0x00000000ff700000|100%| E|CS|TAMS 0x00000000ff600000, 0x00000000ff600000| Complete 
|  55|0x00000000ff700000, 0x00000000ff800000, 0x00000000ff800000|100%| E|CS|TAMS 0x00000000ff700000, 0x00000000ff700000| Complete 
|  56|0x00000000ff800000, 0x00000000ff900000, 0x00000000ff900000|100%| E|CS|TAMS 0x00000000ff800000, 0x00000000ff800000| Complete 
|  57|0x00000000ff900000, 0x00000000ffa00000, 0x00000000ffa00000|100%| E|CS|TAMS 0x00000000ff900000, 0x00000000ff900000| Complete 
|  58|0x00000000ffa00000, 0x00000000ffb00000, 0x00000000ffb00000|100%| E|CS|TAMS 0x00000000ffa00000, 0x00000000ffa00000| Complete 
|  59|0x00000000ffb00000, 0x00000000ffc00000, 0x00000000ffc00000|100%| E|  |TAMS 0x00000000ffb00000, 0x00000000ffb00000| Complete 
|  60|0x00000000ffc00000, 0x00000000ffd00000, 0x00000000ffd00000|100%| E|CS|TAMS 0x00000000ffc00000, 0x00000000ffc00000| Complete 
|  61|0x00000000ffd00000, 0x00000000ffe00000, 0x00000000ffe00000|100%| E|CS|TAMS 0x00000000ffd00000, 0x00000000ffd00000| Complete 
|  62|0x00000000ffe00000, 0x00000000fff00000, 0x00000000fff00000|100%| E|CS|TAMS 0x00000000ffe00000, 0x00000000ffe00000| Complete 
|  63|0x00000000fff00000, 0x0000000100000000, 0x0000000100000000|100%| E|CS|TAMS 0x00000000fff00000, 0x00000000fff00000| Complete 

Card table byte_map: [0x000001d4b5fd0000,0x000001d4b5ff0000] _byte_map_base: 0x000001d4b57f0000

Marking Bits (Prev, Next): (CMBitMap*) 0x000001d4b6110220, (CMBitMap*) 0x000001d4b6110260
 Prev Bits: [0x000001d4ccf50000, 0x000001d4cd050000)
 Next Bits: [0x000001d4cd050000, 0x000001d4cd150000)

Polling page: 0x000001d4b3f80000

Metaspace:

Usage:
  Non-class:      8.37 MB used.
      Class:      1.29 MB used.
       Both:      9.66 MB used.

Virtual space:
  Non-class space:       64.00 MB reserved,       8.50 MB ( 13%) committed,  1 nodes.
      Class space:        1.00 GB reserved,       1.38 MB ( <1%) committed,  1 nodes.
             Both:        1.06 GB reserved,       9.88 MB ( <1%) committed. 

Chunk freelists:
   Non-Class:  7.33 MB
       Class:  14.58 MB
        Both:  21.91 MB

MaxMetaspaceSize: unlimited
CompressedClassSpaceSize: 1.00 GB
Initial GC threshold: 21.00 MB
Current GC threshold: 21.00 MB
CDS: on
MetaspaceReclaimPolicy: balanced
 - commit_granule_bytes: 65536.
 - commit_granule_words: 8192.
 - virtual_space_node_default_size: 8388608.
 - enlarge_chunks_in_place: 1.
 - new_chunks_are_fully_committed: 0.
 - uncommit_free_chunks: 1.
 - use_allocation_guard: 0.
 - handle_deallocations: 1.


Internal statistics:

num_allocs_failed_limit: 0.
num_arena_births: 82.
num_arena_deaths: 0.
num_vsnodes_births: 2.
num_vsnodes_deaths: 0.
num_space_committed: 158.
num_space_uncommitted: 0.
num_chunks_returned_to_freelist: 0.
num_chunks_taken_from_freelist: 347.
num_chunk_merges: 0.
num_chunk_splits: 240.
num_chunks_enlarged: 202.
num_inconsistent_stats: 0.

CodeHeap 'non-profiled nmethods': size=120000Kb used=755Kb max_used=755Kb free=119244Kb
 bounds [0x000001d4c56f0000, 0x000001d4c5960000, 0x000001d4ccc20000]
CodeHeap 'profiled nmethods': size=120000Kb used=2800Kb max_used=2800Kb free=117199Kb
 bounds [0x000001d4bdc20000, 0x000001d4bdee0000, 0x000001d4c5150000]
CodeHeap 'non-nmethods': size=5760Kb used=1180Kb max_used=1205Kb free=4579Kb
 bounds [0x000001d4c5150000, 0x000001d4c53c0000, 0x000001d4c56f0000]
 total_blobs=2000 nmethods=1520 adapters=393
 compilation: enabled
              stopped_count=0, restarted_count=0
 full_count=0

Compilation events (20 events):
Event: 4.352 Thread 0x000001d4cfb46500 1512       3       java.util.HashMap$EntryIterator::<init> (11 bytes)
Event: 4.352 Thread 0x000001d4cfb46500 nmethod 1512 0x000001d4bded5c10 code [0x000001d4bded5dc0, 0x000001d4bded5f48]
Event: 4.352 Thread 0x000001d4cfb46500 1513       3       java.util.HashMap::entrySet (27 bytes)
Event: 4.352 Thread 0x000001d4cfb46500 nmethod 1513 0x000001d4bded6010 code [0x000001d4bded61e0, 0x000001d4bded65f8]
Event: 4.352 Thread 0x000001d4cfb46500 1514       3       java.security.Provider$UString::hashCode (8 bytes)
Event: 4.353 Thread 0x000001d4cfb46500 nmethod 1514 0x000001d4bded6790 code [0x000001d4bded6940, 0x000001d4bded6a88]
Event: 4.354 Thread 0x000001d4cfb46500 1515       3       jdk.internal.jimage.ImageStringsReader::match (11 bytes)
Event: 4.354 Thread 0x000001d4cfb46500 nmethod 1515 0x000001d4bded6b90 code [0x000001d4bded6d40, 0x000001d4bded6f08]
Event: 4.354 Thread 0x000001d4cfb46500 1516       3       jdk.internal.jimage.BasicImageReader::match (37 bytes)
Event: 4.354 Thread 0x000001d4cfb46500 nmethod 1516 0x000001d4bded7010 code [0x000001d4bded71e0, 0x000001d4bded7478]
Event: 4.359 Thread 0x000001d4cfb46500 1517       3       java.lang.Integer::hashCode (8 bytes)
Event: 4.359 Thread 0x000001d4cfb46500 nmethod 1517 0x000001d4bded7590 code [0x000001d4bded7720, 0x000001d4bded7878]
Event: 4.365 Thread 0x000001d4cfd18c90 1518       4       java.lang.invoke.VarHandleByteArrayAsInts$ArrayHandle::get (36 bytes)
Event: 4.366 Thread 0x000001d4cfd18c90 nmethod 1518 0x000001d4c57aa410 code [0x000001d4c57aa5a0, 0x000001d4c57aa6d8]
Event: 4.366 Thread 0x000001d4cfb46500 1519       3       java.io.FileDescriptor::<init> (17 bytes)
Event: 4.366 Thread 0x000001d4cfb46500 nmethod 1519 0x000001d4bded7910 code [0x000001d4bded7aa0, 0x000001d4bded7c18]
Event: 4.367 Thread 0x000001d4cfb46500 1520       3       java.lang.invoke.VarHandleGuards::guard_LII_V (137 bytes)
Event: 4.369 Thread 0x000001d4cfb46500 nmethod 1520 0x000001d4bded7d10 code [0x000001d4bded8160, 0x000001d4bdedac78]
Event: 4.369 Thread 0x000001d4cfb46500 1521       3       java.lang.invoke.VarHandleByteArrayAsInts$ArrayHandle::set (39 bytes)
Event: 4.369 Thread 0x000001d4cfb46500 nmethod 1521 0x000001d4bdedb890 code [0x000001d4bdedba80, 0x000001d4bdedbfb8]

GC Heap History (4 events):
Event: 0.607 GC heap before
{Heap before GC invocations=0 (full 0):
 garbage-first heap   total 65536K, used 22528K [0x00000000fc000000, 0x0000000100000000)
  region size 1024K, 23 young (23552K), 0 survivors (0K)
 Metaspace       used 1833K, committed 1920K, reserved 1114112K
  class space    used 161K, committed 192K, reserved 1048576K
}
Event: 0.611 GC heap after
{Heap after GC invocations=1 (full 0):
 garbage-first heap   total 65536K, used 4160K [0x00000000fc000000, 0x0000000100000000)
  region size 1024K, 3 young (3072K), 3 survivors (3072K)
 Metaspace       used 1833K, committed 1920K, reserved 1114112K
  class space    used 161K, committed 192K, reserved 1048576K
}
Event: 1.421 GC heap before
{Heap before GC invocations=1 (full 0):
 garbage-first heap   total 65536K, used 34880K [0x00000000fc000000, 0x0000000100000000)
  region size 1024K, 30 young (30720K), 3 survivors (3072K)
 Metaspace       used 7780K, committed 8000K, reserved 1114112K
  class space    used 1066K, committed 1152K, reserved 1048576K
}
Event: 1.425 GC heap after
{Heap after GC invocations=2 (full 0):
 garbage-first heap   total 65536K, used 12583K [0x00000000fc000000, 0x0000000100000000)
  region size 1024K, 4 young (4096K), 4 survivors (4096K)
 Metaspace       used 7780K, committed 8000K, reserved 1114112K
  class space    used 1066K, committed 1152K, reserved 1048576K
}

Dll operation events (13 events):
Event: 0.008 Loaded shared library C:\Program Files\Microsoft\jdk-17.0.14.7-hotspot\bin\java.dll
Event: 0.022 Loaded shared library C:\Program Files\Microsoft\jdk-17.0.14.7-hotspot\bin\jsvml.dll
Event: 0.056 Loaded shared library C:\Program Files\Microsoft\jdk-17.0.14.7-hotspot\bin\net.dll
Event: 0.092 Loaded shared library C:\Program Files\Microsoft\jdk-17.0.14.7-hotspot\bin\nio.dll
Event: 0.095 Loaded shared library C:\Program Files\Microsoft\jdk-17.0.14.7-hotspot\bin\zip.dll
Event: 0.099 Loaded shared library C:\Program Files\Microsoft\jdk-17.0.14.7-hotspot\bin\verify.dll
Event: 0.476 Loaded shared library C:\Program Files\Microsoft\jdk-17.0.14.7-hotspot\bin\jimage.dll
Event: 1.030 Loaded shared library C:\Users\Administrator\.gradle\native\c067742578af261105cb4f569cf0c3c89f3d7b1fecec35dd04571415982c5e48\windows-amd64\native-platform.dll
Event: 1.052 Loaded shared library C:\Users\Administrator\.gradle\native\jansi\1.18\windows64\jansi.dll
Event: 1.212 Loaded shared library C:\Program Files\Microsoft\jdk-17.0.14.7-hotspot\bin\management.dll
Event: 1.214 Loaded shared library C:\Program Files\Microsoft\jdk-17.0.14.7-hotspot\bin\management_ext.dll
Event: 1.572 Loaded shared library C:\Program Files\Microsoft\jdk-17.0.14.7-hotspot\bin\extnet.dll
Event: 4.331 Loaded shared library C:\Program Files\Microsoft\jdk-17.0.14.7-hotspot\bin\sunmscapi.dll

Deoptimization events (20 events):
Event: 1.737 Thread 0x000001d516202d80 Uncommon trap: trap_request=0xffffff45 fr.pc=0x000001d4c57376e8 relative=0x0000000000000528
Event: 1.737 Thread 0x000001d516202d80 Uncommon trap: reason=unstable_if action=reinterpret pc=0x000001d4c57376e8 method=java.lang.AbstractStringBuilder.putStringAt(ILjava/lang/String;II)V @ 8 c2
Event: 1.737 Thread 0x000001d516202d80 DEOPT PACKING pc=0x000001d4c57376e8 sp=0x00000092bb2fede0
Event: 1.737 Thread 0x000001d516202d80 DEOPT UNPACKING pc=0x000001d4c51a69a3 sp=0x00000092bb2fec68 mode 2
Event: 1.737 Thread 0x000001d516202d80 Uncommon trap: trap_request=0xffffff45 fr.pc=0x000001d4c5756950 relative=0x0000000000000510
Event: 1.737 Thread 0x000001d516202d80 Uncommon trap: reason=unstable_if action=reinterpret pc=0x000001d4c5756950 method=java.lang.AbstractStringBuilder.putStringAt(ILjava/lang/String;II)V @ 8 c2
Event: 1.737 Thread 0x000001d516202d80 DEOPT PACKING pc=0x000001d4c5756950 sp=0x00000092bb2fed70
Event: 1.737 Thread 0x000001d516202d80 DEOPT UNPACKING pc=0x000001d4c51a69a3 sp=0x00000092bb2fec60 mode 2
Event: 1.737 Thread 0x000001d516202d80 Uncommon trap: trap_request=0xffffff45 fr.pc=0x000001d4c5762920 relative=0x0000000000000400
Event: 1.737 Thread 0x000001d516202d80 Uncommon trap: reason=unstable_if action=reinterpret pc=0x000001d4c5762920 method=java.lang.AbstractStringBuilder.isLatin1()Z @ 10 c2
Event: 1.737 Thread 0x000001d516202d80 DEOPT PACKING pc=0x000001d4c5762920 sp=0x00000092bb2fedf0
Event: 1.737 Thread 0x000001d516202d80 DEOPT UNPACKING pc=0x000001d4c51a69a3 sp=0x00000092bb2fed70 mode 2
Event: 4.297 Thread 0x000001d516202d80 Uncommon trap: trap_request=0xffffff45 fr.pc=0x000001d4c56ffa04 relative=0x0000000000000084
Event: 4.297 Thread 0x000001d516202d80 Uncommon trap: reason=unstable_if action=reinterpret pc=0x000001d4c56ffa04 method=java.lang.String.codePointAt(I)I @ 4 c2
Event: 4.297 Thread 0x000001d516202d80 DEOPT PACKING pc=0x000001d4c56ffa04 sp=0x00000092bb2fed60
Event: 4.297 Thread 0x000001d516202d80 DEOPT UNPACKING pc=0x000001d4c51a69a3 sp=0x00000092bb2fecf8 mode 2
Event: 4.302 Thread 0x000001d516202d80 Uncommon trap: trap_request=0xffffff45 fr.pc=0x000001d4c57789a8 relative=0x0000000000000ee8
Event: 4.302 Thread 0x000001d516202d80 Uncommon trap: reason=unstable_if action=reinterpret pc=0x000001d4c57789a8 method=java.util.concurrent.ConcurrentHashMap.putVal(Ljava/lang/Object;Ljava/lang/Object;Z)Ljava/lang/Object; @ 97 c2
Event: 4.302 Thread 0x000001d516202d80 DEOPT PACKING pc=0x000001d4c57789a8 sp=0x00000092bb2fe2e0
Event: 4.302 Thread 0x000001d516202d80 DEOPT UNPACKING pc=0x000001d4c51a69a3 sp=0x00000092bb2fe268 mode 2

Classes loaded (20 events):
Event: 4.362 Loading class sun/security/provider/certpath/ldap/JdkLDAP$ProviderService
Event: 4.362 Loading class sun/security/provider/certpath/ldap/JdkLDAP$ProviderService done
Event: 4.364 Loading class java/nio/channels/ServerSocketChannel
Event: 4.364 Loading class java/nio/channels/ServerSocketChannel done
Event: 4.364 Loading class sun/nio/ch/ServerSocketChannelImpl
Event: 4.364 Loading class sun/nio/ch/ServerSocketChannelImpl done
Event: 4.367 Loading class sun/nio/ch/Util$BufferCache
Event: 4.367 Loading class sun/nio/ch/Util$BufferCache done
Event: 4.368 Loading class sun/nio/ch/IOStatus
Event: 4.368 Loading class sun/nio/ch/IOStatus done
Event: 4.368 Loading class java/nio/BufferMismatch
Event: 4.368 Loading class java/nio/BufferMismatch done
Event: 4.368 Loading class sun/nio/ch/SourceChannelImpl
Event: 4.368 Loading class java/nio/channels/Pipe$SourceChannel
Event: 4.368 Loading class java/nio/channels/Pipe$SourceChannel done
Event: 4.368 Loading class sun/nio/ch/SourceChannelImpl done
Event: 4.368 Loading class sun/nio/ch/SinkChannelImpl
Event: 4.369 Loading class java/nio/channels/Pipe$SinkChannel
Event: 4.369 Loading class java/nio/channels/Pipe$SinkChannel done
Event: 4.369 Loading class sun/nio/ch/SinkChannelImpl done

Classes unloaded (0 events):
No events

Classes redefined (0 events):
No events

Internal exceptions (20 events):
Event: 1.000 Thread 0x000001d4b60ecc20 Exception <a 'java/lang/NoSuchMethodError'{0x00000000ff4be860}: 'java.lang.Object java.lang.invoke.DirectMethodHandle$Holder.invokeStatic(java.lang.Object, java.lang.Object, int)'> (0x00000000ff4be860) 
thrown [s\src\hotspot\share\interpreter\linkResolver.cpp, line 759]
Event: 1.002 Thread 0x000001d4b60ecc20 Exception <a 'java/lang/NoSuchMethodError'{0x00000000ff4ca550}: 'void java.lang.invoke.DelegatingMethodHandle$Holder.delegate(java.lang.Object, java.lang.Object, int, java.lang.Object)'> (0x00000000ff4ca550) 
thrown [s\src\hotspot\share\interpreter\linkResolver.cpp, line 759]
Event: 1.003 Thread 0x000001d4b60ecc20 Exception <a 'java/lang/NoSuchMethodError'{0x00000000ff4ce588}: 'int java.lang.invoke.DirectMethodHandle$Holder.invokeSpecial(java.lang.Object, java.lang.Object, java.lang.Object)'> (0x00000000ff4ce588) 
thrown [s\src\hotspot\share\interpreter\linkResolver.cpp, line 759]
Event: 1.006 Thread 0x000001d4b60ecc20 Exception <a 'java/lang/NoSuchMethodError'{0x00000000ff4e1698}: 'java.lang.Object java.lang.invoke.Invokers$Holder.invokeExact_MT(java.lang.Object, java.lang.Object, java.lang.Object, java.lang.Object)'> (0x00000000ff4e1698) 
thrown [s\src\hotspot\share\interpreter\linkResolver.cpp, line 759]
Event: 1.017 Thread 0x000001d4b60ecc20 Exception <a 'java/lang/NoSuchMethodError'{0x00000000ff31ba58}: 'java.lang.Object java.lang.invoke.DirectMethodHandle$Holder.invokeVirtual(java.lang.Object, java.lang.Object, java.lang.Object)'> (0x00000000ff31ba58) 
thrown [s\src\hotspot\share\interpreter\linkResolver.cpp, line 759]
Event: 1.114 Thread 0x000001d4b60ecc20 Exception <a 'java/lang/NoSuchMethodError'{0x00000000fef662f0}: 'java.lang.Object java.lang.invoke.DirectMethodHandle$Holder.newInvokeSpecial(java.lang.Object, java.lang.Object, java.lang.Object, java.lang.Object, java.lang.Object)'> (0x00000000fef662f0) 
thrown [s\src\hotspot\share\interpreter\linkResolver.cpp, line 759]
Event: 1.176 Thread 0x000001d4b60ecc20 Exception <a 'java/lang/NoSuchMethodError'{0x00000000fec37510}: 'void java.lang.invoke.DirectMethodHandle$Holder.invokeSpecial(java.lang.Object, java.lang.Object, java.lang.Object)'> (0x00000000fec37510) 
thrown [s\src\hotspot\share\interpreter\linkResolver.cpp, line 759]
Event: 1.184 Thread 0x000001d4b60ecc20 Implicit null exception at 0x000001d4c575560f to 0x000001d4c5755b80
Event: 1.184 Thread 0x000001d4b60ecc20 Implicit null exception at 0x000001d4c573ad0f to 0x000001d4c573b298
Event: 1.209 Thread 0x000001d4b60ecc20 Exception <a 'java/lang/NoSuchMethodError'{0x00000000febf3050}: 'java.lang.Object java.lang.invoke.DirectMethodHandle$Holder.invokeStaticInit(java.lang.Object)'> (0x00000000febf3050) 
thrown [s\src\hotspot\share\interpreter\linkResolver.cpp, line 759]
Event: 1.236 Thread 0x000001d4b60ecc20 Exception <a 'java/lang/NoSuchMethodError'{0x00000000fea95568}: 'int java.lang.invoke.DirectMethodHandle$Holder.invokeVirtual(java.lang.Object, java.lang.Object, java.lang.Object)'> (0x00000000fea95568) 
thrown [s\src\hotspot\share\interpreter\linkResolver.cpp, line 759]
Event: 1.300 Thread 0x000001d4b60ecc20 Exception <a 'java/lang/NoSuchMethodError'{0x00000000fe5e9830}: 'java.lang.Object java.lang.invoke.DirectMethodHandle$Holder.invokeSpecialIFC(java.lang.Object, java.lang.Object, java.lang.Object, java.lang.Object)'> (0x00000000fe5e9830) 
thrown [s\src\hotspot\share\interpreter\linkResolver.cpp, line 759]
Event: 1.359 Thread 0x000001d4b60ecc20 Exception <a 'java/lang/NoSuchMethodError'{0x00000000fe2b5fd0}: 'java.lang.Object java.lang.invoke.DirectMethodHandle$Holder.invokeStaticInit(java.lang.Object, int, int, int, int)'> (0x00000000fe2b5fd0) 
thrown [s\src\hotspot\share\interpreter\linkResolver.cpp, line 759]
Event: 1.431 Thread 0x000001d4b60ecc20 Exception <a 'java/lang/NoSuchMethodError'{0x00000000fffbe1f0}: 'java.lang.Object java.lang.invoke.DirectMethodHandle$Holder.invokeStaticInit(java.lang.Object, java.lang.Object, int, int, int, int)'> (0x00000000fffbe1f0) 
thrown [s\src\hotspot\share\interpreter\linkResolver.cpp, line 759]
Event: 1.573 Thread 0x000001d4b60ecc20 Exception <a 'java/lang/NoSuchMethodError'{0x00000000ffff0fd8}: 'void java.lang.invoke.DirectMethodHandle$Holder.invokeStatic(java.lang.Object, java.lang.Object, java.lang.Object)'> (0x00000000ffff0fd8) 
thrown [s\src\hotspot\share\interpreter\linkResolver.cpp, line 759]
Event: 1.716 Thread 0x000001d516202d80 Exception <a 'java/lang/NoSuchMethodError'{0x00000000ff70ebb8}: 'void java.lang.invoke.DirectMethodHandle$Holder.invokeStatic(java.lang.Object, long)'> (0x00000000ff70ebb8) 
thrown [s\src\hotspot\share\interpreter\linkResolver.cpp, line 759]
Event: 1.717 Thread 0x000001d516202d80 Exception <a 'java/lang/NoSuchMethodError'{0x00000000ff714510}: 'java.lang.Object java.lang.invoke.DirectMethodHandle$Holder.newInvokeSpecial(java.lang.Object, long)'> (0x00000000ff714510) 
thrown [s\src\hotspot\share\interpreter\linkResolver.cpp, line 759]
Event: 1.719 Thread 0x000001d516202d80 Exception <a 'java/lang/NoSuchMethodError'{0x00000000ff71f0a8}: 'java.lang.Object java.lang.invoke.DirectMethodHandle$Holder.invokeStaticInit(java.lang.Object, java.lang.Object, long, java.lang.Object)'> (0x00000000ff71f0a8) 
thrown [s\src\hotspot\share\interpreter\linkResolver.cpp, line 759]
Event: 1.720 Thread 0x000001d516202d80 Exception <a 'java/lang/NoSuchMethodError'{0x00000000ff725730}: 'java.lang.Object java.lang.invoke.DirectMethodHandle$Holder.newInvokeSpecial(java.lang.Object, java.lang.Object, long)'> (0x00000000ff725730) 
thrown [s\src\hotspot\share\interpreter\linkResolver.cpp, line 759]
Event: 1.720 Thread 0x000001d516202d80 Exception <a 'java/lang/NoSuchMethodError'{0x00000000ff729a20}: 'java.lang.Object java.lang.invoke.Invokers$Holder.linkToTargetMethod(java.lang.Object, long, java.lang.Object)'> (0x00000000ff729a20) 
thrown [s\src\hotspot\share\interpreter\linkResolver.cpp, line 759]

VM Operations (20 events):
Event: 1.195 Executing VM operation: HandshakeAllThreads
Event: 1.195 Executing VM operation: HandshakeAllThreads done
Event: 1.225 Executing VM operation: HandshakeAllThreads
Event: 1.225 Executing VM operation: HandshakeAllThreads done
Event: 1.310 Executing VM operation: HandshakeAllThreads
Event: 1.310 Executing VM operation: HandshakeAllThreads done
Event: 1.418 Executing VM operation: HandshakeAllThreads
Event: 1.418 Executing VM operation: HandshakeAllThreads done
Event: 1.421 Executing VM operation: G1CollectForAllocation
Event: 1.425 Executing VM operation: G1CollectForAllocation done
Event: 1.736 Executing VM operation: HandshakeAllThreads
Event: 1.736 Executing VM operation: HandshakeAllThreads done
Event: 1.776 Executing VM operation: HandshakeAllThreads
Event: 1.776 Executing VM operation: HandshakeAllThreads done
Event: 2.789 Executing VM operation: Cleanup
Event: 2.789 Executing VM operation: Cleanup done
Event: 3.791 Executing VM operation: Cleanup
Event: 3.791 Executing VM operation: Cleanup done
Event: 4.336 Executing VM operation: HandshakeAllThreads
Event: 4.337 Executing VM operation: HandshakeAllThreads done

Memory protections (0 events):
No events

Nmethod flushes (0 events):
No events

Events (20 events):
Event: 0.034 Thread 0x000001d4b60ecc20 Thread added: 0x000001d4cfb31760
Event: 0.034 Thread 0x000001d4b60ecc20 Thread added: 0x000001d4cfb34b40
Event: 0.034 Thread 0x000001d4b60ecc20 Thread added: 0x000001d4cfb46500
Event: 0.035 Thread 0x000001d4b60ecc20 Thread added: 0x000001d4cfb48a30
Event: 0.051 Thread 0x000001d4b60ecc20 Thread added: 0x000001d4cfc7bda0
Event: 0.053 Thread 0x000001d4b60ecc20 Thread added: 0x000001d4cfc806f0
Event: 0.471 Thread 0x000001d4cfb46500 Thread added: 0x000001d4cfd16cb0
Event: 0.472 Thread 0x000001d4cfb34b40 Thread added: 0x000001d4cfd17750
Event: 1.072 Thread 0x000001d4b60ecc20 Thread added: 0x000001d51621da30
Event: 1.365 Thread 0x000001d4cfd17750 Thread exited: 0x000001d4cfd17750
Event: 1.417 Thread 0x000001d4cfd16cb0 Thread exited: 0x000001d4cfd16cb0
Event: 1.654 Thread 0x000001d4cfb46500 Thread added: 0x000001d4cfd18740
Event: 1.704 Thread 0x000001d4b60ecc20 Thread added: 0x000001d516202d80
Event: 1.722 Thread 0x000001d516202d80 Thread added: 0x000001d5168a4900
Event: 1.723 Thread 0x000001d516202d80 Thread added: 0x000001d5168a51f0
Event: 1.723 Thread 0x000001d5168a4900 Thread exited: 0x000001d5168a4900
Event: 1.884 Thread 0x000001d4cfd18740 Thread exited: 0x000001d4cfd18740
Event: 4.302 Thread 0x000001d5168a51f0 Thread exited: 0x000001d5168a51f0
Event: 4.302 Thread 0x000001d516202d80 Thread exited: 0x000001d516202d80
Event: 4.343 Thread 0x000001d4cfb46500 Thread added: 0x000001d4cfd18c90


Dynamic libraries:
0x00007ff7cb2f0000 - 0x00007ff7cb2fe000 	C:\Program Files\Microsoft\jdk-17.0.14.7-hotspot\bin\java.exe
0x00007ff9410e0000 - 0x00007ff941343000 	C:\Windows\SYSTEM32\ntdll.dll
0x00007ff940da0000 - 0x00007ff940e67000 	C:\Windows\System32\KERNEL32.DLL
0x00007ff93e710000 - 0x00007ff93ead9000 	C:\Windows\System32\KERNELBASE.dll
0x00007ff93ed10000 - 0x00007ff93ee5c000 	C:\Windows\System32\ucrtbase.dll
0x00007ff90ff00000 - 0x00007ff90ff1d000 	C:\Program Files\Microsoft\jdk-17.0.14.7-hotspot\bin\VCRUNTIME140.dll
0x00007ff9022a0000 - 0x00007ff9022b7000 	C:\Program Files\Microsoft\jdk-17.0.14.7-hotspot\bin\jli.dll
0x00007ff940840000 - 0x00007ff940a0a000 	C:\Windows\System32\USER32.dll
0x00007ff93e370000 - 0x00007ff93e397000 	C:\Windows\System32\win32u.dll
0x00007ff941070000 - 0x00007ff94109a000 	C:\Windows\System32\GDI32.dll
0x00007ff927ef0000 - 0x00007ff928180000 	C:\Windows\WinSxS\amd64_microsoft.windows.common-controls_6595b64144ccf1df_6.0.26100.3323_none_3e088096e3344490\COMCTL32.dll
0x00007ff93e3a0000 - 0x00007ff93e4d1000 	C:\Windows\System32\gdi32full.dll
0x00007ff93e4e0000 - 0x00007ff93e583000 	C:\Windows\System32\msvcp_win.dll
0x00007ff93f1d0000 - 0x00007ff93f279000 	C:\Windows\System32\msvcrt.dll
0x00007ff940e70000 - 0x00007ff940e9f000 	C:\Windows\System32\IMM32.DLL
0x00007ff90fef0000 - 0x00007ff90fefc000 	C:\Program Files\Microsoft\jdk-17.0.14.7-hotspot\bin\vcruntime140_1.dll
0x00007ff8e1ba0000 - 0x00007ff8e1c2d000 	C:\Program Files\Microsoft\jdk-17.0.14.7-hotspot\bin\msvcp140.dll
0x00007ff8576c0000 - 0x00007ff858332000 	C:\Program Files\Microsoft\jdk-17.0.14.7-hotspot\bin\server\jvm.dll
0x00007ff940eb0000 - 0x00007ff940f62000 	C:\Windows\System32\ADVAPI32.dll
0x00007ff93efc0000 - 0x00007ff93f066000 	C:\Windows\System32\sechost.dll
0x00007ff940360000 - 0x00007ff940476000 	C:\Windows\System32\RPCRT4.dll
0x00007ff9406e0000 - 0x00007ff940754000 	C:\Windows\System32\WS2_32.dll
0x00007ff9365c0000 - 0x00007ff9365cb000 	C:\Windows\SYSTEM32\VERSION.dll
0x00007ff93dbe0000 - 0x00007ff93dc2e000 	C:\Windows\SYSTEM32\POWRPROF.dll
0x00007ff92aa60000 - 0x00007ff92aa96000 	C:\Windows\SYSTEM32\WINMM.dll
0x00007ff93db90000 - 0x00007ff93dba4000 	C:\Windows\SYSTEM32\UMPDC.dll
0x00007ff93d0c0000 - 0x00007ff93d0da000 	C:\Windows\SYSTEM32\kernel.appcore.dll
0x00007ff902290000 - 0x00007ff90229a000 	C:\Program Files\Microsoft\jdk-17.0.14.7-hotspot\bin\jimage.dll
0x00007ff93ba40000 - 0x00007ff93bc81000 	C:\Windows\SYSTEM32\DBGHELP.DLL
0x00007ff940a10000 - 0x00007ff940d92000 	C:\Windows\System32\combase.dll
0x00007ff940760000 - 0x00007ff940836000 	C:\Windows\System32\OLEAUT32.dll
0x00007ff936bd0000 - 0x00007ff936c09000 	C:\Windows\SYSTEM32\dbgcore.DLL
0x00007ff93ee60000 - 0x00007ff93eef9000 	C:\Windows\System32\bcryptPrimitives.dll
0x00007ff8e9c50000 - 0x00007ff8e9c75000 	C:\Program Files\Microsoft\jdk-17.0.14.7-hotspot\bin\java.dll
0x00007ff8e0900000 - 0x00007ff8e09d7000 	C:\Program Files\Microsoft\jdk-17.0.14.7-hotspot\bin\jsvml.dll
0x00007ff93f710000 - 0x00007ff93fe25000 	C:\Windows\System32\SHELL32.dll
0x00007ff93eae0000 - 0x00007ff93ec48000 	C:\Windows\System32\wintypes.dll
0x00007ff93bfa0000 - 0x00007ff93c7e5000 	C:\Windows\SYSTEM32\windows.storage.dll
0x00007ff9400d0000 - 0x00007ff9401bb000 	C:\Windows\System32\SHCORE.dll
0x00007ff940fe0000 - 0x00007ff94103d000 	C:\Windows\System32\shlwapi.dll
0x00007ff93e1f0000 - 0x00007ff93e21f000 	C:\Windows\SYSTEM32\profapi.dll
0x00007ff8e9e80000 - 0x00007ff8e9e9a000 	C:\Program Files\Microsoft\jdk-17.0.14.7-hotspot\bin\net.dll
0x00007ff936ef0000 - 0x00007ff93700e000 	C:\Windows\SYSTEM32\WINHTTP.dll
0x0000000180000000 - 0x000000018008c000 	C:\Windows\system32\ASProxy64.dll
0x00007ff9401c0000 - 0x00007ff940355000 	C:\Windows\System32\ole32.dll
0x00007ff93d5c0000 - 0x00007ff93d62a000 	C:\Windows\SYSTEM32\MSWSOCK.dll
0x00007ff93cae0000 - 0x00007ff93cb13000 	C:\Windows\SYSTEM32\IPHLPAPI.DLL
0x00007ff93d360000 - 0x00007ff93d3a8000 	C:\Windows\SYSTEM32\SspiCli.dll
0x00007ff93b0f0000 - 0x00007ff93b19e000 	C:\Windows\system32\uxtheme.dll
0x00007ff93ff90000 - 0x00007ff940038000 	C:\Windows\System32\clbcatq.dll
0x00007ff90d8d0000 - 0x00007ff90d8db000 	C:\Windows\SYSTEM32\msiltcfg.dll
0x00007ff926ee0000 - 0x00007ff927226000 	C:\Windows\SYSTEM32\msi.dll
0x00007ff93dbb0000 - 0x00007ff93dbd6000 	C:\Windows\SYSTEM32\bcrypt.dll
0x00007ff93e120000 - 0x00007ff93e1c1000 	C:\Windows\SYSTEM32\sxs.dll
0x00007ff8e9a60000 - 0x00007ff8e9a76000 	C:\Program Files\Microsoft\jdk-17.0.14.7-hotspot\bin\nio.dll
0x00007ff8e8c50000 - 0x00007ff8e8c68000 	C:\Program Files\Microsoft\jdk-17.0.14.7-hotspot\bin\zip.dll
0x00007ff902280000 - 0x00007ff902290000 	C:\Program Files\Microsoft\jdk-17.0.14.7-hotspot\bin\verify.dll
0x00007ff8e87e0000 - 0x00007ff8e8807000 	C:\Users\Administrator\.gradle\native\c067742578af261105cb4f569cf0c3c89f3d7b1fecec35dd04571415982c5e48\windows-amd64\native-platform.dll
0x00007ff8fada0000 - 0x00007ff8fadaa000 	C:\Users\Administrator\.gradle\native\jansi\1.18\windows64\jansi.dll
0x00007ff8fad50000 - 0x00007ff8fad5a000 	C:\Program Files\Microsoft\jdk-17.0.14.7-hotspot\bin\management.dll
0x00007ff8f4480000 - 0x00007ff8f448b000 	C:\Program Files\Microsoft\jdk-17.0.14.7-hotspot\bin\management_ext.dll
0x00007ff93efa0000 - 0x00007ff93efa8000 	C:\Windows\System32\PSAPI.DLL
0x00007ff93d970000 - 0x00007ff93d98c000 	C:\Windows\SYSTEM32\CRYPTSP.dll
0x00007ff93d020000 - 0x00007ff93d05a000 	C:\Windows\system32\rsaenh.dll
0x00007ff93d660000 - 0x00007ff93d68b000 	C:\Windows\SYSTEM32\USERENV.dll
0x00007ff93d7f0000 - 0x00007ff93d7fc000 	C:\Windows\SYSTEM32\CRYPTBASE.dll
0x00007ff93efb0000 - 0x00007ff93efba000 	C:\Windows\System32\NSI.dll
0x00007ff936930000 - 0x00007ff93694f000 	C:\Windows\SYSTEM32\dhcpcsvc6.DLL
0x00007ff936900000 - 0x00007ff936925000 	C:\Windows\SYSTEM32\dhcpcsvc.DLL
0x00007ff93cb70000 - 0x00007ff93cc95000 	C:\Windows\SYSTEM32\DNSAPI.dll
0x00007ff8f20c0000 - 0x00007ff8f20c9000 	C:\Program Files\Microsoft\jdk-17.0.14.7-hotspot\bin\extnet.dll
0x00007ff8eec40000 - 0x00007ff8eec4e000 	C:\Program Files\Microsoft\jdk-17.0.14.7-hotspot\bin\sunmscapi.dll
0x00007ff93e590000 - 0x00007ff93e707000 	C:\Windows\System32\CRYPT32.dll
0x00007ff93db30000 - 0x00007ff93db60000 	C:\Windows\SYSTEM32\ncrypt.dll
0x00007ff93dae0000 - 0x00007ff93db1f000 	C:\Windows\SYSTEM32\NTASN1.dll
0x00007ff936a40000 - 0x00007ff936a48000 	C:\Windows\system32\wshunix.dll

dbghelp: loaded successfully - version: 4.0.5 - missing functions: none
symbol engine: initialized successfully - sym options: 0x614 - pdb path: .;C:\Program Files\Microsoft\jdk-17.0.14.7-hotspot\bin;C:\Windows\SYSTEM32;C:\Windows\WinSxS\amd64_microsoft.windows.common-controls_6595b64144ccf1df_6.0.26100.3323_none_3e088096e3344490;C:\Program Files\Microsoft\jdk-17.0.14.7-hotspot\bin\server;C:\Users\Administrator\.gradle\native\c067742578af261105cb4f569cf0c3c89f3d7b1fecec35dd04571415982c5e48\windows-amd64;C:\Users\Administrator\.gradle\native\jansi\1.18\windows64

VM Arguments:
jvm_args: -Xmx64m -Xms64m -Dorg.gradle.appname=gradlew 
java_command: org.gradle.wrapper.GradleWrapperMain assembleRelease
java_class_path (initial): D:\Workspace\GoogleDrive\killswitch-expo\android\\gradle\wrapper\gradle-wrapper.jar
Launcher Type: SUN_STANDARD

[Global flags]
     intx CICompilerCount                          = 4                                         {product} {ergonomic}
     uint ConcGCThreads                            = 2                                         {product} {ergonomic}
     uint G1ConcRefinementThreads                  = 8                                         {product} {ergonomic}
   size_t G1HeapRegionSize                         = 1048576                                   {product} {ergonomic}
    uintx GCDrainStackTargetSize                   = 64                                        {product} {ergonomic}
   size_t InitialHeapSize                          = 67108864                                  {product} {command line}
   size_t MarkStackSize                            = 4194304                                   {product} {ergonomic}
   size_t MaxHeapSize                              = 67108864                                  {product} {command line}
   size_t MaxNewSize                               = 39845888                                  {product} {ergonomic}
   size_t MinHeapDeltaBytes                        = 1048576                                   {product} {ergonomic}
   size_t MinHeapSize                              = 67108864                                  {product} {command line}
    uintx NonNMethodCodeHeapSize                   = 5839372                                {pd product} {ergonomic}
    uintx NonProfiledCodeHeapSize                  = 122909434                              {pd product} {ergonomic}
    uintx ProfiledCodeHeapSize                     = 122909434                              {pd product} {ergonomic}
    uintx ReservedCodeCacheSize                    = 251658240                              {pd product} {ergonomic}
     bool SegmentedCodeCache                       = true                                      {product} {ergonomic}
   size_t SoftMaxHeapSize                          = 67108864                               {manageable} {ergonomic}
     bool UseCompressedClassPointers               = true                           {product lp64_product} {ergonomic}
     bool UseCompressedOops                        = true                           {product lp64_product} {ergonomic}
     bool UseG1GC                                  = true                                      {product} {ergonomic}
     bool UseLargePagesIndividualAllocation        = false                                  {pd product} {ergonomic}

Logging:
Log output configuration:
 #0: stdout all=warning uptime,level,tags
 #1: stderr all=off uptime,level,tags

Environment Variables:
JAVA_HOME=C:\Program Files\Microsoft\jdk-17.0.14.7-hotspot\
CLASSPATH=D:\Workspace\GoogleDrive\killswitch-expo\android\\gradle\wrapper\gradle-wrapper.jar
PATH=C:\Program Files\Microsoft\jdk-17.0.14.7-hotspot\bin;C:\Program Files\Eclipse Adoptium\jdk-8.0.442.6-hotspot\bin;C:\Program Files (x86)\VMware\VMware Workstation\bin\;C:\Windows\system32;C:\Windows;C:\Windows\System32\Wbem;C:\Windows\System32\WindowsPowerShell\v1.0\;C:\Windows\System32\OpenSSH\;C:\Program Files (x86)\NVIDIA Corporation\PhysX\Common;C:\Users\Administrator\AppData\Local\nvm;C:\nvm4w\nodejs;C:\Program Files\Git\cmd;C:\Program Files\GitHub CLI\;C:\Program Files\dotnet\;C:\Users\Administrator\AppData\Local\Nox\platform-tools;C:\ProgramData\chocolatey\bin;c:\Users\Administrator\AppData\Local\Programs\cursor\resources\app\bin;C:\Users\Administrator\AppData\Local\Android\Sdk\tools;C:\Users\Administrator\AppData\Local\Android\Sdk\tools;C:\Users\Administrator\AppData\Local\Programs\Python\Python311\Scripts\;C:\Users\Administrator\AppData\Local\Programs\Python\Python311\;C:\Users\Administrator\AppData\Local\Microsoft\WindowsApps;C:\Users\Administrator\AppData\Local\nvm;C:\nvm4w\nodejs;C:\Users\Administrator\AppData\Local\Programs\Microsoft VS Code\bin;C:\Users\Administrator\AppData\Local\Android\Sdk\platform-tools;C:\Users\Administrator\AppData\Local\Programs\cursor\resources\app\bin;
USERNAME=Administrator
LANG=en_US.UTF-8
OS=Windows_NT
PROCESSOR_IDENTIFIER=Intel64 Family 6 Model 158 Stepping 9, GenuineIntel
TMP=C:\Users\ADMINI~1\AppData\Local\Temp
TEMP=C:\Users\ADMINI~1\AppData\Local\Temp



Periodic native trim disabled


---------------  S Y S T E M  ---------------

OS:
 Windows 11 , 64 bit Build 26100 (10.0.26100.3323)
OS uptime: 2 days 5:59 hours
Hyper-V role detected

CPU: total 8 (initial active 8) (4 cores per cpu, 2 threads per core) family 6 model 158 stepping 9 microcode 0xde, cx8, cmov, fxsr, ht, mmx, 3dnowpref, sse, sse2, sse3, ssse3, sse4.1, sse4.2, popcnt, lzcnt, tsc, tscinvbit, avx, avx2, aes, erms, clmul, bmi1, bmi2, adx, fma, vzeroupper, clflush, clflushopt, hv
Processor Information for the first 8 processors :
  Max Mhz: 2801, Current Mhz: 2801, Mhz Limit: 2801

Memory: 4k page, system-wide physical 32634M (14573M free)
TotalPageFile size 36602M (AvailPageFile size 9877M)
current process WorkingSet (physical memory assigned to process): 118M, peak: 118M
current process commit charge ("private bytes"): 176M, peak: 177M

vm_info: OpenJDK 64-Bit Server VM (17.0.14+7-LTS) for windows-amd64 JRE (17.0.14+7-LTS), built on Jan  8 2025 23:39:28 by "MicrosoftCorporation" with unknown MS VC++:1939

END.
