#
# A fatal error has been detected by the Java Runtime Environment:
#
#  EXCEPTION_ACCESS_VIOLATION (0xc0000005) at pc=0x000000018000c27b, pid=18740, tid=29068
#
# JRE version: Java(TM) SE Runtime Environment (17.0.13+10) (build 17.0.13+10-LTS-268)
# Java VM: Java HotSpot(TM) 64-Bit Server VM (17.0.13+10-LTS-268, mixed mode, sharing, tiered, compressed oops, compressed class ptrs, g1 gc, windows-amd64)
# Problematic frame:
# C  [ASProxy64.dll+0xc27b]
#
# No core dump will be written. Minidumps are not enabled by default on client versions of Windows
#
# If you would like to submit a bug report, please visit:
#   https://bugreport.java.com/bugreport/crash.jsp
# The crash happened outside the Java Virtual Machine in native code.
# See problematic frame for where to report the bug.
#

---------------  S U M M A R Y ------------

Command Line: -Xmx64m -Xms64m -Dorg.gradle.appname=gradlew org.gradle.wrapper.GradleWrapperMain assembleRelease

Host: Intel(R) Core(TM) i7-7700HQ CPU @ 2.80GHz, 8 cores, 31G,  Windows 11 , 64 bit Build 26100 (10.0.26100.3323)
Time: Thu Mar 27 23:06:20 2025 FLE Standard Time elapsed time: 3.660917 seconds (0d 0h 0m 3s)

---------------  T H R E A D  ---------------

Current thread (0x00000285d8284280):  JavaThread "main" [_thread_in_native, id=29068, stack(0x000000c97c700000,0x000000c97c800000)]

Stack: [0x000000c97c700000,0x000000c97c800000],  sp=0x000000c97c7fd310,  free space=1012k
Native frames: (J=compiled Java code, j=interpreted, Vv=VM code, C=native code)
C  [ASProxy64.dll+0xc27b]

Java frames: (J=compiled Java code, j=interpreted, Vv=VM code)
j  sun.nio.ch.WEPoll.ctl(JIJI)I+0 java.base@17.0.13
j  sun.nio.ch.WEPollSelectorImpl.<init>(Ljava/nio/channels/spi/SelectorProvider;)V+138 java.base@17.0.13
j  sun.nio.ch.WEPollSelectorProvider.openSelector()Ljava/nio/channels/spi/AbstractSelector;+5 java.base@17.0.13
j  java.nio.channels.Selector.open()Ljava/nio/channels/Selector;+3 java.base@17.0.13
j  org.gradle.internal.remote.internal.inet.SocketConnection$SocketInputStream.<init>(Ljava/nio/channels/SocketChannel;)V+17
j  org.gradle.internal.remote.internal.inet.SocketConnection.<init>(Ljava/nio/channels/SocketChannel;Lorg/gradle/internal/remote/internal/MessageSerializer;Lorg/gradle/internal/serialize/StatefulSerializer;)V+33
j  org.gradle.internal.remote.internal.inet.SocketConnectCompletion.create(Lorg/gradle/internal/serialize/StatefulSerializer;)Lorg/gradle/internal/remote/internal/RemoteConnection;+16
j  org.gradle.launcher.daemon.client.DefaultDaemonConnector.connectToDaemon(Lorg/gradle/launcher/daemon/context/DaemonConnectDetails;Lorg/gradle/launcher/daemon/client/DaemonClientConnection$StaleAddressDetector;)Lorg/gradle/launcher/daemon/client/DaemonClientConnection;+43
j  org.gradle.launcher.daemon.client.DefaultDaemonConnector.connectToDaemonWithId(Lorg/gradle/launcher/daemon/diagnostics/DaemonStartupInfo;Lorg/gradle/api/internal/specs/ExplainingSpec;)Lorg/gradle/launcher/daemon/client/DaemonClientConnection;+115
j  org.gradle.launcher.daemon.client.DefaultDaemonConnector.doStartDaemon(Lorg/gradle/api/internal/specs/ExplainingSpec;Z)Lorg/gradle/launcher/daemon/client/DaemonClientConnection;+58
j  org.gradle.launcher.daemon.client.DefaultDaemonConnector.startDaemon(Lorg/gradle/api/internal/specs/ExplainingSpec;)Lorg/gradle/launcher/daemon/client/DaemonClientConnection;+3
j  org.gradle.launcher.daemon.client.DaemonClient.execute(Lorg/gradle/internal/invocation/BuildAction;Lorg/gradle/launcher/exec/BuildActionParameters;Lorg/gradle/internal/daemon/client/execution/ClientBuildRequestContext;)Lorg/gradle/launcher/exec/BuildActionResult;+201
j  org.gradle.launcher.daemon.client.DaemonClient.execute(Lorg/gradle/internal/invocation/BuildAction;Ljava/lang/Object;Ljava/lang/Object;)Lorg/gradle/launcher/exec/BuildActionResult;+10
j  org.gradle.launcher.cli.RunBuildAction.run()V+67
j  org.gradle.internal.Actions$RunnableActionAdapter.execute(Ljava/lang/Object;)V+4
j  org.gradle.launcher.cli.DefaultCommandLineActionFactory$ParseAndBuildAction.execute(Lorg/gradle/launcher/bootstrap/ExecutionListener;)V+125
j  org.gradle.launcher.cli.DefaultCommandLineActionFactory$ParseAndBuildAction.execute(Ljava/lang/Object;)V+5
j  org.gradle.launcher.cli.DebugLoggerWarningAction.execute(Lorg/gradle/launcher/bootstrap/ExecutionListener;)V+9
j  org.gradle.launcher.cli.DebugLoggerWarningAction.execute(Ljava/lang/Object;)V+5
j  org.gradle.launcher.cli.WelcomeMessageAction.execute(Lorg/gradle/launcher/bootstrap/ExecutionListener;)V+218
j  org.gradle.launcher.cli.WelcomeMessageAction.execute(Ljava/lang/Object;)V+5
j  org.gradle.launcher.cli.NativeServicesInitializingAction.execute(Lorg/gradle/launcher/bootstrap/ExecutionListener;)V+38
j  org.gradle.launcher.cli.NativeServicesInitializingAction.execute(Ljava/lang/Object;)V+5
j  org.gradle.launcher.cli.ExceptionReportingAction.execute(Lorg/gradle/launcher/bootstrap/ExecutionListener;)V+5
j  org.gradle.launcher.cli.ExceptionReportingAction.execute(Ljava/lang/Object;)V+5
j  org.gradle.launcher.cli.DefaultCommandLineActionFactory$WithLogging.execute(Lorg/gradle/launcher/bootstrap/ExecutionListener;)V+309
j  org.gradle.launcher.Main.doAction([Ljava/lang/String;Lorg/gradle/launcher/bootstrap/ExecutionListener;)V+14
j  org.gradle.launcher.bootstrap.EntryPoint.run([Ljava/lang/String;)V+12
v  ~StubRoutines::call_stub
j  jdk.internal.reflect.NativeMethodAccessorImpl.invoke0(Ljava/lang/reflect/Method;Ljava/lang/Object;[Ljava/lang/Object;)Ljava/lang/Object;+0 java.base@17.0.13
j  jdk.internal.reflect.NativeMethodAccessorImpl.invoke(Ljava/lang/Object;[Ljava/lang/Object;)Ljava/lang/Object;+133 java.base@17.0.13
j  jdk.internal.reflect.DelegatingMethodAccessorImpl.invoke(Ljava/lang/Object;[Ljava/lang/Object;)Ljava/lang/Object;+6 java.base@17.0.13
j  java.lang.reflect.Method.invoke(Ljava/lang/Object;[Ljava/lang/Object;)Ljava/lang/Object;+59 java.base@17.0.13
j  org.gradle.launcher.bootstrap.ProcessBootstrap.runNoExit(Ljava/lang/String;Ljava/lang/String;Ljava/lang/String;[Ljava/lang/String;)V+205
j  org.gradle.launcher.bootstrap.ProcessBootstrap.run(Ljava/lang/String;Ljava/lang/String;Ljava/lang/String;[Ljava/lang/String;)V+4
j  org.gradle.launcher.GradleMain.main([Ljava/lang/String;)V+68
v  ~StubRoutines::call_stub
j  jdk.internal.reflect.NativeMethodAccessorImpl.invoke0(Ljava/lang/reflect/Method;Ljava/lang/Object;[Ljava/lang/Object;)Ljava/lang/Object;+0 java.base@17.0.13
j  jdk.internal.reflect.NativeMethodAccessorImpl.invoke(Ljava/lang/Object;[Ljava/lang/Object;)Ljava/lang/Object;+133 java.base@17.0.13
j  jdk.internal.reflect.DelegatingMethodAccessorImpl.invoke(Ljava/lang/Object;[Ljava/lang/Object;)Ljava/lang/Object;+6 java.base@17.0.13
j  java.lang.reflect.Method.invoke(Ljava/lang/Object;[Ljava/lang/Object;)Ljava/lang/Object;+59 java.base@17.0.13
j  org.gradle.wrapper.GradleWrapperMain.main([Ljava/lang/String;)V+1826
v  ~StubRoutines::call_stub

siginfo: EXCEPTION_ACCESS_VIOLATION (0xc0000005), writing address 0x00000286072f90bc


Registers:
RAX=0x0000000000000000, RBX=0x00000285f82b6c78, RCX=0x000000000000c994, RDX=0x0000000000000002
RSP=0x000000c97c7fd310, RBP=0x000000000000093c, RSI=0x00000285f81c8ab0, RDI=0x000000000000093c
R8 =0x0000000000000001, R9 =0x0000000000000000, R10=0x0000000000000994, R11=0x00000285d82745a8
R12=0x000000c97c7fd550, R13=0x00000000000009a8, R14=0x00000285f81c8a80, R15=0x00000000000009a8
RIP=0x000000018000c27b, EFLAGS=0x0000000000010287


Register to memory mapping:

RIP=0x000000018000c27b ASProxy64.dll
RAX=0x0 is NULL
RBX=0x00000285f82b6c78 points into unknown readable memory: 0x0000000000000000 | 00 00 00 00 00 00 00 00
RCX=0x000000000000c994 is an unknown value
RDX=0x0000000000000002 is an unknown value
RSP=0x000000c97c7fd310 is pointing into the stack for thread: 0x00000285d8284280
RBP=0x000000000000093c is an unknown value
RSI=0x00000285f81c8ab0 points into unknown readable memory: 0x00000285f81c8ab0 | b0 8a 1c f8 85 02 00 00
RDI=0x000000000000093c is an unknown value
R8 =0x0000000000000001 is an unknown value
R9 =0x0 is NULL
R10=0x0000000000000994 is an unknown value
R11=0x00000285d82745a8 points into unknown readable memory: 0x00000000000007d0 | d0 07 00 00 00 00 00 00
R12=0x000000c97c7fd550 is pointing into the stack for thread: 0x00000285d8284280
R13=0x00000000000009a8 is an unknown value
R14=0x00000285f81c8a80 points into unknown readable memory: 0x000000000000093c | 3c 09 00 00 00 00 00 00
R15=0x00000000000009a8 is an unknown value


Top of Stack: (sp=0x000000c97c7fd310)
0x000000c97c7fd310:   0000000000000000 0000000000000000
0x000000c97c7fd320:   000000000000093c 000000018001f4c2
0x000000c97c7fd330:   0000000180065ec8 0000000000002736
0x000000c97c7fd340:   0000000000000001 0000000000000994
0x000000c97c7fd350:   000000000000093c 000000018000c506
0x000000c97c7fd360:   00000285f82b6c78 0000000000002736
0x000000c97c7fd370:   0000000000000000 0000000000000008
0x000000c97c7fd380:   000000c90000001e 0000000000000000
0x000000c97c7fd390:   000000000000093c 0000000000000000
0x000000c97c7fd3a0:   0000000000000001 0000000000000000
0x000000c97c7fd3b0:   000000000000093c 00007ff925d47716
0x000000c97c7fd3c0:   0000000000000994 0000000000000902
0x000000c97c7fd3d0:   00000285f81c8ab0 0000000000000000
0x000000c97c7fd3e0:   0000000000000000 0000028500000000
0x000000c97c7fd3f0:   0000000000000003 0000028500000001
0x000000c97c7fd400:   0000000000000000 0000000000000000 

Instructions: (pc=0x000000018000c27b)
0x000000018000c17b:   c0 48 83 c4 50 41 5c c3 cc cc cc cc cc cc cc cc
0x000000018000c18b:   cc cc cc cc cc 48 85 c9 74 23 8b 05 ad ff 06 00
0x000000018000c19b:   89 01 8b 05 a9 ff 06 00 89 41 04 8b 05 a4 ff 06
0x000000018000c1ab:   00 89 41 08 8b 05 9f ff 06 00 89 41 0c f3 c3 cc
0x000000018000c1bb:   cc cc cc cc cc c6 01 01 c7 02 01 00 00 00 c3 cc
0x000000018000c1cb:   cc cc cc cc cc 48 89 5c 24 08 57 48 83 ec 70 48
0x000000018000c1db:   8b fa 8b d9 48 8d 15 82 73 05 00 48 8d 4c 24 20
0x000000018000c1eb:   45 33 c0 48 c7 44 24 40 0f 00 00 00 48 c7 44 24
0x000000018000c1fb:   38 00 00 00 00 c6 44 24 28 00 e8 d6 6b ff ff 4c
0x000000018000c20b:   8d 4c 24 20 48 8d 4c 24 48 41 b0 01 8b d3 e8 52
0x000000018000c21b:   06 02 00 48 83 78 20 10 72 06 48 8b 48 08 eb 05
0x000000018000c22b:   48 8d 48 08 90 0f b6 01 48 ff c7 48 ff c1 88 47
0x000000018000c23b:   ff 84 c0 75 f0 48 83 7c 24 68 10 72 0a 48 8b 4c
0x000000018000c24b:   24 50 e8 52 94 03 00 48 8b 9c 24 80 00 00 00 48
0x000000018000c25b:   83 c4 70 5f c3 48 83 ec 48 0f b6 c2 0f 57 c0 0f
0x000000018000c26b:   11 44 24 ff 25 00 00 00 00 2e 80 dd 40 f9 7f 00
0x000000018000c27b:   00 8b 44 24 04 0f af 04 24 89 04 24 8b 44 24 04
0x000000018000c28b:   0f af 04 24 83 c0 01 89 04 24 8b 44 24 04 0f af
0x000000018000c29b:   04 24 83 c0 02 89 04 24 8b 44 24 04 0f af 04 24
0x000000018000c2ab:   83 c0 03 89 04 24 8b 44 24 04 0f af 04 24 83 c0
0x000000018000c2bb:   04 89 04 24 8b 44 24 04 0f af 04 24 83 c0 05 89
0x000000018000c2cb:   04 24 8b 44 24 04 0f af 04 24 83 c0 06 89 04 24
0x000000018000c2db:   8b 44 24 04 0f af 04 24 83 c0 07 89 04 24 8b 44
0x000000018000c2eb:   24 04 0f af 04 24 83 c0 08 89 04 24 8b 44 24 04
0x000000018000c2fb:   0f af 04 24 83 c0 09 89 04 24 8b 44 24 04 0f af
0x000000018000c30b:   04 24 83 c0 0a 89 04 24 8b 44 24 04 0f af 04 24
0x000000018000c31b:   83 c0 0b 89 04 24 8b 44 24 04 0f af 04 24 83 c0
0x000000018000c32b:   0d 89 04 24 8b 44 24 04 0f af 04 24 83 c0 0e 89
0x000000018000c33b:   04 24 8b 44 24 04 0f af 04 24 83 c0 0f 89 04 24
0x000000018000c34b:   8b 44 24 04 0f af 04 24 83 c0 10 89 04 24 8b 44
0x000000018000c35b:   24 04 0f af 04 24 83 c0 11 89 04 24 8b 44 24 04
0x000000018000c36b:   0f af 04 24 83 c0 12 89 04 24 8b 44 24 04 0f af 


Stack slot to memory mapping:
stack at sp + 0 slots: 0x0 is NULL
stack at sp + 1 slots: 0x0 is NULL
stack at sp + 2 slots: 0x000000000000093c is an unknown value
stack at sp + 3 slots: 0x000000018001f4c2 ASProxy64.dll
stack at sp + 4 slots: 0x0000000180065ec8 ASProxy64.dll
stack at sp + 5 slots: 0x0000000000002736 is an unknown value
stack at sp + 6 slots: 0x0000000000000001 is an unknown value
stack at sp + 7 slots: 0x0000000000000994 is an unknown value


---------------  P R O C E S S  ---------------

Threads class SMR info:
_java_thread_list=0x00000285f7ccd8b0, length=15, elements={
0x00000285d8284280, 0x00000285d8338b70, 0x00000285d8339530, 0x00000285f2255550,
0x00000285f2255e20, 0x00000285f22567e0, 0x00000285f22571a0, 0x00000285f2258630,
0x00000285f225d500, 0x00000285f2262d40, 0x00000285f24ad2a0, 0x00000285f24b0df0,
0x00000285f80f8060, 0x00000285f8294040, 0x00000285f8294560
}

Java Threads: ( => current thread )
=>0x00000285d8284280 JavaThread "main" [_thread_in_native, id=29068, stack(0x000000c97c700000,0x000000c97c800000)]
  0x00000285d8338b70 JavaThread "Reference Handler" daemon [_thread_blocked, id=33168, stack(0x000000c97ce00000,0x000000c97cf00000)]
  0x00000285d8339530 JavaThread "Finalizer" daemon [_thread_blocked, id=26392, stack(0x000000c97cf00000,0x000000c97d000000)]
  0x00000285f2255550 JavaThread "Signal Dispatcher" daemon [_thread_blocked, id=35760, stack(0x000000c97d000000,0x000000c97d100000)]
  0x00000285f2255e20 JavaThread "Attach Listener" daemon [_thread_blocked, id=23668, stack(0x000000c97d100000,0x000000c97d200000)]
  0x00000285f22567e0 JavaThread "Service Thread" daemon [_thread_blocked, id=35816, stack(0x000000c97d200000,0x000000c97d300000)]
  0x00000285f22571a0 JavaThread "Monitor Deflation Thread" daemon [_thread_blocked, id=36596, stack(0x000000c97d300000,0x000000c97d400000)]
  0x00000285f2258630 JavaThread "C2 CompilerThread0" daemon [_thread_blocked, id=18240, stack(0x000000c97d400000,0x000000c97d500000)]
  0x00000285f225d500 JavaThread "C1 CompilerThread0" daemon [_thread_blocked, id=9128, stack(0x000000c97d500000,0x000000c97d600000)]
  0x00000285f2262d40 JavaThread "Sweeper thread" daemon [_thread_blocked, id=14708, stack(0x000000c97d600000,0x000000c97d700000)]
  0x00000285f24ad2a0 JavaThread "Notification Thread" daemon [_thread_blocked, id=4700, stack(0x000000c97d700000,0x000000c97d800000)]
  0x00000285f24b0df0 JavaThread "Common-Cleaner" daemon [_thread_blocked, id=34592, stack(0x000000c97d900000,0x000000c97da00000)]
  0x00000285f80f8060 JavaThread "pool-1-thread-1" [_thread_blocked, id=29476, stack(0x000000c97ec80000,0x000000c97ed80000)]
  0x00000285f8294040 JavaThread "C2 CompilerThread1" daemon [_thread_blocked, id=29580, stack(0x000000c97ef80000,0x000000c97f080000)]
  0x00000285f8294560 JavaThread "C2 CompilerThread2" daemon [_thread_blocked, id=11820, stack(0x000000c97f080000,0x000000c97f180000)]

Other Threads:
  0x00000285d83342e0 VMThread "VM Thread" [stack: 0x000000c97cd00000,0x000000c97ce00000] [id=17172]
  0x00000285d82adca0 WatcherThread [stack: 0x000000c97d800000,0x000000c97d900000] [id=13156]
  0x00000285d82a4a20 GCTaskThread "GC Thread#0" [stack: 0x000000c97c800000,0x000000c97c900000] [id=28084]
  0x00000285f7289e60 GCTaskThread "GC Thread#1" [stack: 0x000000c97e980000,0x000000c97ea80000] [id=36308]
  0x00000285f73aa280 GCTaskThread "GC Thread#2" [stack: 0x000000c97ea80000,0x000000c97eb80000] [id=13420]
  0x00000285f7239e40 GCTaskThread "GC Thread#3" [stack: 0x000000c97eb80000,0x000000c97ec80000] [id=17296]
  0x00000285f71eeb40 GCTaskThread "GC Thread#4" [stack: 0x000000c97e200000,0x000000c97e300000] [id=21652]
  0x00000285f7ccc850 GCTaskThread "GC Thread#5" [stack: 0x000000c97e880000,0x000000c97e980000] [id=12352]
  0x00000285f81cafa0 GCTaskThread "GC Thread#6" [stack: 0x000000c97ed80000,0x000000c97ee80000] [id=19672]
  0x00000285d82a6170 ConcurrentGCThread "G1 Main Marker" [stack: 0x000000c97c900000,0x000000c97ca00000] [id=10300]
  0x00000285d82a6b80 ConcurrentGCThread "G1 Conc#0" [stack: 0x000000c97ca00000,0x000000c97cb00000] [id=33600]
  0x00000285d8310380 ConcurrentGCThread "G1 Refine#0" [stack: 0x000000c97cb00000,0x000000c97cc00000] [id=31936]
  0x00000285d8313b70 ConcurrentGCThread "G1 Service" [stack: 0x000000c97cc00000,0x000000c97cd00000] [id=36672]

Threads with active compile tasks:

VM state: not at safepoint (normal execution)

VM Mutex/Monitor currently owned by a thread: None

Heap address: 0x00000000fc000000, size: 64 MB, Compressed Oops mode: 32-bit

CDS archive(s) mapped at: [0x0000028580000000-0x0000028580bd0000-0x0000028580bd0000), size 12386304, SharedBaseAddress: 0x0000028580000000, ArchiveRelocationMode: 1.
Compressed class space mapped at: 0x0000028581000000-0x00000285c1000000, reserved size: 1073741824
Narrow klass base: 0x0000028580000000, Narrow klass shift: 0, Narrow klass range: 0x100000000

GC Precious Log:
 CPUs: 8 total, 8 available
 Memory: 32634M
 Large Page Support: Disabled
 NUMA Support: Disabled
 Compressed Oops: Enabled (32-bit)
 Heap Region Size: 1M
 Heap Min Capacity: 64M
 Heap Initial Capacity: 64M
 Heap Max Capacity: 64M
 Pre-touch: Disabled
 Parallel Workers: 8
 Concurrent Workers: 2
 Concurrent Refinement Workers: 8
 Periodic GC: Disabled

Heap:
 garbage-first heap   total 65536K, used 21628K [0x00000000fc000000, 0x0000000100000000)
  region size 1024K, 14 young (14336K), 4 survivors (4096K)
 Metaspace       used 9872K, committed 10112K, reserved 1114112K
  class space    used 1316K, committed 1408K, reserved 1048576K

Heap Regions: E=young(eden), S=young(survivor), O=old, HS=humongous(starts), HC=humongous(continues), CS=collection set, F=free, OA=open archive, CA=closed archive, TAMS=top-at-mark-start (previous, next)
|   0|0x00000000fc000000, 0x00000000fc100000, 0x00000000fc100000|100%| O|  |TAMS 0x00000000fc000000, 0x00000000fc000000| Untracked 
|   1|0x00000000fc100000, 0x00000000fc200000, 0x00000000fc200000|100%|HS|  |TAMS 0x00000000fc100000, 0x00000000fc100000| Complete 
|   2|0x00000000fc200000, 0x00000000fc300000, 0x00000000fc300000|100%|HC|  |TAMS 0x00000000fc200000, 0x00000000fc200000| Complete 
|   3|0x00000000fc300000, 0x00000000fc400000, 0x00000000fc400000|100%|HC|  |TAMS 0x00000000fc300000, 0x00000000fc300000| Complete 
|   4|0x00000000fc400000, 0x00000000fc500000, 0x00000000fc500000|100%|HC|  |TAMS 0x00000000fc400000, 0x00000000fc400000| Complete 
|   5|0x00000000fc500000, 0x00000000fc600000, 0x00000000fc600000|100%| O|  |TAMS 0x00000000fc500000, 0x00000000fc500000| Untracked 
|   6|0x00000000fc600000, 0x00000000fc700000, 0x00000000fc700000|100%| O|  |TAMS 0x00000000fc600000, 0x00000000fc600000| Untracked 
|   7|0x00000000fc700000, 0x00000000fc800000, 0x00000000fc800000|100%| O|  |TAMS 0x00000000fc700000, 0x00000000fc700000| Untracked 
|   8|0x00000000fc800000, 0x00000000fc82ce00, 0x00000000fc900000| 17%| O|  |TAMS 0x00000000fc800000, 0x00000000fc800000| Untracked 
|   9|0x00000000fc900000, 0x00000000fc900000, 0x00000000fca00000|  0%| F|  |TAMS 0x00000000fc900000, 0x00000000fc900000| Untracked 
|  10|0x00000000fca00000, 0x00000000fca00000, 0x00000000fcb00000|  0%| F|  |TAMS 0x00000000fca00000, 0x00000000fca00000| Untracked 
|  11|0x00000000fcb00000, 0x00000000fcb00000, 0x00000000fcc00000|  0%| F|  |TAMS 0x00000000fcb00000, 0x00000000fcb00000| Untracked 
|  12|0x00000000fcc00000, 0x00000000fcc00000, 0x00000000fcd00000|  0%| F|  |TAMS 0x00000000fcc00000, 0x00000000fcc00000| Untracked 
|  13|0x00000000fcd00000, 0x00000000fcd00000, 0x00000000fce00000|  0%| F|  |TAMS 0x00000000fcd00000, 0x00000000fcd00000| Untracked 
|  14|0x00000000fce00000, 0x00000000fce00000, 0x00000000fcf00000|  0%| F|  |TAMS 0x00000000fce00000, 0x00000000fce00000| Untracked 
|  15|0x00000000fcf00000, 0x00000000fcf00000, 0x00000000fd000000|  0%| F|  |TAMS 0x00000000fcf00000, 0x00000000fcf00000| Untracked 
|  16|0x00000000fd000000, 0x00000000fd000000, 0x00000000fd100000|  0%| F|  |TAMS 0x00000000fd000000, 0x00000000fd000000| Untracked 
|  17|0x00000000fd100000, 0x00000000fd100000, 0x00000000fd200000|  0%| F|  |TAMS 0x00000000fd100000, 0x00000000fd100000| Untracked 
|  18|0x00000000fd200000, 0x00000000fd200000, 0x00000000fd300000|  0%| F|  |TAMS 0x00000000fd200000, 0x00000000fd200000| Untracked 
|  19|0x00000000fd300000, 0x00000000fd300000, 0x00000000fd400000|  0%| F|  |TAMS 0x00000000fd300000, 0x00000000fd300000| Untracked 
|  20|0x00000000fd400000, 0x00000000fd400000, 0x00000000fd500000|  0%| F|  |TAMS 0x00000000fd400000, 0x00000000fd400000| Untracked 
|  21|0x00000000fd500000, 0x00000000fd500000, 0x00000000fd600000|  0%| F|  |TAMS 0x00000000fd500000, 0x00000000fd500000| Untracked 
|  22|0x00000000fd600000, 0x00000000fd600000, 0x00000000fd700000|  0%| F|  |TAMS 0x00000000fd600000, 0x00000000fd600000| Untracked 
|  23|0x00000000fd700000, 0x00000000fd700000, 0x00000000fd800000|  0%| F|  |TAMS 0x00000000fd700000, 0x00000000fd700000| Untracked 
|  24|0x00000000fd800000, 0x00000000fd800000, 0x00000000fd900000|  0%| F|  |TAMS 0x00000000fd800000, 0x00000000fd800000| Untracked 
|  25|0x00000000fd900000, 0x00000000fd900000, 0x00000000fda00000|  0%| F|  |TAMS 0x00000000fd900000, 0x00000000fd900000| Untracked 
|  26|0x00000000fda00000, 0x00000000fda00000, 0x00000000fdb00000|  0%| F|  |TAMS 0x00000000fda00000, 0x00000000fda00000| Untracked 
|  27|0x00000000fdb00000, 0x00000000fdb00000, 0x00000000fdc00000|  0%| F|  |TAMS 0x00000000fdb00000, 0x00000000fdb00000| Untracked 
|  28|0x00000000fdc00000, 0x00000000fdc00000, 0x00000000fdd00000|  0%| F|  |TAMS 0x00000000fdc00000, 0x00000000fdc00000| Untracked 
|  29|0x00000000fdd00000, 0x00000000fddf24e0, 0x00000000fde00000| 94%| S|CS|TAMS 0x00000000fdd00000, 0x00000000fdd00000| Complete 
|  30|0x00000000fde00000, 0x00000000fdf00000, 0x00000000fdf00000|100%| S|CS|TAMS 0x00000000fde00000, 0x00000000fde00000| Complete 
|  31|0x00000000fdf00000, 0x00000000fe000000, 0x00000000fe000000|100%| S|CS|TAMS 0x00000000fdf00000, 0x00000000fdf00000| Complete 
|  32|0x00000000fe000000, 0x00000000fe100000, 0x00000000fe100000|100%| S|CS|TAMS 0x00000000fe000000, 0x00000000fe000000| Complete 
|  33|0x00000000fe100000, 0x00000000fe100000, 0x00000000fe200000|  0%| F|  |TAMS 0x00000000fe100000, 0x00000000fe100000| Untracked 
|  34|0x00000000fe200000, 0x00000000fe200000, 0x00000000fe300000|  0%| F|  |TAMS 0x00000000fe200000, 0x00000000fe200000| Untracked 
|  35|0x00000000fe300000, 0x00000000fe300000, 0x00000000fe400000|  0%| F|  |TAMS 0x00000000fe300000, 0x00000000fe300000| Untracked 
|  36|0x00000000fe400000, 0x00000000fe400000, 0x00000000fe500000|  0%| F|  |TAMS 0x00000000fe400000, 0x00000000fe400000| Untracked 
|  37|0x00000000fe500000, 0x00000000fe500000, 0x00000000fe600000|  0%| F|  |TAMS 0x00000000fe500000, 0x00000000fe500000| Untracked 
|  38|0x00000000fe600000, 0x00000000fe600000, 0x00000000fe700000|  0%| F|  |TAMS 0x00000000fe600000, 0x00000000fe600000| Untracked 
|  39|0x00000000fe700000, 0x00000000fe700000, 0x00000000fe800000|  0%| F|  |TAMS 0x00000000fe700000, 0x00000000fe700000| Untracked 
|  40|0x00000000fe800000, 0x00000000fe800000, 0x00000000fe900000|  0%| F|  |TAMS 0x00000000fe800000, 0x00000000fe800000| Untracked 
|  41|0x00000000fe900000, 0x00000000fe900000, 0x00000000fea00000|  0%| F|  |TAMS 0x00000000fe900000, 0x00000000fe900000| Untracked 
|  42|0x00000000fea00000, 0x00000000fea00000, 0x00000000feb00000|  0%| F|  |TAMS 0x00000000fea00000, 0x00000000fea00000| Untracked 
|  43|0x00000000feb00000, 0x00000000feb00000, 0x00000000fec00000|  0%| F|  |TAMS 0x00000000feb00000, 0x00000000feb00000| Untracked 
|  44|0x00000000fec00000, 0x00000000fec00000, 0x00000000fed00000|  0%| F|  |TAMS 0x00000000fec00000, 0x00000000fec00000| Untracked 
|  45|0x00000000fed00000, 0x00000000fed00000, 0x00000000fee00000|  0%| F|  |TAMS 0x00000000fed00000, 0x00000000fed00000| Untracked 
|  46|0x00000000fee00000, 0x00000000fee00000, 0x00000000fef00000|  0%| F|  |TAMS 0x00000000fee00000, 0x00000000fee00000| Untracked 
|  47|0x00000000fef00000, 0x00000000fef00000, 0x00000000ff000000|  0%| F|  |TAMS 0x00000000fef00000, 0x00000000fef00000| Untracked 
|  48|0x00000000ff000000, 0x00000000ff000000, 0x00000000ff100000|  0%| F|  |TAMS 0x00000000ff000000, 0x00000000ff000000| Untracked 
|  49|0x00000000ff100000, 0x00000000ff100000, 0x00000000ff200000|  0%| F|  |TAMS 0x00000000ff100000, 0x00000000ff100000| Untracked 
|  50|0x00000000ff200000, 0x00000000ff200000, 0x00000000ff300000|  0%| F|  |TAMS 0x00000000ff200000, 0x00000000ff200000| Untracked 
|  51|0x00000000ff300000, 0x00000000ff300000, 0x00000000ff400000|  0%| F|  |TAMS 0x00000000ff300000, 0x00000000ff300000| Untracked 
|  52|0x00000000ff400000, 0x00000000ff400000, 0x00000000ff500000|  0%| F|  |TAMS 0x00000000ff400000, 0x00000000ff400000| Untracked 
|  53|0x00000000ff500000, 0x00000000ff500000, 0x00000000ff600000|  0%| F|  |TAMS 0x00000000ff500000, 0x00000000ff500000| Untracked 
|  54|0x00000000ff600000, 0x00000000ff700000, 0x00000000ff700000|100%| E|  |TAMS 0x00000000ff600000, 0x00000000ff600000| Complete 
|  55|0x00000000ff700000, 0x00000000ff800000, 0x00000000ff800000|100%| E|CS|TAMS 0x00000000ff700000, 0x00000000ff700000| Complete 
|  56|0x00000000ff800000, 0x00000000ff900000, 0x00000000ff900000|100%| E|CS|TAMS 0x00000000ff800000, 0x00000000ff800000| Complete 
|  57|0x00000000ff900000, 0x00000000ffa00000, 0x00000000ffa00000|100%| E|CS|TAMS 0x00000000ff900000, 0x00000000ff900000| Complete 
|  58|0x00000000ffa00000, 0x00000000ffb00000, 0x00000000ffb00000|100%| E|CS|TAMS 0x00000000ffa00000, 0x00000000ffa00000| Complete 
|  59|0x00000000ffb00000, 0x00000000ffc00000, 0x00000000ffc00000|100%| E|CS|TAMS 0x00000000ffb00000, 0x00000000ffb00000| Complete 
|  60|0x00000000ffc00000, 0x00000000ffd00000, 0x00000000ffd00000|100%| E|CS|TAMS 0x00000000ffc00000, 0x00000000ffc00000| Complete 
|  61|0x00000000ffd00000, 0x00000000ffe00000, 0x00000000ffe00000|100%| E|CS|TAMS 0x00000000ffd00000, 0x00000000ffd00000| Complete 
|  62|0x00000000ffe00000, 0x00000000fff00000, 0x00000000fff00000|100%| E|CS|TAMS 0x00000000ffe00000, 0x00000000ffe00000| Complete 
|  63|0x00000000fff00000, 0x0000000100000000, 0x0000000100000000|100%| E|CS|TAMS 0x00000000fff00000, 0x00000000fff00000| Complete 

Card table byte_map: [0x00000285ef630000,0x00000285ef650000] _byte_map_base: 0x00000285eee50000

Marking Bits (Prev, Next): (CMBitMap*) 0x00000285d82a5040, (CMBitMap*) 0x00000285d82a5080
 Prev Bits: [0x00000285ef670000, 0x00000285ef770000)
 Next Bits: [0x00000285ef770000, 0x00000285ef870000)

Polling page: 0x00000285d8350000

Metaspace:

Usage:
  Non-class:      8.36 MB used.
      Class:      1.29 MB used.
       Both:      9.64 MB used.

Virtual space:
  Non-class space:       64.00 MB reserved,       8.50 MB ( 13%) committed,  1 nodes.
      Class space:        1.00 GB reserved,       1.38 MB ( <1%) committed,  1 nodes.
             Both:        1.06 GB reserved,       9.88 MB ( <1%) committed. 

Chunk freelists:
   Non-Class:  7.34 MB
       Class:  14.58 MB
        Both:  21.92 MB

MaxMetaspaceSize: unlimited
CompressedClassSpaceSize: 1.00 GB
Initial GC threshold: 21.00 MB
Current GC threshold: 21.00 MB
CDS: on
MetaspaceReclaimPolicy: balanced
 - commit_granule_bytes: 65536.
 - commit_granule_words: 8192.
 - virtual_space_node_default_size: 8388608.
 - enlarge_chunks_in_place: 1.
 - new_chunks_are_fully_committed: 0.
 - uncommit_free_chunks: 1.
 - use_allocation_guard: 0.
 - handle_deallocations: 1.


Internal statistics:

num_allocs_failed_limit: 0.
num_arena_births: 82.
num_arena_deaths: 0.
num_vsnodes_births: 2.
num_vsnodes_deaths: 0.
num_space_committed: 158.
num_space_uncommitted: 0.
num_chunks_returned_to_freelist: 0.
num_chunks_taken_from_freelist: 354.
num_chunk_merges: 0.
num_chunk_splits: 238.
num_chunks_enlarged: 199.
num_inconsistent_stats: 0.

CodeHeap 'non-profiled nmethods': size=120000Kb used=776Kb max_used=776Kb free=119223Kb
 bounds [0x00000285e7650000, 0x00000285e78c0000, 0x00000285eeb80000]
CodeHeap 'profiled nmethods': size=120000Kb used=2855Kb max_used=2855Kb free=117144Kb
 bounds [0x00000285dfb80000, 0x00000285dfe50000, 0x00000285e70b0000]
CodeHeap 'non-nmethods': size=5760Kb used=1181Kb max_used=1211Kb free=4578Kb
 bounds [0x00000285e70b0000, 0x00000285e7320000, 0x00000285e7650000]
 total_blobs=2015 nmethods=1535 adapters=393
 compilation: enabled
              stopped_count=0, restarted_count=0
 full_count=0

Compilation events (20 events):
Event: 3.604 Thread 0x00000285f2258630 nmethod 1473 0x00000285e7708090 code [0x00000285e7708380, 0x00000285e770a800]
Event: 3.616 Thread 0x00000285f8294040 nmethod 1474% 0x00000285e770ba10 code [0x00000285e770bbe0, 0x00000285e770d148]
Event: 3.643 Thread 0x00000285f225d500 1525       3       jdk.internal.jimage.ImageStringsReader::match (11 bytes)
Event: 3.643 Thread 0x00000285f225d500 nmethod 1525 0x00000285dfe43410 code [0x00000285dfe435c0, 0x00000285dfe43788]
Event: 3.643 Thread 0x00000285f225d500 1526       3       jdk.internal.jimage.BasicImageReader::match (37 bytes)
Event: 3.643 Thread 0x00000285f225d500 nmethod 1526 0x00000285dfe43890 code [0x00000285dfe43a60, 0x00000285dfe43cf8]
Event: 3.643 Thread 0x00000285f225d500 1527       3       java.security.Provider$UString::hashCode (8 bytes)
Event: 3.643 Thread 0x00000285f8294560 1528       4       java.util.HashMap::putVal (300 bytes)
Event: 3.643 Thread 0x00000285f225d500 nmethod 1527 0x00000285dfe43e10 code [0x00000285dfe43fc0, 0x00000285dfe44108]
Event: 3.645 Thread 0x00000285f225d500 1529       3       java.lang.Class::newReflectionData (66 bytes)
Event: 3.645 Thread 0x00000285f225d500 nmethod 1529 0x00000285dfe44210 code [0x00000285dfe44420, 0x00000285dfe44d38]
Event: 3.646 Thread 0x00000285f225d500 1530       3       java.util.concurrent.ConcurrentHashMap::<init> (5 bytes)
Event: 3.646 Thread 0x00000285f225d500 nmethod 1530 0x00000285dfe45010 code [0x00000285dfe451c0, 0x00000285dfe45378]
Event: 3.646 Thread 0x00000285f8294040 1531   !   4       java.util.concurrent.ConcurrentHashMap::transfer (849 bytes)
Event: 3.649 Thread 0x00000285f225d500 1532       3       java.io.FileDescriptor::<init> (17 bytes)
Event: 3.649 Thread 0x00000285f225d500 nmethod 1532 0x00000285dfe45490 code [0x00000285dfe45620, 0x00000285dfe45798]
Event: 3.650 Thread 0x00000285f225d500 1533       3       java.lang.invoke.VarHandleGuards::guard_LII_V (137 bytes)
Event: 3.652 Thread 0x00000285f225d500 nmethod 1533 0x00000285dfe45890 code [0x00000285dfe45ce0, 0x00000285dfe488b8]
Event: 3.652 Thread 0x00000285f225d500 1534       3       java.lang.invoke.VarHandleByteArrayAsInts$ArrayHandle::set (39 bytes)
Event: 3.652 Thread 0x00000285f225d500 nmethod 1534 0x00000285dfe49510 code [0x00000285dfe49700, 0x00000285dfe49c38]

GC Heap History (4 events):
Event: 0.656 GC heap before
{Heap before GC invocations=0 (full 0):
 garbage-first heap   total 65536K, used 22528K [0x00000000fc000000, 0x0000000100000000)
  region size 1024K, 23 young (23552K), 0 survivors (0K)
 Metaspace       used 1819K, committed 1920K, reserved 1114112K
  class space    used 159K, committed 192K, reserved 1048576K
}
Event: 0.661 GC heap after
{Heap after GC invocations=1 (full 0):
 garbage-first heap   total 65536K, used 4040K [0x00000000fc000000, 0x0000000100000000)
  region size 1024K, 3 young (3072K), 3 survivors (3072K)
 Metaspace       used 1819K, committed 1920K, reserved 1114112K
  class space    used 159K, committed 192K, reserved 1048576K
}
Event: 1.495 GC heap before
{Heap before GC invocations=1 (full 0):
 garbage-first heap   total 65536K, used 36808K [0x00000000fc000000, 0x0000000100000000)
  region size 1024K, 31 young (31744K), 3 survivors (3072K)
 Metaspace       used 8149K, committed 8384K, reserved 1114112K
  class space    used 1107K, committed 1216K, reserved 1048576K
}
Event: 1.499 GC heap after
{Heap after GC invocations=2 (full 0):
 garbage-first heap   total 65536K, used 12412K [0x00000000fc000000, 0x0000000100000000)
  region size 1024K, 4 young (4096K), 4 survivors (4096K)
 Metaspace       used 8149K, committed 8384K, reserved 1114112K
  class space    used 1107K, committed 1216K, reserved 1048576K
}

Deoptimization events (20 events):
Event: 1.643 Thread 0x00000285f76feeb0 DEOPT PACKING pc=0x00000285e76b9fd0 sp=0x000000c97f07ee10
Event: 1.643 Thread 0x00000285f76feeb0 DEOPT UNPACKING pc=0x00000285e71023a3 sp=0x000000c97f07ed00 mode 2
Event: 1.643 Thread 0x00000285f76feeb0 Uncommon trap: trap_request=0xffffff45 fr.pc=0x00000285e7696814 relative=0x0000000000000114
Event: 1.643 Thread 0x00000285f76feeb0 Uncommon trap: reason=unstable_if action=reinterpret pc=0x00000285e7696814 method=java.lang.String.getBytes([BIIBI)V @ 6 c2
Event: 1.643 Thread 0x00000285f76feeb0 DEOPT PACKING pc=0x00000285e7696814 sp=0x000000c97f07eca0
Event: 1.643 Thread 0x00000285f76feeb0 DEOPT UNPACKING pc=0x00000285e71023a3 sp=0x000000c97f07ec68 mode 2
Event: 1.643 Thread 0x00000285f76feeb0 Uncommon trap: trap_request=0xffffff45 fr.pc=0x00000285e76e6aa0 relative=0x0000000000000400
Event: 1.643 Thread 0x00000285f76feeb0 Uncommon trap: reason=unstable_if action=reinterpret pc=0x00000285e76e6aa0 method=java.lang.AbstractStringBuilder.isLatin1()Z @ 10 c2
Event: 1.643 Thread 0x00000285f76feeb0 DEOPT PACKING pc=0x00000285e76e6aa0 sp=0x000000c97f07ee90
Event: 1.643 Thread 0x00000285f76feeb0 DEOPT UNPACKING pc=0x00000285e71023a3 sp=0x000000c97f07ee10 mode 2
Event: 3.550 Thread 0x00000285f76feeb0 Uncommon trap: trap_request=0xffffff45 fr.pc=0x00000285e765f404 relative=0x0000000000000084
Event: 3.550 Thread 0x00000285f76feeb0 Uncommon trap: reason=unstable_if action=reinterpret pc=0x00000285e765f404 method=java.lang.String.codePointAt(I)I @ 4 c2
Event: 3.550 Thread 0x00000285f76feeb0 DEOPT PACKING pc=0x00000285e765f404 sp=0x000000c97f07ee00
Event: 3.550 Thread 0x00000285f76feeb0 DEOPT UNPACKING pc=0x00000285e71023a3 sp=0x000000c97f07ed98 mode 2
Event: 3.552 Thread 0x00000285f76feeb0 Uncommon trap: trap_request=0xffffffde fr.pc=0x00000285e76d7260 relative=0x0000000000001220
Event: 3.552 Thread 0x00000285f76feeb0 Uncommon trap: reason=class_check action=maybe_recompile pc=0x00000285e76d7260 method=java.util.concurrent.ConcurrentHashMap.putVal(Ljava/lang/Object;Ljava/lang/Object;Z)Ljava/lang/Object; @ 242 c2
Event: 3.552 Thread 0x00000285f76feeb0 DEOPT PACKING pc=0x00000285e76d7260 sp=0x000000c97f07e320
Event: 3.552 Thread 0x00000285f76feeb0 DEOPT UNPACKING pc=0x00000285e71023a3 sp=0x000000c97f07e290 mode 2
Event: 3.557 Thread 0x00000285d8284280 DEOPT PACKING pc=0x00000285dfdd0088 sp=0x000000c97c7fd0f0
Event: 3.557 Thread 0x00000285d8284280 DEOPT UNPACKING pc=0x00000285e7102b43 sp=0x000000c97c7fc5f8 mode 0

Classes unloaded (0 events):
No events

Classes redefined (0 events):
No events

Internal exceptions (20 events):
Event: 0.950 Thread 0x00000285d8284280 Exception <a 'java/lang/NoSuchMethodError'{0x00000000ff4ce4b8}: 'java.lang.Object java.lang.invoke.DirectMethodHandle$Holder.invokeStatic(java.lang.Object, java.lang.Object, int)'> (0x00000000ff4ce4b8) 
thrown [s\open\src\hotspot\share\interpreter\linkResolver.cpp, line 759]
Event: 0.952 Thread 0x00000285d8284280 Exception <a 'java/lang/NoSuchMethodError'{0x00000000ff4da1a8}: 'void java.lang.invoke.DelegatingMethodHandle$Holder.delegate(java.lang.Object, java.lang.Object, int, java.lang.Object)'> (0x00000000ff4da1a8) 
thrown [s\open\src\hotspot\share\interpreter\linkResolver.cpp, line 759]
Event: 0.952 Thread 0x00000285d8284280 Exception <a 'java/lang/NoSuchMethodError'{0x00000000ff4de1e0}: 'int java.lang.invoke.DirectMethodHandle$Holder.invokeSpecial(java.lang.Object, java.lang.Object, java.lang.Object)'> (0x00000000ff4de1e0) 
thrown [s\open\src\hotspot\share\interpreter\linkResolver.cpp, line 759]
Event: 0.955 Thread 0x00000285d8284280 Exception <a 'java/lang/NoSuchMethodError'{0x00000000ff4f12f0}: 'java.lang.Object java.lang.invoke.Invokers$Holder.invokeExact_MT(java.lang.Object, java.lang.Object, java.lang.Object, java.lang.Object)'> (0x00000000ff4f12f0) 
thrown [s\open\src\hotspot\share\interpreter\linkResolver.cpp, line 759]
Event: 0.964 Thread 0x00000285d8284280 Exception <a 'java/lang/NoSuchMethodError'{0x00000000ff32c8c0}: 'java.lang.Object java.lang.invoke.DirectMethodHandle$Holder.invokeVirtual(java.lang.Object, java.lang.Object, java.lang.Object)'> (0x00000000ff32c8c0) 
thrown [s\open\src\hotspot\share\interpreter\linkResolver.cpp, line 759]
Event: 1.044 Thread 0x00000285d8284280 Exception <a 'java/lang/NoSuchMethodError'{0x00000000fef762b0}: 'java.lang.Object java.lang.invoke.DirectMethodHandle$Holder.newInvokeSpecial(java.lang.Object, java.lang.Object, java.lang.Object, java.lang.Object, java.lang.Object)'> (0x00000000fef762b0) 
thrown [s\open\src\hotspot\share\interpreter\linkResolver.cpp, line 759]
Event: 1.083 Thread 0x00000285d8284280 Exception <a 'java/lang/NoSuchMethodError'{0x00000000fec45bc0}: 'void java.lang.invoke.DirectMethodHandle$Holder.invokeSpecial(java.lang.Object, java.lang.Object, java.lang.Object)'> (0x00000000fec45bc0) 
thrown [s\open\src\hotspot\share\interpreter\linkResolver.cpp, line 759]
Event: 1.088 Thread 0x00000285d8284280 Implicit null exception at 0x00000285e76baa0f to 0x00000285e76baf6c
Event: 1.089 Thread 0x00000285d8284280 Implicit null exception at 0x00000285e769a78f to 0x00000285e769ad10
Event: 1.104 Thread 0x00000285d8284280 Exception <a 'java/lang/NoSuchMethodError'{0x00000000febb8ca0}: 'java.lang.Object java.lang.invoke.DirectMethodHandle$Holder.invokeStaticInit(java.lang.Object)'> (0x00000000febb8ca0) 
thrown [s\open\src\hotspot\share\interpreter\linkResolver.cpp, line 759]
Event: 1.190 Thread 0x00000285d8284280 Exception <a 'java/lang/NoSuchMethodError'{0x00000000feaa68a8}: 'int java.lang.invoke.DirectMethodHandle$Holder.invokeVirtual(java.lang.Object, java.lang.Object, java.lang.Object)'> (0x00000000feaa68a8) 
thrown [s\open\src\hotspot\share\interpreter\linkResolver.cpp, line 759]
Event: 1.228 Thread 0x00000285d8284280 Exception <a 'java/lang/NoSuchMethodError'{0x00000000fe5fba00}: 'java.lang.Object java.lang.invoke.DirectMethodHandle$Holder.invokeSpecialIFC(java.lang.Object, java.lang.Object, java.lang.Object, java.lang.Object)'> (0x00000000fe5fba00) 
thrown [s\open\src\hotspot\share\interpreter\linkResolver.cpp, line 759]
Event: 1.273 Thread 0x00000285d8284280 Exception <a 'java/lang/NoSuchMethodError'{0x00000000fe2c82e8}: 'java.lang.Object java.lang.invoke.DirectMethodHandle$Holder.invokeStaticInit(java.lang.Object, int, int, int, int)'> (0x00000000fe2c82e8) 
thrown [s\open\src\hotspot\share\interpreter\linkResolver.cpp, line 759]
Event: 1.345 Thread 0x00000285d8284280 Exception <a 'java/lang/NoSuchMethodError'{0x00000000fe1a7958}: 'java.lang.Object java.lang.invoke.DirectMethodHandle$Holder.invokeStaticInit(java.lang.Object, java.lang.Object, int, int, int, int)'> (0x00000000fe1a7958) 
thrown [s\open\src\hotspot\share\interpreter\linkResolver.cpp, line 759]
Event: 1.492 Thread 0x00000285d8284280 Exception <a 'java/lang/NoSuchMethodError'{0x00000000fe1d9ae0}: 'void java.lang.invoke.DirectMethodHandle$Holder.invokeStatic(java.lang.Object, java.lang.Object, java.lang.Object)'> (0x00000000fe1d9ae0) 
thrown [s\open\src\hotspot\share\interpreter\linkResolver.cpp, line 759]
Event: 1.621 Thread 0x00000285f76feeb0 Exception <a 'java/lang/NoSuchMethodError'{0x00000000ff80be50}: 'void java.lang.invoke.DirectMethodHandle$Holder.invokeStatic(java.lang.Object, long)'> (0x00000000ff80be50) 
thrown [s\open\src\hotspot\share\interpreter\linkResolver.cpp, line 759]
Event: 1.621 Thread 0x00000285f76feeb0 Exception <a 'java/lang/NoSuchMethodError'{0x00000000ff811c58}: 'java.lang.Object java.lang.invoke.DirectMethodHandle$Holder.newInvokeSpecial(java.lang.Object, long)'> (0x00000000ff811c58) 
thrown [s\open\src\hotspot\share\interpreter\linkResolver.cpp, line 759]
Event: 1.624 Thread 0x00000285f76feeb0 Exception <a 'java/lang/NoSuchMethodError'{0x00000000ff81c880}: 'java.lang.Object java.lang.invoke.DirectMethodHandle$Holder.invokeStaticInit(java.lang.Object, java.lang.Object, long, java.lang.Object)'> (0x00000000ff81c880) 
thrown [s\open\src\hotspot\share\interpreter\linkResolver.cpp, line 759]
Event: 1.625 Thread 0x00000285f76feeb0 Exception <a 'java/lang/NoSuchMethodError'{0x00000000ff822f08}: 'java.lang.Object java.lang.invoke.DirectMethodHandle$Holder.newInvokeSpecial(java.lang.Object, java.lang.Object, long)'> (0x00000000ff822f08) 
thrown [s\open\src\hotspot\share\interpreter\linkResolver.cpp, line 759]
Event: 1.625 Thread 0x00000285f76feeb0 Exception <a 'java/lang/NoSuchMethodError'{0x00000000ff8271f8}: 'java.lang.Object java.lang.invoke.Invokers$Holder.linkToTargetMethod(java.lang.Object, long, java.lang.Object)'> (0x00000000ff8271f8) 
thrown [s\open\src\hotspot\share\interpreter\linkResolver.cpp, line 759]

VM Operations (20 events):
Event: 0.950 Executing VM operation: HandshakeAllThreads
Event: 0.950 Executing VM operation: HandshakeAllThreads done
Event: 1.127 Executing VM operation: HandshakeAllThreads
Event: 1.127 Executing VM operation: HandshakeAllThreads done
Event: 1.184 Executing VM operation: HandshakeAllThreads
Event: 1.184 Executing VM operation: HandshakeAllThreads done
Event: 1.234 Executing VM operation: HandshakeAllThreads
Event: 1.234 Executing VM operation: HandshakeAllThreads done
Event: 1.334 Executing VM operation: HandshakeAllThreads
Event: 1.334 Executing VM operation: HandshakeAllThreads done
Event: 1.495 Executing VM operation: G1CollectForAllocation
Event: 1.499 Executing VM operation: G1CollectForAllocation done
Event: 1.641 Executing VM operation: HandshakeAllThreads
Event: 1.641 Executing VM operation: HandshakeAllThreads done
Event: 1.726 Executing VM operation: HandshakeAllThreads
Event: 1.726 Executing VM operation: HandshakeAllThreads done
Event: 2.731 Executing VM operation: Cleanup
Event: 2.731 Executing VM operation: Cleanup done
Event: 3.579 Executing VM operation: HandshakeAllThreads
Event: 3.579 Executing VM operation: HandshakeAllThreads done

Events (20 events):
Event: 3.646 loading class com/sun/security/sasl/Provider$1
Event: 3.646 loading class com/sun/security/sasl/Provider$1 done
Event: 3.646 loading class com/sun/security/sasl/Provider$ProviderService
Event: 3.646 loading class com/sun/security/sasl/Provider$ProviderService done
Event: 3.647 loading class sun/nio/ch/ServerSocketChannelImpl
Event: 3.647 loading class sun/nio/ch/ServerSocketChannelImpl done
Event: 3.650 loading class sun/nio/ch/Util$BufferCache
Event: 3.650 loading class sun/nio/ch/Util$BufferCache done
Event: 3.650 loading class sun/nio/ch/IOStatus
Event: 3.650 loading class sun/nio/ch/IOStatus done
Event: 3.651 loading class java/nio/BufferMismatch
Event: 3.651 loading class java/nio/BufferMismatch done
Event: 3.651 loading class sun/nio/ch/SourceChannelImpl
Event: 3.651 loading class java/nio/channels/Pipe$SourceChannel
Event: 3.651 loading class java/nio/channels/Pipe$SourceChannel done
Event: 3.651 loading class sun/nio/ch/SourceChannelImpl done
Event: 3.651 loading class sun/nio/ch/SinkChannelImpl
Event: 3.652 loading class java/nio/channels/Pipe$SinkChannel
Event: 3.652 loading class java/nio/channels/Pipe$SinkChannel done
Event: 3.652 loading class sun/nio/ch/SinkChannelImpl done


Dynamic libraries:
0x00007ff777760000 - 0x00007ff777770000 	C:\Program Files\Java\jdk-17\bin\java.exe
0x00007ff9410e0000 - 0x00007ff941343000 	C:\Windows\SYSTEM32\ntdll.dll
0x00007ff940da0000 - 0x00007ff940e67000 	C:\Windows\System32\KERNEL32.DLL
0x00007ff93e710000 - 0x00007ff93ead9000 	C:\Windows\System32\KERNELBASE.dll
0x00007ff93ed10000 - 0x00007ff93ee5c000 	C:\Windows\System32\ucrtbase.dll
0x00007ff9369c0000 - 0x00007ff9369db000 	C:\Program Files\Java\jdk-17\bin\VCRUNTIME140.dll
0x00007ff9369a0000 - 0x00007ff9369b9000 	C:\Program Files\Java\jdk-17\bin\jli.dll
0x00007ff940eb0000 - 0x00007ff940f62000 	C:\Windows\System32\ADVAPI32.dll
0x00007ff93f1d0000 - 0x00007ff93f279000 	C:\Windows\System32\msvcrt.dll
0x00007ff93efc0000 - 0x00007ff93f066000 	C:\Windows\System32\sechost.dll
0x00007ff940360000 - 0x00007ff940476000 	C:\Windows\System32\RPCRT4.dll
0x00007ff940840000 - 0x00007ff940a0a000 	C:\Windows\System32\USER32.dll
0x00007ff93e370000 - 0x00007ff93e397000 	C:\Windows\System32\win32u.dll
0x00007ff941070000 - 0x00007ff94109a000 	C:\Windows\System32\GDI32.dll
0x00007ff93e3a0000 - 0x00007ff93e4d1000 	C:\Windows\System32\gdi32full.dll
0x00007ff927ef0000 - 0x00007ff928180000 	C:\Windows\WinSxS\amd64_microsoft.windows.common-controls_6595b64144ccf1df_6.0.26100.3323_none_3e088096e3344490\COMCTL32.dll
0x00007ff93e4e0000 - 0x00007ff93e583000 	C:\Windows\System32\msvcp_win.dll
0x00007ff9365c0000 - 0x00007ff9365cb000 	C:\Windows\SYSTEM32\VERSION.dll
0x00007ff940e70000 - 0x00007ff940e9f000 	C:\Windows\System32\IMM32.DLL
0x00007ff936a50000 - 0x00007ff936a5c000 	C:\Program Files\Java\jdk-17\bin\vcruntime140_1.dll
0x00007ff90e8a0000 - 0x00007ff90e92e000 	C:\Program Files\Java\jdk-17\bin\msvcp140.dll
0x00007ff8bc1f0000 - 0x00007ff8bcdd1000 	C:\Program Files\Java\jdk-17\bin\server\jvm.dll
0x00007ff93efa0000 - 0x00007ff93efa8000 	C:\Windows\System32\PSAPI.DLL
0x00007ff918630000 - 0x00007ff91863a000 	C:\Windows\SYSTEM32\WSOCK32.dll
0x00007ff92aa60000 - 0x00007ff92aa96000 	C:\Windows\SYSTEM32\WINMM.dll
0x00007ff9406e0000 - 0x00007ff940754000 	C:\Windows\System32\WS2_32.dll
0x00007ff93d0c0000 - 0x00007ff93d0da000 	C:\Windows\SYSTEM32\kernel.appcore.dll
0x00007ff92d600000 - 0x00007ff92d60a000 	C:\Program Files\Java\jdk-17\bin\jimage.dll
0x00007ff93ba40000 - 0x00007ff93bc81000 	C:\Windows\SYSTEM32\DBGHELP.DLL
0x00007ff940a10000 - 0x00007ff940d92000 	C:\Windows\System32\combase.dll
0x00007ff940760000 - 0x00007ff940836000 	C:\Windows\System32\OLEAUT32.dll
0x00007ff936bd0000 - 0x00007ff936c09000 	C:\Windows\SYSTEM32\dbgcore.DLL
0x00007ff93ee60000 - 0x00007ff93eef9000 	C:\Windows\System32\bcryptPrimitives.dll
0x00007ff92d5d0000 - 0x00007ff92d5f5000 	C:\Program Files\Java\jdk-17\bin\java.dll
0x00007ff901c80000 - 0x00007ff901d57000 	C:\Program Files\Java\jdk-17\bin\jsvml.dll
0x00007ff93f710000 - 0x00007ff93fe25000 	C:\Windows\System32\SHELL32.dll
0x00007ff93eae0000 - 0x00007ff93ec48000 	C:\Windows\System32\wintypes.dll
0x00007ff93bfa0000 - 0x00007ff93c7e5000 	C:\Windows\SYSTEM32\windows.storage.dll
0x00007ff9400d0000 - 0x00007ff9401bb000 	C:\Windows\System32\SHCORE.dll
0x00007ff940fe0000 - 0x00007ff94103d000 	C:\Windows\System32\shlwapi.dll
0x00007ff93e1f0000 - 0x00007ff93e21f000 	C:\Windows\SYSTEM32\profapi.dll
0x00007ff92c880000 - 0x00007ff92c899000 	C:\Program Files\Java\jdk-17\bin\net.dll
0x00007ff936ef0000 - 0x00007ff93700e000 	C:\Windows\SYSTEM32\WINHTTP.dll
0x0000000180000000 - 0x000000018008c000 	C:\Windows\system32\ASProxy64.dll
0x00007ff9401c0000 - 0x00007ff940355000 	C:\Windows\System32\ole32.dll
0x00007ff93cae0000 - 0x00007ff93cb13000 	C:\Windows\SYSTEM32\IPHLPAPI.DLL
0x00007ff93d5c0000 - 0x00007ff93d62a000 	C:\Windows\SYSTEM32\MSWSOCK.dll
0x00007ff93d360000 - 0x00007ff93d3a8000 	C:\Windows\SYSTEM32\SspiCli.dll
0x00007ff93b0f0000 - 0x00007ff93b19e000 	C:\Windows\system32\uxtheme.dll
0x00007ff93ff90000 - 0x00007ff940038000 	C:\Windows\System32\clbcatq.dll
0x00007ff90d8d0000 - 0x00007ff90d8db000 	C:\Windows\SYSTEM32\msiltcfg.dll
0x00007ff926ee0000 - 0x00007ff927226000 	C:\Windows\SYSTEM32\msi.dll
0x00007ff93dbb0000 - 0x00007ff93dbd6000 	C:\Windows\SYSTEM32\bcrypt.dll
0x00007ff93e120000 - 0x00007ff93e1c1000 	C:\Windows\SYSTEM32\sxs.dll
0x00007ff925d40000 - 0x00007ff925d56000 	C:\Program Files\Java\jdk-17\bin\nio.dll
0x00007ff921810000 - 0x00007ff921828000 	C:\Program Files\Java\jdk-17\bin\zip.dll
0x00007ff92d560000 - 0x00007ff92d570000 	C:\Program Files\Java\jdk-17\bin\verify.dll
0x00007ff91ee90000 - 0x00007ff91eeb7000 	C:\Users\Administrator\.gradle\native\c067742578af261105cb4f569cf0c3c89f3d7b1fecec35dd04571415982c5e48\windows-amd64\native-platform.dll
0x00007ff92cac0000 - 0x00007ff92caca000 	C:\Users\Administrator\.gradle\native\jansi\1.18\windows64\jansi.dll
0x00007ff9260c0000 - 0x00007ff9260ca000 	C:\Program Files\Java\jdk-17\bin\management.dll
0x00007ff9260a0000 - 0x00007ff9260ab000 	C:\Program Files\Java\jdk-17\bin\management_ext.dll
0x00007ff93d970000 - 0x00007ff93d98c000 	C:\Windows\SYSTEM32\CRYPTSP.dll
0x00007ff93d020000 - 0x00007ff93d05a000 	C:\Windows\system32\rsaenh.dll
0x00007ff93d660000 - 0x00007ff93d68b000 	C:\Windows\SYSTEM32\USERENV.dll
0x00007ff93d7f0000 - 0x00007ff93d7fc000 	C:\Windows\SYSTEM32\CRYPTBASE.dll
0x00007ff93efb0000 - 0x00007ff93efba000 	C:\Windows\System32\NSI.dll
0x00007ff936930000 - 0x00007ff93694f000 	C:\Windows\SYSTEM32\dhcpcsvc6.DLL
0x00007ff936900000 - 0x00007ff936925000 	C:\Windows\SYSTEM32\dhcpcsvc.DLL
0x00007ff93cb70000 - 0x00007ff93cc95000 	C:\Windows\SYSTEM32\DNSAPI.dll
0x00007ff925cd0000 - 0x00007ff925cde000 	C:\Program Files\Java\jdk-17\bin\sunmscapi.dll
0x00007ff93e590000 - 0x00007ff93e707000 	C:\Windows\System32\CRYPT32.dll
0x00007ff93db30000 - 0x00007ff93db60000 	C:\Windows\SYSTEM32\ncrypt.dll
0x00007ff93dae0000 - 0x00007ff93db1f000 	C:\Windows\SYSTEM32\NTASN1.dll
0x00007ff936a40000 - 0x00007ff936a48000 	C:\Windows\system32\wshunix.dll

dbghelp: loaded successfully - version: 4.0.5 - missing functions: none
symbol engine: initialized successfully - sym options: 0x614 - pdb path: .;C:\Program Files\Java\jdk-17\bin;C:\Windows\SYSTEM32;C:\Windows\WinSxS\amd64_microsoft.windows.common-controls_6595b64144ccf1df_6.0.26100.3323_none_3e088096e3344490;C:\Program Files\Java\jdk-17\bin\server;C:\Users\Administrator\.gradle\native\c067742578af261105cb4f569cf0c3c89f3d7b1fecec35dd04571415982c5e48\windows-amd64;C:\Users\Administrator\.gradle\native\jansi\1.18\windows64

VM Arguments:
jvm_args: -Xmx64m -Xms64m -Dorg.gradle.appname=gradlew 
java_command: org.gradle.wrapper.GradleWrapperMain assembleRelease
java_class_path (initial): D:\Workspace\GoogleDrive\killswitch-expo\android\\gradle\wrapper\gradle-wrapper.jar
Launcher Type: SUN_STANDARD

[Global flags]
     intx CICompilerCount                          = 4                                         {product} {ergonomic}
     uint ConcGCThreads                            = 2                                         {product} {ergonomic}
     uint G1ConcRefinementThreads                  = 8                                         {product} {ergonomic}
   size_t G1HeapRegionSize                         = 1048576                                   {product} {ergonomic}
    uintx GCDrainStackTargetSize                   = 64                                        {product} {ergonomic}
   size_t InitialHeapSize                          = 67108864                                  {product} {command line}
   size_t MarkStackSize                            = 4194304                                   {product} {ergonomic}
   size_t MaxHeapSize                              = 67108864                                  {product} {command line}
   size_t MaxNewSize                               = 39845888                                  {product} {ergonomic}
   size_t MinHeapDeltaBytes                        = 1048576                                   {product} {ergonomic}
   size_t MinHeapSize                              = 67108864                                  {product} {command line}
    uintx NonNMethodCodeHeapSize                   = 5839372                                {pd product} {ergonomic}
    uintx NonProfiledCodeHeapSize                  = 122909434                              {pd product} {ergonomic}
    uintx ProfiledCodeHeapSize                     = 122909434                              {pd product} {ergonomic}
    uintx ReservedCodeCacheSize                    = 251658240                              {pd product} {ergonomic}
     bool SegmentedCodeCache                       = true                                      {product} {ergonomic}
   size_t SoftMaxHeapSize                          = 67108864                               {manageable} {ergonomic}
     bool UseCompressedClassPointers               = true                           {product lp64_product} {ergonomic}
     bool UseCompressedOops                        = true                           {product lp64_product} {ergonomic}
     bool UseG1GC                                  = true                                      {product} {ergonomic}
     bool UseLargePagesIndividualAllocation        = false                                  {pd product} {ergonomic}

Logging:
Log output configuration:
 #0: stdout all=warning uptime,level,tags
 #1: stderr all=off uptime,level,tags

Environment Variables:
JAVA_HOME=C:\Program Files\Java\jdk-17
CLASSPATH=D:\Workspace\GoogleDrive\killswitch-expo\android\\gradle\wrapper\gradle-wrapper.jar
PATH=C:\Program Files\Common Files\Oracle\Java\javapath;C:\Program Files (x86)\VMware\VMware Workstation\bin\;C:\Windows\system32;C:\Windows;C:\Windows\System32\Wbem;C:\Windows\System32\WindowsPowerShell\v1.0\;C:\Windows\System32\OpenSSH\;C:\Program Files (x86)\NVIDIA Corporation\PhysX\Common;C:\Users\Administrator\AppData\Local\nvm;C:\nvm4w\nodejs;C:\Program Files\Git\cmd;C:\Program Files\GitHub CLI\;C:\Program Files\dotnet\;C:\Users\Administrator\AppData\Local\Nox\platform-tools;C:\ProgramData\chocolatey\bin;c:\Users\Administrator\AppData\Local\Programs\cursor\resources\app\bin;C:\Users\Administrator\AppData\Local\Android\Sdk\tools;C:\Users\Administrator\AppData\Local\Android\Sdk\tools;C:\Users\Administrator\AppData\Local\Programs\Python\Python311\Scripts\;C:\Users\Administrator\AppData\Local\Programs\Python\Python311\;C:\Users\Administrator\AppData\Local\Microsoft\WindowsApps;C:\Users\Administrator\AppData\Local\nvm;C:\nvm4w\nodejs;C:\Users\Administrator\AppData\Local\Programs\Microsoft VS Code\bin;C:\Users\Administrator\AppData\Local\Android\Sdk\platform-tools;C:\Users\Administrator\AppData\Local\Programs\cursor\resources\app\bin;C:\Program Files\Java\jdk-17\bin;
USERNAME=Administrator
OS=Windows_NT
PROCESSOR_IDENTIFIER=Intel64 Family 6 Model 158 Stepping 9, GenuineIntel



---------------  S Y S T E M  ---------------

OS:
 Windows 11 , 64 bit Build 26100 (10.0.26100.3323)
OS uptime: 2 days 6:41 hours
Hyper-V role detected

CPU: total 8 (initial active 8) (4 cores per cpu, 2 threads per core) family 6 model 158 stepping 9 microcode 0xde, cx8, cmov, fxsr, ht, mmx, 3dnowpref, sse, sse2, sse3, ssse3, sse4.1, sse4.2, popcnt, lzcnt, tsc, tscinvbit, avx, avx2, aes, erms, clmul, bmi1, bmi2, adx, fma, vzeroupper, clflush, clflushopt, hv

Memory: 4k page, system-wide physical 32634M (17016M free)
TotalPageFile size 36602M (AvailPageFile size 12818M)
current process WorkingSet (physical memory assigned to process): 119M, peak: 121M
current process commit charge ("private bytes"): 176M, peak: 177M

vm_info: Java HotSpot(TM) 64-Bit Server VM (17.0.13+10-LTS-268) for windows-amd64 JRE (17.0.13+10-LTS-268), built on Sep 30 2024 06:33:13 by "mach5one" with MS VC++ 17.6 (VS2022)

END.
