#
# A fatal error has been detected by the Java Runtime Environment:
#
#  EXCEPTION_ACCESS_VIOLATION (0xc0000005) at pc=0x000000018000c27b, pid=16976, tid=28212
#
# JRE version: Java(TM) SE Runtime Environment (17.0.12+8) (build 17.0.12+8-LTS-286)
# Java VM: Java HotSpot(TM) 64-Bit Server VM (17.0.12+8-LTS-286, mixed mode, sharing, tiered, compressed oops, compressed class ptrs, g1 gc, windows-amd64)
# Problematic frame:
# C  [ASProxy64.dll+0xc27b]
#
# No core dump will be written. Minidumps are not enabled by default on client versions of Windows
#
# If you would like to submit a bug report, please visit:
#   https://bugreport.java.com/bugreport/crash.jsp
# The crash happened outside the Java Virtual Machine in native code.
# See problematic frame for where to report the bug.
#

---------------  S U M M A R Y ------------

Command Line: -Xmx64m -Xms64m -Dorg.gradle.appname=gradlew org.gradle.wrapper.GradleWrapperMain assembleRelease

Host: Intel(R) Core(TM) i7-7700HQ CPU @ 2.80GHz, 8 cores, 31G,  Windows 11 , 64 bit Build 26100 (10.0.26100.3323)
Time: Thu Mar 27 23:13:50 2025 FLE Standard Time elapsed time: 3.764881 seconds (0d 0h 0m 3s)

---------------  T H R E A D  ---------------

Current thread (0x00000191c1a62c10):  JavaThread "main" [_thread_in_native, id=28212, stack(0x0000008ae9600000,0x0000008ae9700000)]

Stack: [0x0000008ae9600000,0x0000008ae9700000],  sp=0x0000008ae96fcc00,  free space=1011k
Native frames: (J=compiled Java code, j=interpreted, Vv=VM code, C=native code)
C  [ASProxy64.dll+0xc27b]

Java frames: (J=compiled Java code, j=interpreted, Vv=VM code)
j  sun.nio.ch.WEPoll.ctl(JIJI)I+0 java.base@17.0.12
j  sun.nio.ch.WEPollSelectorImpl.<init>(Ljava/nio/channels/spi/SelectorProvider;)V+138 java.base@17.0.12
j  sun.nio.ch.WEPollSelectorProvider.openSelector()Ljava/nio/channels/spi/AbstractSelector;+5 java.base@17.0.12
j  java.nio.channels.Selector.open()Ljava/nio/channels/Selector;+3 java.base@17.0.12
j  org.gradle.internal.remote.internal.inet.SocketConnection$SocketInputStream.<init>(Ljava/nio/channels/SocketChannel;)V+17
j  org.gradle.internal.remote.internal.inet.SocketConnection.<init>(Ljava/nio/channels/SocketChannel;Lorg/gradle/internal/remote/internal/MessageSerializer;Lorg/gradle/internal/serialize/StatefulSerializer;)V+33
j  org.gradle.internal.remote.internal.inet.SocketConnectCompletion.create(Lorg/gradle/internal/serialize/StatefulSerializer;)Lorg/gradle/internal/remote/internal/RemoteConnection;+16
j  org.gradle.launcher.daemon.client.DefaultDaemonConnector.connectToDaemon(Lorg/gradle/launcher/daemon/context/DaemonConnectDetails;Lorg/gradle/launcher/daemon/client/DaemonClientConnection$StaleAddressDetector;)Lorg/gradle/launcher/daemon/client/DaemonClientConnection;+43
j  org.gradle.launcher.daemon.client.DefaultDaemonConnector.connectToDaemonWithId(Lorg/gradle/launcher/daemon/diagnostics/DaemonStartupInfo;Lorg/gradle/api/internal/specs/ExplainingSpec;)Lorg/gradle/launcher/daemon/client/DaemonClientConnection;+115
j  org.gradle.launcher.daemon.client.DefaultDaemonConnector.doStartDaemon(Lorg/gradle/api/internal/specs/ExplainingSpec;Z)Lorg/gradle/launcher/daemon/client/DaemonClientConnection;+58
j  org.gradle.launcher.daemon.client.DefaultDaemonConnector.startDaemon(Lorg/gradle/api/internal/specs/ExplainingSpec;)Lorg/gradle/launcher/daemon/client/DaemonClientConnection;+3
j  org.gradle.launcher.daemon.client.DaemonClient.execute(Lorg/gradle/internal/invocation/BuildAction;Lorg/gradle/launcher/exec/BuildActionParameters;Lorg/gradle/internal/daemon/client/execution/ClientBuildRequestContext;)Lorg/gradle/launcher/exec/BuildActionResult;+201
j  org.gradle.launcher.daemon.client.DaemonClient.execute(Lorg/gradle/internal/invocation/BuildAction;Ljava/lang/Object;Ljava/lang/Object;)Lorg/gradle/launcher/exec/BuildActionResult;+10
j  org.gradle.launcher.cli.RunBuildAction.run()V+67
j  org.gradle.internal.Actions$RunnableActionAdapter.execute(Ljava/lang/Object;)V+4
j  org.gradle.launcher.cli.DefaultCommandLineActionFactory$ParseAndBuildAction.execute(Lorg/gradle/launcher/bootstrap/ExecutionListener;)V+125
j  org.gradle.launcher.cli.DefaultCommandLineActionFactory$ParseAndBuildAction.execute(Ljava/lang/Object;)V+5
j  org.gradle.launcher.cli.DebugLoggerWarningAction.execute(Lorg/gradle/launcher/bootstrap/ExecutionListener;)V+9
j  org.gradle.launcher.cli.DebugLoggerWarningAction.execute(Ljava/lang/Object;)V+5
j  org.gradle.launcher.cli.WelcomeMessageAction.execute(Lorg/gradle/launcher/bootstrap/ExecutionListener;)V+218
j  org.gradle.launcher.cli.WelcomeMessageAction.execute(Ljava/lang/Object;)V+5
j  org.gradle.launcher.cli.NativeServicesInitializingAction.execute(Lorg/gradle/launcher/bootstrap/ExecutionListener;)V+38
j  org.gradle.launcher.cli.NativeServicesInitializingAction.execute(Ljava/lang/Object;)V+5
j  org.gradle.launcher.cli.ExceptionReportingAction.execute(Lorg/gradle/launcher/bootstrap/ExecutionListener;)V+5
j  org.gradle.launcher.cli.ExceptionReportingAction.execute(Ljava/lang/Object;)V+5
j  org.gradle.launcher.cli.DefaultCommandLineActionFactory$WithLogging.execute(Lorg/gradle/launcher/bootstrap/ExecutionListener;)V+309
j  org.gradle.launcher.Main.doAction([Ljava/lang/String;Lorg/gradle/launcher/bootstrap/ExecutionListener;)V+14
j  org.gradle.launcher.bootstrap.EntryPoint.run([Ljava/lang/String;)V+12
v  ~StubRoutines::call_stub
j  jdk.internal.reflect.NativeMethodAccessorImpl.invoke0(Ljava/lang/reflect/Method;Ljava/lang/Object;[Ljava/lang/Object;)Ljava/lang/Object;+0 java.base@17.0.12
j  jdk.internal.reflect.NativeMethodAccessorImpl.invoke(Ljava/lang/Object;[Ljava/lang/Object;)Ljava/lang/Object;+133 java.base@17.0.12
j  jdk.internal.reflect.DelegatingMethodAccessorImpl.invoke(Ljava/lang/Object;[Ljava/lang/Object;)Ljava/lang/Object;+6 java.base@17.0.12
j  java.lang.reflect.Method.invoke(Ljava/lang/Object;[Ljava/lang/Object;)Ljava/lang/Object;+59 java.base@17.0.12
j  org.gradle.launcher.bootstrap.ProcessBootstrap.runNoExit(Ljava/lang/String;Ljava/lang/String;Ljava/lang/String;[Ljava/lang/String;)V+205
j  org.gradle.launcher.bootstrap.ProcessBootstrap.run(Ljava/lang/String;Ljava/lang/String;Ljava/lang/String;[Ljava/lang/String;)V+4
j  org.gradle.launcher.GradleMain.main([Ljava/lang/String;)V+68
v  ~StubRoutines::call_stub
j  jdk.internal.reflect.NativeMethodAccessorImpl.invoke0(Ljava/lang/reflect/Method;Ljava/lang/Object;[Ljava/lang/Object;)Ljava/lang/Object;+0 java.base@17.0.12
j  jdk.internal.reflect.NativeMethodAccessorImpl.invoke(Ljava/lang/Object;[Ljava/lang/Object;)Ljava/lang/Object;+133 java.base@17.0.12
j  jdk.internal.reflect.DelegatingMethodAccessorImpl.invoke(Ljava/lang/Object;[Ljava/lang/Object;)Ljava/lang/Object;+6 java.base@17.0.12
j  java.lang.reflect.Method.invoke(Ljava/lang/Object;[Ljava/lang/Object;)Ljava/lang/Object;+59 java.base@17.0.12
j  org.gradle.wrapper.GradleWrapperMain.main([Ljava/lang/String;)V+1826
v  ~StubRoutines::call_stub

siginfo: EXCEPTION_ACCESS_VIOLATION (0xc0000005), writing address 0x00000192303fabbc


Registers:
RAX=0x0000000000000000, RBX=0x00000192213b8778, RCX=0x000000000000c9b0, RDX=0x0000000000000002
RSP=0x0000008ae96fcc00, RBP=0x0000000000000974, RSI=0x0000019221ca2820, RDI=0x0000000000000974
R8 =0x0000000000000001, R9 =0x0000000000000000, R10=0x00000000000009b0, R11=0x00000191c1a54310
R12=0x0000008ae96fce40, R13=0x00000000000009a0, R14=0x0000019221ca27f0, R15=0x00000000000009a0
RIP=0x000000018000c27b, EFLAGS=0x0000000000010287


Register to memory mapping:

RIP=0x000000018000c27b ASProxy64.dll
RAX=0x0 is NULL
RBX=0x00000192213b8778 points into unknown readable memory: 0x0000000000000000 | 00 00 00 00 00 00 00 00
RCX=0x000000000000c9b0 is an unknown value
RDX=0x0000000000000002 is an unknown value
RSP=0x0000008ae96fcc00 is pointing into the stack for thread: 0x00000191c1a62c10
RBP=0x0000000000000974 is an unknown value
RSI=0x0000019221ca2820 points into unknown readable memory: 0x0000019221ca2820 | 20 28 ca 21 92 01 00 00
RDI=0x0000000000000974 is an unknown value
R8 =0x0000000000000001 is an unknown value
R9 =0x0 is NULL
R10=0x00000000000009b0 is an unknown value
R11=0x00000191c1a54310 points into unknown readable memory: 0x00000000000007d0 | d0 07 00 00 00 00 00 00
R12=0x0000008ae96fce40 is pointing into the stack for thread: 0x00000191c1a62c10
R13=0x00000000000009a0 is an unknown value
R14=0x0000019221ca27f0 points into unknown readable memory: 0x0000000000000974 | 74 09 00 00 00 00 00 00
R15=0x00000000000009a0 is an unknown value


Top of Stack: (sp=0x0000008ae96fcc00)
0x0000008ae96fcc00:   0000000000000000 0000000000000000
0x0000008ae96fcc10:   0000000000000974 000000018001f4c2
0x0000008ae96fcc20:   0000000180065ec8 0000000000002736
0x0000008ae96fcc30:   0000000000000001 00000000000009b0
0x0000008ae96fcc40:   0000000000000974 000000018000c506
0x0000008ae96fcc50:   00000192213b8778 0000000000002736
0x0000008ae96fcc60:   0000000000000000 0000000000000008
0x0000008ae96fcc70:   0000008a0000001e 0000000000000000
0x0000008ae96fcc80:   0000000000000974 0000000000000000
0x0000008ae96fcc90:   0000000000000001 0000000000000000
0x0000008ae96fcca0:   0000000000000974 00007ff920d47716
0x0000008ae96fccb0:   00000000000009b0 0000000000000902
0x0000008ae96fccc0:   0000019221ca2820 0000000000000000
0x0000008ae96fccd0:   0000000000000000 0000019200000000
0x0000008ae96fcce0:   0000000000000003 0000019200000001
0x0000008ae96fccf0:   0000000000000000 0000000000000000 

Instructions: (pc=0x000000018000c27b)
0x000000018000c17b:   c0 48 83 c4 50 41 5c c3 cc cc cc cc cc cc cc cc
0x000000018000c18b:   cc cc cc cc cc 48 85 c9 74 23 8b 05 ad ff 06 00
0x000000018000c19b:   89 01 8b 05 a9 ff 06 00 89 41 04 8b 05 a4 ff 06
0x000000018000c1ab:   00 89 41 08 8b 05 9f ff 06 00 89 41 0c f3 c3 cc
0x000000018000c1bb:   cc cc cc cc cc c6 01 01 c7 02 01 00 00 00 c3 cc
0x000000018000c1cb:   cc cc cc cc cc 48 89 5c 24 08 57 48 83 ec 70 48
0x000000018000c1db:   8b fa 8b d9 48 8d 15 82 73 05 00 48 8d 4c 24 20
0x000000018000c1eb:   45 33 c0 48 c7 44 24 40 0f 00 00 00 48 c7 44 24
0x000000018000c1fb:   38 00 00 00 00 c6 44 24 28 00 e8 d6 6b ff ff 4c
0x000000018000c20b:   8d 4c 24 20 48 8d 4c 24 48 41 b0 01 8b d3 e8 52
0x000000018000c21b:   06 02 00 48 83 78 20 10 72 06 48 8b 48 08 eb 05
0x000000018000c22b:   48 8d 48 08 90 0f b6 01 48 ff c7 48 ff c1 88 47
0x000000018000c23b:   ff 84 c0 75 f0 48 83 7c 24 68 10 72 0a 48 8b 4c
0x000000018000c24b:   24 50 e8 52 94 03 00 48 8b 9c 24 80 00 00 00 48
0x000000018000c25b:   83 c4 70 5f c3 48 83 ec 48 0f b6 c2 0f 57 c0 0f
0x000000018000c26b:   11 44 24 ff 25 00 00 00 00 2e 80 dd 40 f9 7f 00
0x000000018000c27b:   00 8b 44 24 04 0f af 04 24 89 04 24 8b 44 24 04
0x000000018000c28b:   0f af 04 24 83 c0 01 89 04 24 8b 44 24 04 0f af
0x000000018000c29b:   04 24 83 c0 02 89 04 24 8b 44 24 04 0f af 04 24
0x000000018000c2ab:   83 c0 03 89 04 24 8b 44 24 04 0f af 04 24 83 c0
0x000000018000c2bb:   04 89 04 24 8b 44 24 04 0f af 04 24 83 c0 05 89
0x000000018000c2cb:   04 24 8b 44 24 04 0f af 04 24 83 c0 06 89 04 24
0x000000018000c2db:   8b 44 24 04 0f af 04 24 83 c0 07 89 04 24 8b 44
0x000000018000c2eb:   24 04 0f af 04 24 83 c0 08 89 04 24 8b 44 24 04
0x000000018000c2fb:   0f af 04 24 83 c0 09 89 04 24 8b 44 24 04 0f af
0x000000018000c30b:   04 24 83 c0 0a 89 04 24 8b 44 24 04 0f af 04 24
0x000000018000c31b:   83 c0 0b 89 04 24 8b 44 24 04 0f af 04 24 83 c0
0x000000018000c32b:   0d 89 04 24 8b 44 24 04 0f af 04 24 83 c0 0e 89
0x000000018000c33b:   04 24 8b 44 24 04 0f af 04 24 83 c0 0f 89 04 24
0x000000018000c34b:   8b 44 24 04 0f af 04 24 83 c0 10 89 04 24 8b 44
0x000000018000c35b:   24 04 0f af 04 24 83 c0 11 89 04 24 8b 44 24 04
0x000000018000c36b:   0f af 04 24 83 c0 12 89 04 24 8b 44 24 04 0f af 


Stack slot to memory mapping:
stack at sp + 0 slots: 0x0 is NULL
stack at sp + 1 slots: 0x0 is NULL
stack at sp + 2 slots: 0x0000000000000974 is an unknown value
stack at sp + 3 slots: 0x000000018001f4c2 ASProxy64.dll
stack at sp + 4 slots: 0x0000000180065ec8 ASProxy64.dll
stack at sp + 5 slots: 0x0000000000002736 is an unknown value
stack at sp + 6 slots: 0x0000000000000001 is an unknown value
stack at sp + 7 slots: 0x00000000000009b0 is an unknown value


---------------  P R O C E S S  ---------------

Threads class SMR info:
_java_thread_list=0x0000019221105600, length=14, elements={
0x00000191c1a62c10, 0x00000191db20f3a0, 0x00000191db20ff60, 0x00000191db229300,
0x00000191db22bdd0, 0x00000191db22c790, 0x00000191db22d150, 0x00000191db22de40,
0x00000191db22e8f0, 0x00000191db231220, 0x00000191db496dc0, 0x00000191db49bce0,
0x00000192217fe8d0, 0x0000019221d0e820
}

Java Threads: ( => current thread )
=>0x00000191c1a62c10 JavaThread "main" [_thread_in_native, id=28212, stack(0x0000008ae9600000,0x0000008ae9700000)]
  0x00000191db20f3a0 JavaThread "Reference Handler" daemon [_thread_blocked, id=20572, stack(0x0000008ae9d00000,0x0000008ae9e00000)]
  0x00000191db20ff60 JavaThread "Finalizer" daemon [_thread_blocked, id=16960, stack(0x0000008ae9e00000,0x0000008ae9f00000)]
  0x00000191db229300 JavaThread "Signal Dispatcher" daemon [_thread_blocked, id=28080, stack(0x0000008ae9f00000,0x0000008aea000000)]
  0x00000191db22bdd0 JavaThread "Attach Listener" daemon [_thread_blocked, id=34012, stack(0x0000008aea000000,0x0000008aea100000)]
  0x00000191db22c790 JavaThread "Service Thread" daemon [_thread_blocked, id=15604, stack(0x0000008aea100000,0x0000008aea200000)]
  0x00000191db22d150 JavaThread "Monitor Deflation Thread" daemon [_thread_blocked, id=30760, stack(0x0000008aea200000,0x0000008aea300000)]
  0x00000191db22de40 JavaThread "C2 CompilerThread0" daemon [_thread_blocked, id=14696, stack(0x0000008aea300000,0x0000008aea400000)]
  0x00000191db22e8f0 JavaThread "C1 CompilerThread0" daemon [_thread_blocked, id=29616, stack(0x0000008aea400000,0x0000008aea500000)]
  0x00000191db231220 JavaThread "Sweeper thread" daemon [_thread_blocked, id=28324, stack(0x0000008aea500000,0x0000008aea600000)]
  0x00000191db496dc0 JavaThread "Notification Thread" daemon [_thread_blocked, id=13580, stack(0x0000008aea600000,0x0000008aea700000)]
  0x00000191db49bce0 JavaThread "Common-Cleaner" daemon [_thread_blocked, id=33188, stack(0x0000008aea800000,0x0000008aea900000)]
  0x00000192217fe8d0 JavaThread "pool-1-thread-1" [_thread_blocked, id=7936, stack(0x0000008aebb00000,0x0000008aebc00000)]
  0x0000019221d0e820 JavaThread "C2 CompilerThread1" daemon [_thread_blocked, id=16264, stack(0x0000008aebe00000,0x0000008aebf00000)]

Other Threads:
  0x00000191db20b4c0 VMThread "VM Thread" [stack: 0x0000008ae9c00000,0x0000008ae9d00000] [id=19664]
  0x00000191c1ae74e0 WatcherThread [stack: 0x0000008aea700000,0x0000008aea800000] [id=24880]
  0x00000191c1a83880 GCTaskThread "GC Thread#0" [stack: 0x0000008ae9700000,0x0000008ae9800000] [id=32596]
  0x0000019221451970 GCTaskThread "GC Thread#1" [stack: 0x0000008aeb800000,0x0000008aeb900000] [id=11568]
  0x0000019221167cc0 GCTaskThread "GC Thread#2" [stack: 0x0000008aeb900000,0x0000008aeba00000] [id=4012]
  0x000001922145ad10 GCTaskThread "GC Thread#3" [stack: 0x0000008aeba00000,0x0000008aebb00000] [id=36088]
  0x0000019221155200 GCTaskThread "GC Thread#4" [stack: 0x0000008aeb700000,0x0000008aeb800000] [id=12268]
  0x0000019221f3a3f0 GCTaskThread "GC Thread#5" [stack: 0x0000008aebc00000,0x0000008aebd00000] [id=18580]
  0x0000019221105170 GCTaskThread "GC Thread#6" [stack: 0x0000008aebd00000,0x0000008aebe00000] [id=6740]
  0x00000191c1a84fd0 ConcurrentGCThread "G1 Main Marker" [stack: 0x0000008ae9800000,0x0000008ae9900000] [id=30012]
  0x00000191c1a866b0 ConcurrentGCThread "G1 Conc#0" [stack: 0x0000008ae9900000,0x0000008ae9a00000] [id=27324]
  0x00000191db0e0090 ConcurrentGCThread "G1 Refine#0" [stack: 0x0000008ae9a00000,0x0000008ae9b00000] [id=19588]
  0x00000191db0e1970 ConcurrentGCThread "G1 Service" [stack: 0x0000008ae9b00000,0x0000008ae9c00000] [id=24912]

Threads with active compile tasks:

VM state: not at safepoint (normal execution)

VM Mutex/Monitor currently owned by a thread: None

Heap address: 0x00000000fc000000, size: 64 MB, Compressed Oops mode: 32-bit

CDS archive(s) mapped at: [0x00000191dc000000-0x00000191dcbd0000-0x00000191dcbd0000), size 12386304, SharedBaseAddress: 0x00000191dc000000, ArchiveRelocationMode: 1.
Compressed class space mapped at: 0x00000191dd000000-0x000001921d000000, reserved size: 1073741824
Narrow klass base: 0x00000191dc000000, Narrow klass shift: 0, Narrow klass range: 0x100000000

GC Precious Log:
 CPUs: 8 total, 8 available
 Memory: 32634M
 Large Page Support: Disabled
 NUMA Support: Disabled
 Compressed Oops: Enabled (32-bit)
 Heap Region Size: 1M
 Heap Min Capacity: 64M
 Heap Initial Capacity: 64M
 Heap Max Capacity: 64M
 Pre-touch: Disabled
 Parallel Workers: 8
 Concurrent Workers: 2
 Concurrent Refinement Workers: 8
 Periodic GC: Disabled

Heap:
 garbage-first heap   total 65536K, used 22421K [0x00000000fc000000, 0x0000000100000000)
  region size 1024K, 15 young (15360K), 4 survivors (4096K)
 Metaspace       used 9858K, committed 10048K, reserved 1114112K
  class space    used 1316K, committed 1408K, reserved 1048576K

Heap Regions: E=young(eden), S=young(survivor), O=old, HS=humongous(starts), HC=humongous(continues), CS=collection set, F=free, OA=open archive, CA=closed archive, TAMS=top-at-mark-start (previous, next)
|   0|0x00000000fc000000, 0x00000000fc100000, 0x00000000fc100000|100%| O|  |TAMS 0x00000000fc000000, 0x00000000fc000000| Untracked 
|   1|0x00000000fc100000, 0x00000000fc200000, 0x00000000fc200000|100%| O|  |TAMS 0x00000000fc100000, 0x00000000fc100000| Untracked 
|   2|0x00000000fc200000, 0x00000000fc300000, 0x00000000fc300000|100%|HS|  |TAMS 0x00000000fc200000, 0x00000000fc200000| Complete 
|   3|0x00000000fc300000, 0x00000000fc400000, 0x00000000fc400000|100%|HC|  |TAMS 0x00000000fc300000, 0x00000000fc300000| Complete 
|   4|0x00000000fc400000, 0x00000000fc500000, 0x00000000fc500000|100%|HC|  |TAMS 0x00000000fc400000, 0x00000000fc400000| Complete 
|   5|0x00000000fc500000, 0x00000000fc600000, 0x00000000fc600000|100%|HC|  |TAMS 0x00000000fc500000, 0x00000000fc500000| Complete 
|   6|0x00000000fc600000, 0x00000000fc700000, 0x00000000fc700000|100%| O|  |TAMS 0x00000000fc600000, 0x00000000fc600000| Untracked 
|   7|0x00000000fc700000, 0x00000000fc7fa200, 0x00000000fc800000| 97%| O|  |TAMS 0x00000000fc700000, 0x00000000fc700000| Untracked 
|   8|0x00000000fc800000, 0x00000000fc800000, 0x00000000fc900000|  0%| F|  |TAMS 0x00000000fc800000, 0x00000000fc800000| Untracked 
|   9|0x00000000fc900000, 0x00000000fc900000, 0x00000000fca00000|  0%| F|  |TAMS 0x00000000fc900000, 0x00000000fc900000| Untracked 
|  10|0x00000000fca00000, 0x00000000fca00000, 0x00000000fcb00000|  0%| F|  |TAMS 0x00000000fca00000, 0x00000000fca00000| Untracked 
|  11|0x00000000fcb00000, 0x00000000fcb00000, 0x00000000fcc00000|  0%| F|  |TAMS 0x00000000fcb00000, 0x00000000fcb00000| Untracked 
|  12|0x00000000fcc00000, 0x00000000fcc00000, 0x00000000fcd00000|  0%| F|  |TAMS 0x00000000fcc00000, 0x00000000fcc00000| Untracked 
|  13|0x00000000fcd00000, 0x00000000fcd00000, 0x00000000fce00000|  0%| F|  |TAMS 0x00000000fcd00000, 0x00000000fcd00000| Untracked 
|  14|0x00000000fce00000, 0x00000000fce00000, 0x00000000fcf00000|  0%| F|  |TAMS 0x00000000fce00000, 0x00000000fce00000| Untracked 
|  15|0x00000000fcf00000, 0x00000000fcf00000, 0x00000000fd000000|  0%| F|  |TAMS 0x00000000fcf00000, 0x00000000fcf00000| Untracked 
|  16|0x00000000fd000000, 0x00000000fd000000, 0x00000000fd100000|  0%| F|  |TAMS 0x00000000fd000000, 0x00000000fd000000| Untracked 
|  17|0x00000000fd100000, 0x00000000fd100000, 0x00000000fd200000|  0%| F|  |TAMS 0x00000000fd100000, 0x00000000fd100000| Untracked 
|  18|0x00000000fd200000, 0x00000000fd200000, 0x00000000fd300000|  0%| F|  |TAMS 0x00000000fd200000, 0x00000000fd200000| Untracked 
|  19|0x00000000fd300000, 0x00000000fd300000, 0x00000000fd400000|  0%| F|  |TAMS 0x00000000fd300000, 0x00000000fd300000| Untracked 
|  20|0x00000000fd400000, 0x00000000fd400000, 0x00000000fd500000|  0%| F|  |TAMS 0x00000000fd400000, 0x00000000fd400000| Untracked 
|  21|0x00000000fd500000, 0x00000000fd500000, 0x00000000fd600000|  0%| F|  |TAMS 0x00000000fd500000, 0x00000000fd500000| Untracked 
|  22|0x00000000fd600000, 0x00000000fd600000, 0x00000000fd700000|  0%| F|  |TAMS 0x00000000fd600000, 0x00000000fd600000| Untracked 
|  23|0x00000000fd700000, 0x00000000fd700000, 0x00000000fd800000|  0%| F|  |TAMS 0x00000000fd700000, 0x00000000fd700000| Untracked 
|  24|0x00000000fd800000, 0x00000000fd800000, 0x00000000fd900000|  0%| F|  |TAMS 0x00000000fd800000, 0x00000000fd800000| Untracked 
|  25|0x00000000fd900000, 0x00000000fd900000, 0x00000000fda00000|  0%| F|  |TAMS 0x00000000fd900000, 0x00000000fd900000| Untracked 
|  26|0x00000000fda00000, 0x00000000fda00000, 0x00000000fdb00000|  0%| F|  |TAMS 0x00000000fda00000, 0x00000000fda00000| Untracked 
|  27|0x00000000fdb00000, 0x00000000fdb00000, 0x00000000fdc00000|  0%| F|  |TAMS 0x00000000fdb00000, 0x00000000fdb00000| Untracked 
|  28|0x00000000fdc00000, 0x00000000fdc00000, 0x00000000fdd00000|  0%| F|  |TAMS 0x00000000fdc00000, 0x00000000fdc00000| Untracked 
|  29|0x00000000fdd00000, 0x00000000fdd00000, 0x00000000fde00000|  0%| F|  |TAMS 0x00000000fdd00000, 0x00000000fdd00000| Untracked 
|  30|0x00000000fde00000, 0x00000000fdeeb2e8, 0x00000000fdf00000| 91%| S|CS|TAMS 0x00000000fde00000, 0x00000000fde00000| Complete 
|  31|0x00000000fdf00000, 0x00000000fe000000, 0x00000000fe000000|100%| S|CS|TAMS 0x00000000fdf00000, 0x00000000fdf00000| Complete 
|  32|0x00000000fe000000, 0x00000000fe100000, 0x00000000fe100000|100%| S|CS|TAMS 0x00000000fe000000, 0x00000000fe000000| Complete 
|  33|0x00000000fe100000, 0x00000000fe200000, 0x00000000fe200000|100%| S|CS|TAMS 0x00000000fe100000, 0x00000000fe100000| Complete 
|  34|0x00000000fe200000, 0x00000000fe200000, 0x00000000fe300000|  0%| F|  |TAMS 0x00000000fe200000, 0x00000000fe200000| Untracked 
|  35|0x00000000fe300000, 0x00000000fe300000, 0x00000000fe400000|  0%| F|  |TAMS 0x00000000fe300000, 0x00000000fe300000| Untracked 
|  36|0x00000000fe400000, 0x00000000fe400000, 0x00000000fe500000|  0%| F|  |TAMS 0x00000000fe400000, 0x00000000fe400000| Untracked 
|  37|0x00000000fe500000, 0x00000000fe500000, 0x00000000fe600000|  0%| F|  |TAMS 0x00000000fe500000, 0x00000000fe500000| Untracked 
|  38|0x00000000fe600000, 0x00000000fe600000, 0x00000000fe700000|  0%| F|  |TAMS 0x00000000fe600000, 0x00000000fe600000| Untracked 
|  39|0x00000000fe700000, 0x00000000fe700000, 0x00000000fe800000|  0%| F|  |TAMS 0x00000000fe700000, 0x00000000fe700000| Untracked 
|  40|0x00000000fe800000, 0x00000000fe800000, 0x00000000fe900000|  0%| F|  |TAMS 0x00000000fe800000, 0x00000000fe800000| Untracked 
|  41|0x00000000fe900000, 0x00000000fe900000, 0x00000000fea00000|  0%| F|  |TAMS 0x00000000fe900000, 0x00000000fe900000| Untracked 
|  42|0x00000000fea00000, 0x00000000fea00000, 0x00000000feb00000|  0%| F|  |TAMS 0x00000000fea00000, 0x00000000fea00000| Untracked 
|  43|0x00000000feb00000, 0x00000000feb00000, 0x00000000fec00000|  0%| F|  |TAMS 0x00000000feb00000, 0x00000000feb00000| Untracked 
|  44|0x00000000fec00000, 0x00000000fec00000, 0x00000000fed00000|  0%| F|  |TAMS 0x00000000fec00000, 0x00000000fec00000| Untracked 
|  45|0x00000000fed00000, 0x00000000fed00000, 0x00000000fee00000|  0%| F|  |TAMS 0x00000000fed00000, 0x00000000fed00000| Untracked 
|  46|0x00000000fee00000, 0x00000000fee00000, 0x00000000fef00000|  0%| F|  |TAMS 0x00000000fee00000, 0x00000000fee00000| Untracked 
|  47|0x00000000fef00000, 0x00000000fef00000, 0x00000000ff000000|  0%| F|  |TAMS 0x00000000fef00000, 0x00000000fef00000| Untracked 
|  48|0x00000000ff000000, 0x00000000ff000000, 0x00000000ff100000|  0%| F|  |TAMS 0x00000000ff000000, 0x00000000ff000000| Untracked 
|  49|0x00000000ff100000, 0x00000000ff100000, 0x00000000ff200000|  0%| F|  |TAMS 0x00000000ff100000, 0x00000000ff100000| Untracked 
|  50|0x00000000ff200000, 0x00000000ff200000, 0x00000000ff300000|  0%| F|  |TAMS 0x00000000ff200000, 0x00000000ff200000| Untracked 
|  51|0x00000000ff300000, 0x00000000ff300000, 0x00000000ff400000|  0%| F|  |TAMS 0x00000000ff300000, 0x00000000ff300000| Untracked 
|  52|0x00000000ff400000, 0x00000000ff400000, 0x00000000ff500000|  0%| F|  |TAMS 0x00000000ff400000, 0x00000000ff400000| Untracked 
|  53|0x00000000ff500000, 0x00000000ff580800, 0x00000000ff600000| 50%| E|  |TAMS 0x00000000ff500000, 0x00000000ff500000| Complete 
|  54|0x00000000ff600000, 0x00000000ff700000, 0x00000000ff700000|100%| E|CS|TAMS 0x00000000ff600000, 0x00000000ff600000| Complete 
|  55|0x00000000ff700000, 0x00000000ff800000, 0x00000000ff800000|100%| E|CS|TAMS 0x00000000ff700000, 0x00000000ff700000| Complete 
|  56|0x00000000ff800000, 0x00000000ff900000, 0x00000000ff900000|100%| E|CS|TAMS 0x00000000ff800000, 0x00000000ff800000| Complete 
|  57|0x00000000ff900000, 0x00000000ffa00000, 0x00000000ffa00000|100%| E|CS|TAMS 0x00000000ff900000, 0x00000000ff900000| Complete 
|  58|0x00000000ffa00000, 0x00000000ffb00000, 0x00000000ffb00000|100%| E|CS|TAMS 0x00000000ffa00000, 0x00000000ffa00000| Complete 
|  59|0x00000000ffb00000, 0x00000000ffc00000, 0x00000000ffc00000|100%| E|CS|TAMS 0x00000000ffb00000, 0x00000000ffb00000| Complete 
|  60|0x00000000ffc00000, 0x00000000ffd00000, 0x00000000ffd00000|100%| E|CS|TAMS 0x00000000ffc00000, 0x00000000ffc00000| Complete 
|  61|0x00000000ffd00000, 0x00000000ffe00000, 0x00000000ffe00000|100%| E|CS|TAMS 0x00000000ffd00000, 0x00000000ffd00000| Complete 
|  62|0x00000000ffe00000, 0x00000000fff00000, 0x00000000fff00000|100%| E|CS|TAMS 0x00000000ffe00000, 0x00000000ffe00000| Complete 
|  63|0x00000000fff00000, 0x0000000100000000, 0x0000000100000000|100%| E|CS|TAMS 0x00000000fff00000, 0x00000000fff00000| Complete 

Card table byte_map: [0x00000191bf910000,0x00000191bf930000] _byte_map_base: 0x00000191bf130000

Marking Bits (Prev, Next): (CMBitMap*) 0x00000191c1a83ea0, (CMBitMap*) 0x00000191c1a83ee0
 Prev Bits: [0x00000191d8650000, 0x00000191d8750000)
 Next Bits: [0x00000191d8750000, 0x00000191d8850000)

Polling page: 0x00000191bf8c0000

Metaspace:

Usage:
  Non-class:      8.34 MB used.
      Class:      1.29 MB used.
       Both:      9.63 MB used.

Virtual space:
  Non-class space:       64.00 MB reserved,       8.44 MB ( 13%) committed,  1 nodes.
      Class space:        1.00 GB reserved,       1.38 MB ( <1%) committed,  1 nodes.
             Both:        1.06 GB reserved,       9.81 MB ( <1%) committed. 

Chunk freelists:
   Non-Class:  7.34 MB
       Class:  14.58 MB
        Both:  21.92 MB

MaxMetaspaceSize: unlimited
CompressedClassSpaceSize: 1.00 GB
Initial GC threshold: 21.00 MB
Current GC threshold: 21.00 MB
CDS: on
MetaspaceReclaimPolicy: balanced
 - commit_granule_bytes: 65536.
 - commit_granule_words: 8192.
 - virtual_space_node_default_size: 8388608.
 - enlarge_chunks_in_place: 1.
 - new_chunks_are_fully_committed: 0.
 - uncommit_free_chunks: 1.
 - use_allocation_guard: 0.
 - handle_deallocations: 1.


Internal statistics:

num_allocs_failed_limit: 0.
num_arena_births: 82.
num_arena_deaths: 0.
num_vsnodes_births: 2.
num_vsnodes_deaths: 0.
num_space_committed: 157.
num_space_uncommitted: 0.
num_chunks_returned_to_freelist: 0.
num_chunks_taken_from_freelist: 352.
num_chunk_merges: 0.
num_chunk_splits: 240.
num_chunks_enlarged: 198.
num_inconsistent_stats: 0.

CodeHeap 'non-profiled nmethods': size=120000Kb used=724Kb max_used=724Kb free=119275Kb
 bounds [0x00000191d0df0000, 0x00000191d1060000, 0x00000191d8320000]
CodeHeap 'profiled nmethods': size=120000Kb used=2841Kb max_used=2841Kb free=117158Kb
 bounds [0x00000191c9320000, 0x00000191c95f0000, 0x00000191d0850000]
CodeHeap 'non-nmethods': size=5760Kb used=1183Kb max_used=1211Kb free=4576Kb
 bounds [0x00000191d0850000, 0x00000191d0ac0000, 0x00000191d0df0000]
 total_blobs=1986 nmethods=1506 adapters=393
 compilation: enabled
              stopped_count=0, restarted_count=0
 full_count=0

Compilation events (20 events):
Event: 3.700 Thread 0x00000191db22de40 nmethod 1442 0x00000191d0e9af90 code [0x00000191d0e9b280, 0x00000191d0e9d700]
Event: 3.718 Thread 0x0000019221d0e820 nmethod 1444% 0x00000191d0e9e910 code [0x00000191d0e9eae0, 0x00000191d0e9ff68]
Event: 3.748 Thread 0x00000191db22e8f0 1493       3       jdk.internal.jimage.ImageStringsReader::match (11 bytes)
Event: 3.749 Thread 0x00000191db22e8f0 nmethod 1493 0x00000191c95e0890 code [0x00000191c95e0a40, 0x00000191c95e0c08]
Event: 3.749 Thread 0x00000191db22e8f0 1494       3       jdk.internal.jimage.BasicImageReader::match (37 bytes)
Event: 3.749 Thread 0x00000191db22de40 1495   !   4       java.util.concurrent.ConcurrentHashMap::transfer (849 bytes)
Event: 3.749 Thread 0x00000191db22e8f0 nmethod 1494 0x00000191c95e0d10 code [0x00000191c95e0ee0, 0x00000191c95e1178]
Event: 3.749 Thread 0x00000191db22e8f0 1496       3       java.security.Provider$UString::hashCode (8 bytes)
Event: 3.749 Thread 0x00000191db22e8f0 nmethod 1496 0x00000191c95e1290 code [0x00000191c95e1440, 0x00000191c95e1588]
Event: 3.750 Thread 0x0000019221d0e820 1497       4       java.util.ArrayList::get (15 bytes)
Event: 3.751 Thread 0x00000191db22e8f0 1498       3       java.util.concurrent.ConcurrentHashMap::<init> (5 bytes)
Event: 3.751 Thread 0x00000191db22e8f0 nmethod 1498 0x00000191c95e1690 code [0x00000191c95e1840, 0x00000191c95e19f8]
Event: 3.751 Thread 0x0000019221d0e820 nmethod 1497 0x00000191d0ea0790 code [0x00000191d0ea0900, 0x00000191d0ea09f8]
Event: 3.753 Thread 0x0000019221d0e820 1499       4       java.lang.invoke.VarHandleGuards::guard_LI_I (78 bytes)
Event: 3.753 Thread 0x00000191db22e8f0 1502       3       java.io.FileDescriptor::<init> (17 bytes)
Event: 3.753 Thread 0x00000191db22e8f0 nmethod 1502 0x00000191c95e1b10 code [0x00000191c95e1ca0, 0x00000191c95e1e18]
Event: 3.754 Thread 0x00000191db22e8f0 1503       3       java.lang.invoke.VarHandleGuards::guard_LII_V (137 bytes)
Event: 3.757 Thread 0x00000191db22e8f0 nmethod 1503 0x00000191c95e1f10 code [0x00000191c95e2360, 0x00000191c95e4f38]
Event: 3.757 Thread 0x00000191db22e8f0 1504       3       java.lang.invoke.VarHandleByteArrayAsInts$ArrayHandle::set (39 bytes)
Event: 3.758 Thread 0x00000191db22e8f0 nmethod 1504 0x00000191c95e5b90 code [0x00000191c95e5d80, 0x00000191c95e62b8]

GC Heap History (4 events):
Event: 0.703 GC heap before
{Heap before GC invocations=0 (full 0):
 garbage-first heap   total 65536K, used 22528K [0x00000000fc000000, 0x0000000100000000)
  region size 1024K, 23 young (23552K), 0 survivors (0K)
 Metaspace       used 1812K, committed 1920K, reserved 1114112K
  class space    used 159K, committed 192K, reserved 1048576K
}
Event: 0.707 GC heap after
{Heap after GC invocations=1 (full 0):
 garbage-first heap   total 65536K, used 4160K [0x00000000fc000000, 0x0000000100000000)
  region size 1024K, 3 young (3072K), 3 survivors (3072K)
 Metaspace       used 1812K, committed 1920K, reserved 1114112K
  class space    used 159K, committed 192K, reserved 1048576K
}
Event: 1.391 GC heap before
{Heap before GC invocations=1 (full 0):
 garbage-first heap   total 65536K, used 35904K [0x00000000fc000000, 0x0000000100000000)
  region size 1024K, 30 young (30720K), 3 survivors (3072K)
 Metaspace       used 7757K, committed 8000K, reserved 1114112K
  class space    used 1064K, committed 1152K, reserved 1048576K
}
Event: 1.396 GC heap after
{Heap after GC invocations=2 (full 0):
 garbage-first heap   total 65536K, used 12181K [0x00000000fc000000, 0x0000000100000000)
  region size 1024K, 4 young (4096K), 4 survivors (4096K)
 Metaspace       used 7757K, committed 8000K, reserved 1114112K
  class space    used 1064K, committed 1152K, reserved 1048576K
}

Deoptimization events (20 events):
Event: 1.673 Thread 0x000001922228a010 DEOPT PACKING pc=0x00000191d0e79788 sp=0x0000008aeb1fec80
Event: 1.673 Thread 0x000001922228a010 DEOPT UNPACKING pc=0x00000191d08a23a3 sp=0x0000008aeb1fec08 mode 2
Event: 1.673 Thread 0x000001922228a010 Uncommon trap: trap_request=0xffffff45 fr.pc=0x00000191d0e34ce8 relative=0x0000000000000528
Event: 1.673 Thread 0x000001922228a010 Uncommon trap: reason=unstable_if action=reinterpret pc=0x00000191d0e34ce8 method=java.lang.AbstractStringBuilder.putStringAt(ILjava/lang/String;II)V @ 8 c2
Event: 1.673 Thread 0x000001922228a010 DEOPT PACKING pc=0x00000191d0e34ce8 sp=0x0000008aeb1fed40
Event: 1.673 Thread 0x000001922228a010 DEOPT UNPACKING pc=0x00000191d08a23a3 sp=0x0000008aeb1febc8 mode 2
Event: 1.673 Thread 0x000001922228a010 Uncommon trap: trap_request=0xffffff45 fr.pc=0x00000191d0e340d0 relative=0x0000000000000510
Event: 1.673 Thread 0x000001922228a010 Uncommon trap: reason=unstable_if action=reinterpret pc=0x00000191d0e340d0 method=java.lang.AbstractStringBuilder.putStringAt(ILjava/lang/String;II)V @ 8 c2
Event: 1.673 Thread 0x000001922228a010 DEOPT PACKING pc=0x00000191d0e340d0 sp=0x0000008aeb1fecd0
Event: 1.673 Thread 0x000001922228a010 DEOPT UNPACKING pc=0x00000191d08a23a3 sp=0x0000008aeb1febc0 mode 2
Event: 1.673 Thread 0x000001922228a010 Uncommon trap: trap_request=0xffffff45 fr.pc=0x00000191d0e5c620 relative=0x0000000000000400
Event: 1.673 Thread 0x000001922228a010 Uncommon trap: reason=unstable_if action=reinterpret pc=0x00000191d0e5c620 method=java.lang.AbstractStringBuilder.isLatin1()Z @ 10 c2
Event: 1.673 Thread 0x000001922228a010 DEOPT PACKING pc=0x00000191d0e5c620 sp=0x0000008aeb1fed50
Event: 1.674 Thread 0x000001922228a010 DEOPT UNPACKING pc=0x00000191d08a23a3 sp=0x0000008aeb1fecd0 mode 2
Event: 3.637 Thread 0x000001922228a010 Uncommon trap: trap_request=0xffffff45 fr.pc=0x00000191d0dfce04 relative=0x0000000000000084
Event: 3.637 Thread 0x000001922228a010 Uncommon trap: reason=unstable_if action=reinterpret pc=0x00000191d0dfce04 method=java.lang.String.codePointAt(I)I @ 4 c2
Event: 3.637 Thread 0x000001922228a010 DEOPT PACKING pc=0x00000191d0dfce04 sp=0x0000008aeb1fecc0
Event: 3.637 Thread 0x000001922228a010 DEOPT UNPACKING pc=0x00000191d08a23a3 sp=0x0000008aeb1fec58 mode 2
Event: 3.649 Thread 0x00000191c1a62c10 DEOPT PACKING pc=0x00000191c956d088 sp=0x0000008ae96fc9e0
Event: 3.649 Thread 0x00000191c1a62c10 DEOPT UNPACKING pc=0x00000191d08a2b43 sp=0x0000008ae96fbee8 mode 0

Classes unloaded (0 events):
No events

Classes redefined (0 events):
No events

Internal exceptions (20 events):
Event: 0.977 Thread 0x00000191c1a62c10 Exception <a 'java/lang/NoSuchMethodError'{0x00000000ff4cfae8}: 'void java.lang.invoke.DelegatingMethodHandle$Holder.delegate(java.lang.Object, java.lang.Object, int, java.lang.Object)'> (0x00000000ff4cfae8) 
thrown [s\open\src\hotspot\share\interpreter\linkResolver.cpp, line 759]
Event: 0.977 Thread 0x00000191c1a62c10 Exception <a 'java/lang/NoSuchMethodError'{0x00000000ff4d3b20}: 'int java.lang.invoke.DirectMethodHandle$Holder.invokeSpecial(java.lang.Object, java.lang.Object, java.lang.Object)'> (0x00000000ff4d3b20) 
thrown [s\open\src\hotspot\share\interpreter\linkResolver.cpp, line 759]
Event: 0.980 Thread 0x00000191c1a62c10 Exception <a 'java/lang/NoSuchMethodError'{0x00000000ff4e6c30}: 'java.lang.Object java.lang.invoke.Invokers$Holder.invokeExact_MT(java.lang.Object, java.lang.Object, java.lang.Object, java.lang.Object)'> (0x00000000ff4e6c30) 
thrown [s\open\src\hotspot\share\interpreter\linkResolver.cpp, line 759]
Event: 0.989 Thread 0x00000191c1a62c10 Exception <a 'java/lang/NoSuchMethodError'{0x00000000ff320cd8}: 'java.lang.Object java.lang.invoke.DirectMethodHandle$Holder.invokeVirtual(java.lang.Object, java.lang.Object, java.lang.Object)'> (0x00000000ff320cd8) 
thrown [s\open\src\hotspot\share\interpreter\linkResolver.cpp, line 759]
Event: 1.065 Thread 0x00000191c1a62c10 Exception <a 'java/lang/NoSuchMethodError'{0x00000000fef68b38}: 'java.lang.Object java.lang.invoke.DirectMethodHandle$Holder.newInvokeSpecial(java.lang.Object, java.lang.Object, java.lang.Object, java.lang.Object, java.lang.Object)'> (0x00000000fef68b38) 
thrown [s\open\src\hotspot\share\interpreter\linkResolver.cpp, line 759]
Event: 1.123 Thread 0x00000191c1a62c10 Exception <a 'java/lang/NoSuchMethodError'{0x00000000fec38bd0}: 'void java.lang.invoke.DirectMethodHandle$Holder.invokeSpecial(java.lang.Object, java.lang.Object, java.lang.Object)'> (0x00000000fec38bd0) 
thrown [s\open\src\hotspot\share\interpreter\linkResolver.cpp, line 759]
Event: 1.132 Thread 0x00000191c1a62c10 Implicit null exception at 0x00000191d0e55b0f to 0x00000191d0e5606c
Event: 1.132 Thread 0x00000191c1a62c10 Implicit null exception at 0x00000191d0e37b0f to 0x00000191d0e38090
Event: 1.133 Thread 0x00000191c1a62c10 Implicit null exception at 0x00000191d0e5578f to 0x00000191d0e55809
Event: 1.149 Thread 0x00000191c1a62c10 Exception <a 'java/lang/NoSuchMethodError'{0x00000000febf3580}: 'java.lang.Object java.lang.invoke.DirectMethodHandle$Holder.invokeStaticInit(java.lang.Object)'> (0x00000000febf3580) 
thrown [s\open\src\hotspot\share\interpreter\linkResolver.cpp, line 759]
Event: 1.237 Thread 0x00000191c1a62c10 Exception <a 'java/lang/NoSuchMethodError'{0x00000000fea95d78}: 'int java.lang.invoke.DirectMethodHandle$Holder.invokeVirtual(java.lang.Object, java.lang.Object, java.lang.Object)'> (0x00000000fea95d78) 
thrown [s\open\src\hotspot\share\interpreter\linkResolver.cpp, line 759]
Event: 1.273 Thread 0x00000191c1a62c10 Exception <a 'java/lang/NoSuchMethodError'{0x00000000fe5ea3f0}: 'java.lang.Object java.lang.invoke.DirectMethodHandle$Holder.invokeSpecialIFC(java.lang.Object, java.lang.Object, java.lang.Object, java.lang.Object)'> (0x00000000fe5ea3f0) 
thrown [s\open\src\hotspot\share\interpreter\linkResolver.cpp, line 759]
Event: 1.317 Thread 0x00000191c1a62c10 Exception <a 'java/lang/NoSuchMethodError'{0x00000000fe2b5eb8}: 'java.lang.Object java.lang.invoke.DirectMethodHandle$Holder.invokeStaticInit(java.lang.Object, int, int, int, int)'> (0x00000000fe2b5eb8) 
thrown [s\open\src\hotspot\share\interpreter\linkResolver.cpp, line 759]
Event: 1.402 Thread 0x00000191c1a62c10 Exception <a 'java/lang/NoSuchMethodError'{0x00000000fffc05f8}: 'java.lang.Object java.lang.invoke.DirectMethodHandle$Holder.invokeStaticInit(java.lang.Object, java.lang.Object, int, int, int, int)'> (0x00000000fffc05f8) 
thrown [s\open\src\hotspot\share\interpreter\linkResolver.cpp, line 759]
Event: 1.544 Thread 0x00000191c1a62c10 Exception <a 'java/lang/NoSuchMethodError'{0x00000000ffff2800}: 'void java.lang.invoke.DirectMethodHandle$Holder.invokeStatic(java.lang.Object, java.lang.Object, java.lang.Object)'> (0x00000000ffff2800) 
thrown [s\open\src\hotspot\share\interpreter\linkResolver.cpp, line 759]
Event: 1.655 Thread 0x000001922228a010 Exception <a 'java/lang/NoSuchMethodError'{0x00000000ff70be50}: 'void java.lang.invoke.DirectMethodHandle$Holder.invokeStatic(java.lang.Object, long)'> (0x00000000ff70be50) 
thrown [s\open\src\hotspot\share\interpreter\linkResolver.cpp, line 759]
Event: 1.655 Thread 0x000001922228a010 Exception <a 'java/lang/NoSuchMethodError'{0x00000000ff7117a8}: 'java.lang.Object java.lang.invoke.DirectMethodHandle$Holder.newInvokeSpecial(java.lang.Object, long)'> (0x00000000ff7117a8) 
thrown [s\open\src\hotspot\share\interpreter\linkResolver.cpp, line 759]
Event: 1.657 Thread 0x000001922228a010 Exception <a 'java/lang/NoSuchMethodError'{0x00000000ff71c350}: 'java.lang.Object java.lang.invoke.DirectMethodHandle$Holder.invokeStaticInit(java.lang.Object, java.lang.Object, long, java.lang.Object)'> (0x00000000ff71c350) 
thrown [s\open\src\hotspot\share\interpreter\linkResolver.cpp, line 759]
Event: 1.658 Thread 0x000001922228a010 Exception <a 'java/lang/NoSuchMethodError'{0x00000000ff7229d8}: 'java.lang.Object java.lang.invoke.DirectMethodHandle$Holder.newInvokeSpecial(java.lang.Object, java.lang.Object, long)'> (0x00000000ff7229d8) 
thrown [s\open\src\hotspot\share\interpreter\linkResolver.cpp, line 759]
Event: 1.658 Thread 0x000001922228a010 Exception <a 'java/lang/NoSuchMethodError'{0x00000000ff726cc8}: 'java.lang.Object java.lang.invoke.Invokers$Holder.linkToTargetMethod(java.lang.Object, long, java.lang.Object)'> (0x00000000ff726cc8) 
thrown [s\open\src\hotspot\share\interpreter\linkResolver.cpp, line 759]

VM Operations (20 events):
Event: 0.975 Executing VM operation: HandshakeAllThreads
Event: 0.975 Executing VM operation: HandshakeAllThreads done
Event: 1.148 Executing VM operation: HandshakeAllThreads
Event: 1.148 Executing VM operation: HandshakeAllThreads done
Event: 1.228 Executing VM operation: HandshakeAllThreads
Event: 1.228 Executing VM operation: HandshakeAllThreads done
Event: 1.279 Executing VM operation: HandshakeAllThreads
Event: 1.279 Executing VM operation: HandshakeAllThreads done
Event: 1.387 Executing VM operation: HandshakeAllThreads
Event: 1.387 Executing VM operation: HandshakeAllThreads done
Event: 1.390 Executing VM operation: G1CollectForAllocation
Event: 1.396 Executing VM operation: G1CollectForAllocation done
Event: 1.672 Executing VM operation: HandshakeAllThreads
Event: 1.672 Executing VM operation: HandshakeAllThreads done
Event: 1.744 Executing VM operation: HandshakeAllThreads
Event: 1.744 Executing VM operation: HandshakeAllThreads done
Event: 2.747 Executing VM operation: Cleanup
Event: 2.747 Executing VM operation: Cleanup done
Event: 3.681 Executing VM operation: HandshakeAllThreads
Event: 3.681 Executing VM operation: HandshakeAllThreads done

Events (20 events):
Event: 3.750 loading class sun/security/provider/certpath/ldap/JdkLDAP
Event: 3.750 loading class sun/security/provider/certpath/ldap/JdkLDAP done
Event: 3.751 loading class sun/security/provider/certpath/ldap/JdkLDAP$ProviderService
Event: 3.751 loading class sun/security/provider/certpath/ldap/JdkLDAP$ProviderService done
Event: 3.752 loading class sun/nio/ch/ServerSocketChannelImpl
Event: 3.752 loading class sun/nio/ch/ServerSocketChannelImpl done
Event: 3.755 loading class sun/nio/ch/Util$BufferCache
Event: 3.756 loading class sun/nio/ch/Util$BufferCache done
Event: 3.756 loading class sun/nio/ch/IOStatus
Event: 3.756 loading class sun/nio/ch/IOStatus done
Event: 3.756 loading class java/nio/BufferMismatch
Event: 3.757 loading class java/nio/BufferMismatch done
Event: 3.757 loading class sun/nio/ch/SourceChannelImpl
Event: 3.757 loading class java/nio/channels/Pipe$SourceChannel
Event: 3.757 loading class java/nio/channels/Pipe$SourceChannel done
Event: 3.757 loading class sun/nio/ch/SourceChannelImpl done
Event: 3.757 loading class sun/nio/ch/SinkChannelImpl
Event: 3.757 loading class java/nio/channels/Pipe$SinkChannel
Event: 3.757 loading class java/nio/channels/Pipe$SinkChannel done
Event: 3.757 loading class sun/nio/ch/SinkChannelImpl done


Dynamic libraries:
0x00007ff7fdb90000 - 0x00007ff7fdba0000 	C:\Program Files\Java\jdk-17\bin\java.exe
0x00007ff9410e0000 - 0x00007ff941343000 	C:\Windows\SYSTEM32\ntdll.dll
0x00007ff940da0000 - 0x00007ff940e67000 	C:\Windows\System32\KERNEL32.DLL
0x00007ff93e710000 - 0x00007ff93ead9000 	C:\Windows\System32\KERNELBASE.dll
0x00007ff93ed10000 - 0x00007ff93ee5c000 	C:\Windows\System32\ucrtbase.dll
0x00007ff921810000 - 0x00007ff92182b000 	C:\Program Files\Java\jdk-17\bin\VCRUNTIME140.dll
0x00007ff937c30000 - 0x00007ff937c49000 	C:\Program Files\Java\jdk-17\bin\jli.dll
0x00007ff940eb0000 - 0x00007ff940f62000 	C:\Windows\System32\ADVAPI32.dll
0x00007ff93f1d0000 - 0x00007ff93f279000 	C:\Windows\System32\msvcrt.dll
0x00007ff93efc0000 - 0x00007ff93f066000 	C:\Windows\System32\sechost.dll
0x00007ff940360000 - 0x00007ff940476000 	C:\Windows\System32\RPCRT4.dll
0x00007ff940840000 - 0x00007ff940a0a000 	C:\Windows\System32\USER32.dll
0x00007ff93e370000 - 0x00007ff93e397000 	C:\Windows\System32\win32u.dll
0x00007ff941070000 - 0x00007ff94109a000 	C:\Windows\System32\GDI32.dll
0x00007ff93e3a0000 - 0x00007ff93e4d1000 	C:\Windows\System32\gdi32full.dll
0x00007ff927ef0000 - 0x00007ff928180000 	C:\Windows\WinSxS\amd64_microsoft.windows.common-controls_6595b64144ccf1df_6.0.26100.3323_none_3e088096e3344490\COMCTL32.dll
0x00007ff93e4e0000 - 0x00007ff93e583000 	C:\Windows\System32\msvcp_win.dll
0x00007ff9365c0000 - 0x00007ff9365cb000 	C:\Windows\SYSTEM32\VERSION.dll
0x00007ff940e70000 - 0x00007ff940e9f000 	C:\Windows\System32\IMM32.DLL
0x00007ff936a00000 - 0x00007ff936a0c000 	C:\Program Files\Java\jdk-17\bin\vcruntime140_1.dll
0x00007ff913460000 - 0x00007ff9134ee000 	C:\Program Files\Java\jdk-17\bin\msvcp140.dll
0x00007ff8bc200000 - 0x00007ff8bcde0000 	C:\Program Files\Java\jdk-17\bin\server\jvm.dll
0x00007ff93efa0000 - 0x00007ff93efa8000 	C:\Windows\System32\PSAPI.DLL
0x00007ff92aa60000 - 0x00007ff92aa96000 	C:\Windows\SYSTEM32\WINMM.dll
0x00007ff918630000 - 0x00007ff91863a000 	C:\Windows\SYSTEM32\WSOCK32.dll
0x00007ff9406e0000 - 0x00007ff940754000 	C:\Windows\System32\WS2_32.dll
0x00007ff93d0c0000 - 0x00007ff93d0da000 	C:\Windows\SYSTEM32\kernel.appcore.dll
0x00007ff92d5d0000 - 0x00007ff92d5da000 	C:\Program Files\Java\jdk-17\bin\jimage.dll
0x00007ff93ba40000 - 0x00007ff93bc81000 	C:\Windows\SYSTEM32\DBGHELP.DLL
0x00007ff940a10000 - 0x00007ff940d92000 	C:\Windows\System32\combase.dll
0x00007ff940760000 - 0x00007ff940836000 	C:\Windows\System32\OLEAUT32.dll
0x00007ff936bd0000 - 0x00007ff936c09000 	C:\Windows\SYSTEM32\dbgcore.DLL
0x00007ff93ee60000 - 0x00007ff93eef9000 	C:\Windows\System32\bcryptPrimitives.dll
0x00007ff920d80000 - 0x00007ff920da5000 	C:\Program Files\Java\jdk-17\bin\java.dll
0x00007ff90eb50000 - 0x00007ff90ec27000 	C:\Program Files\Java\jdk-17\bin\jsvml.dll
0x00007ff93f710000 - 0x00007ff93fe25000 	C:\Windows\System32\SHELL32.dll
0x00007ff93eae0000 - 0x00007ff93ec48000 	C:\Windows\System32\wintypes.dll
0x00007ff93bfa0000 - 0x00007ff93c7e5000 	C:\Windows\SYSTEM32\windows.storage.dll
0x00007ff9400d0000 - 0x00007ff9401bb000 	C:\Windows\System32\SHCORE.dll
0x00007ff940fe0000 - 0x00007ff94103d000 	C:\Windows\System32\shlwapi.dll
0x00007ff93e1f0000 - 0x00007ff93e21f000 	C:\Windows\SYSTEM32\profapi.dll
0x00007ff920d60000 - 0x00007ff920d79000 	C:\Program Files\Java\jdk-17\bin\net.dll
0x00007ff936ef0000 - 0x00007ff93700e000 	C:\Windows\SYSTEM32\WINHTTP.dll
0x0000000180000000 - 0x000000018008c000 	C:\Windows\system32\ASProxy64.dll
0x00007ff9401c0000 - 0x00007ff940355000 	C:\Windows\System32\ole32.dll
0x00007ff93d5c0000 - 0x00007ff93d62a000 	C:\Windows\SYSTEM32\MSWSOCK.dll
0x00007ff93cae0000 - 0x00007ff93cb13000 	C:\Windows\SYSTEM32\IPHLPAPI.DLL
0x00007ff93d360000 - 0x00007ff93d3a8000 	C:\Windows\SYSTEM32\SspiCli.dll
0x00007ff93b0f0000 - 0x00007ff93b19e000 	C:\Windows\system32\uxtheme.dll
0x00007ff93ff90000 - 0x00007ff940038000 	C:\Windows\System32\clbcatq.dll
0x00007ff90d8d0000 - 0x00007ff90d8db000 	C:\Windows\SYSTEM32\msiltcfg.dll
0x00007ff926ee0000 - 0x00007ff927226000 	C:\Windows\SYSTEM32\msi.dll
0x00007ff93dbb0000 - 0x00007ff93dbd6000 	C:\Windows\SYSTEM32\bcrypt.dll
0x00007ff93e120000 - 0x00007ff93e1c1000 	C:\Windows\SYSTEM32\sxs.dll
0x00007ff920d40000 - 0x00007ff920d56000 	C:\Program Files\Java\jdk-17\bin\nio.dll
0x00007ff920cd0000 - 0x00007ff920ce8000 	C:\Program Files\Java\jdk-17\bin\zip.dll
0x00007ff92d560000 - 0x00007ff92d570000 	C:\Program Files\Java\jdk-17\bin\verify.dll
0x00007ff91ee90000 - 0x00007ff91eeb7000 	C:\Users\Administrator\.gradle\native\c067742578af261105cb4f569cf0c3c89f3d7b1fecec35dd04571415982c5e48\windows-amd64\native-platform.dll
0x00007ff92cac0000 - 0x00007ff92caca000 	C:\Users\Administrator\.gradle\native\jansi\1.18\windows64\jansi.dll
0x00007ff9260c0000 - 0x00007ff9260ca000 	C:\Program Files\Java\jdk-17\bin\management.dll
0x00007ff9260a0000 - 0x00007ff9260ab000 	C:\Program Files\Java\jdk-17\bin\management_ext.dll
0x00007ff93d970000 - 0x00007ff93d98c000 	C:\Windows\SYSTEM32\CRYPTSP.dll
0x00007ff93d020000 - 0x00007ff93d05a000 	C:\Windows\system32\rsaenh.dll
0x00007ff93d660000 - 0x00007ff93d68b000 	C:\Windows\SYSTEM32\USERENV.dll
0x00007ff93d7f0000 - 0x00007ff93d7fc000 	C:\Windows\SYSTEM32\CRYPTBASE.dll
0x00007ff93efb0000 - 0x00007ff93efba000 	C:\Windows\System32\NSI.dll
0x00007ff936930000 - 0x00007ff93694f000 	C:\Windows\SYSTEM32\dhcpcsvc6.DLL
0x00007ff936900000 - 0x00007ff936925000 	C:\Windows\SYSTEM32\dhcpcsvc.DLL
0x00007ff93cb70000 - 0x00007ff93cc95000 	C:\Windows\SYSTEM32\DNSAPI.dll
0x00007ff921800000 - 0x00007ff92180e000 	C:\Program Files\Java\jdk-17\bin\sunmscapi.dll
0x00007ff93e590000 - 0x00007ff93e707000 	C:\Windows\System32\CRYPT32.dll
0x00007ff93db30000 - 0x00007ff93db60000 	C:\Windows\SYSTEM32\ncrypt.dll
0x00007ff93dae0000 - 0x00007ff93db1f000 	C:\Windows\SYSTEM32\NTASN1.dll
0x00007ff936a40000 - 0x00007ff936a48000 	C:\Windows\system32\wshunix.dll

dbghelp: loaded successfully - version: 4.0.5 - missing functions: none
symbol engine: initialized successfully - sym options: 0x614 - pdb path: .;C:\Program Files\Java\jdk-17\bin;C:\Windows\SYSTEM32;C:\Windows\WinSxS\amd64_microsoft.windows.common-controls_6595b64144ccf1df_6.0.26100.3323_none_3e088096e3344490;C:\Program Files\Java\jdk-17\bin\server;C:\Users\Administrator\.gradle\native\c067742578af261105cb4f569cf0c3c89f3d7b1fecec35dd04571415982c5e48\windows-amd64;C:\Users\Administrator\.gradle\native\jansi\1.18\windows64

VM Arguments:
jvm_args: -Xmx64m -Xms64m -Dorg.gradle.appname=gradlew 
java_command: org.gradle.wrapper.GradleWrapperMain assembleRelease
java_class_path (initial): D:\Workspace\GoogleDrive\killswitch-expo\android\\gradle\wrapper\gradle-wrapper.jar
Launcher Type: SUN_STANDARD

[Global flags]
     intx CICompilerCount                          = 4                                         {product} {ergonomic}
     uint ConcGCThreads                            = 2                                         {product} {ergonomic}
     uint G1ConcRefinementThreads                  = 8                                         {product} {ergonomic}
   size_t G1HeapRegionSize                         = 1048576                                   {product} {ergonomic}
    uintx GCDrainStackTargetSize                   = 64                                        {product} {ergonomic}
   size_t InitialHeapSize                          = 67108864                                  {product} {command line}
   size_t MarkStackSize                            = 4194304                                   {product} {ergonomic}
   size_t MaxHeapSize                              = 67108864                                  {product} {command line}
   size_t MaxNewSize                               = 39845888                                  {product} {ergonomic}
   size_t MinHeapDeltaBytes                        = 1048576                                   {product} {ergonomic}
   size_t MinHeapSize                              = 67108864                                  {product} {command line}
    uintx NonNMethodCodeHeapSize                   = 5839372                                {pd product} {ergonomic}
    uintx NonProfiledCodeHeapSize                  = 122909434                              {pd product} {ergonomic}
    uintx ProfiledCodeHeapSize                     = 122909434                              {pd product} {ergonomic}
    uintx ReservedCodeCacheSize                    = 251658240                              {pd product} {ergonomic}
     bool SegmentedCodeCache                       = true                                      {product} {ergonomic}
   size_t SoftMaxHeapSize                          = 67108864                               {manageable} {ergonomic}
     bool UseCompressedClassPointers               = true                           {product lp64_product} {ergonomic}
     bool UseCompressedOops                        = true                           {product lp64_product} {ergonomic}
     bool UseG1GC                                  = true                                      {product} {ergonomic}
     bool UseLargePagesIndividualAllocation        = false                                  {pd product} {ergonomic}

Logging:
Log output configuration:
 #0: stdout all=warning uptime,level,tags
 #1: stderr all=off uptime,level,tags

Environment Variables:
JAVA_HOME=C:\Program Files\Java\jdk-17
CLASSPATH=D:\Workspace\GoogleDrive\killswitch-expo\android\\gradle\wrapper\gradle-wrapper.jar
PATH=C:\Program Files\Common Files\Oracle\Java\javapath;C:\Program Files (x86)\VMware\VMware Workstation\bin\;C:\Windows\system32;C:\Windows;C:\Windows\System32\Wbem;C:\Windows\System32\WindowsPowerShell\v1.0\;C:\Windows\System32\OpenSSH\;C:\Program Files (x86)\NVIDIA Corporation\PhysX\Common;C:\Users\Administrator\AppData\Local\nvm;C:\nvm4w\nodejs;C:\Program Files\Git\cmd;C:\Program Files\GitHub CLI\;C:\Program Files\dotnet\;C:\Users\Administrator\AppData\Local\Nox\platform-tools;C:\ProgramData\chocolatey\bin;c:\Users\Administrator\AppData\Local\Programs\cursor\resources\app\bin;C:\Users\Administrator\AppData\Local\Android\Sdk\tools;C:\Users\Administrator\AppData\Local\Android\Sdk\tools;C:\Users\Administrator\AppData\Local\Programs\Python\Python311\Scripts\;C:\Users\Administrator\AppData\Local\Programs\Python\Python311\;C:\Users\Administrator\AppData\Local\Microsoft\WindowsApps;C:\Users\Administrator\AppData\Local\nvm;C:\nvm4w\nodejs;C:\Users\Administrator\AppData\Local\Programs\Microsoft VS Code\bin;C:\Users\Administrator\AppData\Local\Android\Sdk\platform-tools;C:\Users\Administrator\AppData\Local\Programs\cursor\resources\app\bin;C:\Program Files\Java\jdk-17\bin;
USERNAME=Administrator
OS=Windows_NT
PROCESSOR_IDENTIFIER=Intel64 Family 6 Model 158 Stepping 9, GenuineIntel



---------------  S Y S T E M  ---------------

OS:
 Windows 11 , 64 bit Build 26100 (10.0.26100.3323)
OS uptime: 2 days 6:48 hours
Hyper-V role detected

CPU: total 8 (initial active 8) (4 cores per cpu, 2 threads per core) family 6 model 158 stepping 9 microcode 0xde, cx8, cmov, fxsr, ht, mmx, 3dnowpref, sse, sse2, sse3, ssse3, sse4.1, sse4.2, popcnt, lzcnt, tsc, tscinvbit, avx, avx2, aes, erms, clmul, bmi1, bmi2, adx, fma, vzeroupper, clflush, clflushopt, hv

Memory: 4k page, system-wide physical 32634M (17491M free)
TotalPageFile size 36602M (AvailPageFile size 13462M)
current process WorkingSet (physical memory assigned to process): 118M, peak: 118M
current process commit charge ("private bytes"): 176M, peak: 176M

vm_info: Java HotSpot(TM) 64-Bit Server VM (17.0.12+8-LTS-286) for windows-amd64 JRE (17.0.12+8-LTS-286), built on Jun  5 2024 06:46:59 by "mach5one" with MS VC++ 17.6 (VS2022)

END.
