#
# A fatal error has been detected by the Java Runtime Environment:
#
#  EXCEPTION_ACCESS_VIOLATION (0xc0000005) at pc=0x000000018000c27b, pid=36028, tid=17544
#
# JRE version: OpenJDK Runtime Environment (17.0.0.1+2) (build 17.0.0.1+2-3)
# Java VM: OpenJDK 64-Bit Server VM (17.0.0.1+2-3, mixed mode, sharing, tiered, compressed oops, compressed class ptrs, g1 gc, windows-amd64)
# Problematic frame:
# C  [ASProxy64.dll+0xc27b]
#
# No core dump will be written. Minidumps are not enabled by default on client versions of Windows
#
# If you would like to submit a bug report, please visit:
#   https://bugreport.java.com/bugreport/crash.jsp
# The crash happened outside the Java Virtual Machine in native code.
# See problematic frame for where to report the bug.
#

---------------  S U M M A R Y ------------

Command Line: -Xmx64m -Xms64m -Dorg.gradle.appname=gradlew org.gradle.wrapper.GradleWrapperMain assembleRelease

Host: Intel(R) Core(TM) i7-7700HQ CPU @ 2.80GHz, 8 cores, 31G,  Windows 10 , 64 bit Build 26100 (10.0.26100.3323)
Time: Thu Mar 27 23:34:05 2025 FLE Standard Time elapsed time: 4.072034 seconds (0d 0h 0m 4s)

---------------  T H R E A D  ---------------

Current thread (0x000001fd95321af0):  JavaThread "main" [_thread_in_native, id=17544, stack(0x0000007af3b00000,0x0000007af3c00000)]

Stack: [0x0000007af3b00000,0x0000007af3c00000],  sp=0x0000007af3bfd010,  free space=1012k
Native frames: (J=compiled Java code, j=interpreted, Vv=VM code, C=native code)
C  [ASProxy64.dll+0xc27b]

Java frames: (J=compiled Java code, j=interpreted, Vv=VM code)
j  sun.nio.ch.WEPoll.ctl(JIJI)I+0 java.base@17.0.0.1
j  sun.nio.ch.WEPollSelectorImpl.<init>(Ljava/nio/channels/spi/SelectorProvider;)V+138 java.base@17.0.0.1
j  sun.nio.ch.WEPollSelectorProvider.openSelector()Ljava/nio/channels/spi/AbstractSelector;+5 java.base@17.0.0.1
j  java.nio.channels.Selector.open()Ljava/nio/channels/Selector;+3 java.base@17.0.0.1
j  org.gradle.internal.remote.internal.inet.SocketConnection$SocketInputStream.<init>(Ljava/nio/channels/SocketChannel;)V+17
j  org.gradle.internal.remote.internal.inet.SocketConnection.<init>(Ljava/nio/channels/SocketChannel;Lorg/gradle/internal/remote/internal/MessageSerializer;Lorg/gradle/internal/serialize/StatefulSerializer;)V+33
j  org.gradle.internal.remote.internal.inet.SocketConnectCompletion.create(Lorg/gradle/internal/serialize/StatefulSerializer;)Lorg/gradle/internal/remote/internal/RemoteConnection;+16
j  org.gradle.launcher.daemon.client.DefaultDaemonConnector.connectToDaemon(Lorg/gradle/launcher/daemon/context/DaemonConnectDetails;Lorg/gradle/launcher/daemon/client/DaemonClientConnection$StaleAddressDetector;)Lorg/gradle/launcher/daemon/client/DaemonClientConnection;+43
j  org.gradle.launcher.daemon.client.DefaultDaemonConnector.connectToDaemonWithId(Lorg/gradle/launcher/daemon/diagnostics/DaemonStartupInfo;Lorg/gradle/api/internal/specs/ExplainingSpec;)Lorg/gradle/launcher/daemon/client/DaemonClientConnection;+115
j  org.gradle.launcher.daemon.client.DefaultDaemonConnector.doStartDaemon(Lorg/gradle/api/internal/specs/ExplainingSpec;Z)Lorg/gradle/launcher/daemon/client/DaemonClientConnection;+58
j  org.gradle.launcher.daemon.client.DefaultDaemonConnector.startDaemon(Lorg/gradle/api/internal/specs/ExplainingSpec;)Lorg/gradle/launcher/daemon/client/DaemonClientConnection;+3
j  org.gradle.launcher.daemon.client.DaemonClient.execute(Lorg/gradle/internal/invocation/BuildAction;Lorg/gradle/launcher/exec/BuildActionParameters;Lorg/gradle/internal/daemon/client/execution/ClientBuildRequestContext;)Lorg/gradle/launcher/exec/BuildActionResult;+201
j  org.gradle.launcher.daemon.client.DaemonClient.execute(Lorg/gradle/internal/invocation/BuildAction;Ljava/lang/Object;Ljava/lang/Object;)Lorg/gradle/launcher/exec/BuildActionResult;+10
j  org.gradle.launcher.cli.RunBuildAction.run()V+67
j  org.gradle.internal.Actions$RunnableActionAdapter.execute(Ljava/lang/Object;)V+4
j  org.gradle.launcher.cli.DefaultCommandLineActionFactory$ParseAndBuildAction.execute(Lorg/gradle/launcher/bootstrap/ExecutionListener;)V+125
j  org.gradle.launcher.cli.DefaultCommandLineActionFactory$ParseAndBuildAction.execute(Ljava/lang/Object;)V+5
j  org.gradle.launcher.cli.DebugLoggerWarningAction.execute(Lorg/gradle/launcher/bootstrap/ExecutionListener;)V+9
j  org.gradle.launcher.cli.DebugLoggerWarningAction.execute(Ljava/lang/Object;)V+5
j  org.gradle.launcher.cli.WelcomeMessageAction.execute(Lorg/gradle/launcher/bootstrap/ExecutionListener;)V+218
j  org.gradle.launcher.cli.WelcomeMessageAction.execute(Ljava/lang/Object;)V+5
j  org.gradle.launcher.cli.NativeServicesInitializingAction.execute(Lorg/gradle/launcher/bootstrap/ExecutionListener;)V+38
j  org.gradle.launcher.cli.NativeServicesInitializingAction.execute(Ljava/lang/Object;)V+5
j  org.gradle.launcher.cli.ExceptionReportingAction.execute(Lorg/gradle/launcher/bootstrap/ExecutionListener;)V+5
j  org.gradle.launcher.cli.ExceptionReportingAction.execute(Ljava/lang/Object;)V+5
j  org.gradle.launcher.cli.DefaultCommandLineActionFactory$WithLogging.execute(Lorg/gradle/launcher/bootstrap/ExecutionListener;)V+309
j  org.gradle.launcher.Main.doAction([Ljava/lang/String;Lorg/gradle/launcher/bootstrap/ExecutionListener;)V+14
j  org.gradle.launcher.bootstrap.EntryPoint.run([Ljava/lang/String;)V+12
v  ~StubRoutines::call_stub
j  jdk.internal.reflect.NativeMethodAccessorImpl.invoke0(Ljava/lang/reflect/Method;Ljava/lang/Object;[Ljava/lang/Object;)Ljava/lang/Object;+0 java.base@17.0.0.1
j  jdk.internal.reflect.NativeMethodAccessorImpl.invoke(Ljava/lang/Object;[Ljava/lang/Object;)Ljava/lang/Object;+133 java.base@17.0.0.1
j  jdk.internal.reflect.DelegatingMethodAccessorImpl.invoke(Ljava/lang/Object;[Ljava/lang/Object;)Ljava/lang/Object;+6 java.base@17.0.0.1
j  java.lang.reflect.Method.invoke(Ljava/lang/Object;[Ljava/lang/Object;)Ljava/lang/Object;+59 java.base@17.0.0.1
j  org.gradle.launcher.bootstrap.ProcessBootstrap.runNoExit(Ljava/lang/String;Ljava/lang/String;Ljava/lang/String;[Ljava/lang/String;)V+205
j  org.gradle.launcher.bootstrap.ProcessBootstrap.run(Ljava/lang/String;Ljava/lang/String;Ljava/lang/String;[Ljava/lang/String;)V+4
j  org.gradle.launcher.GradleMain.main([Ljava/lang/String;)V+68
v  ~StubRoutines::call_stub
j  jdk.internal.reflect.NativeMethodAccessorImpl.invoke0(Ljava/lang/reflect/Method;Ljava/lang/Object;[Ljava/lang/Object;)Ljava/lang/Object;+0 java.base@17.0.0.1
j  jdk.internal.reflect.NativeMethodAccessorImpl.invoke(Ljava/lang/Object;[Ljava/lang/Object;)Ljava/lang/Object;+133 java.base@17.0.0.1
j  jdk.internal.reflect.DelegatingMethodAccessorImpl.invoke(Ljava/lang/Object;[Ljava/lang/Object;)Ljava/lang/Object;+6 java.base@17.0.0.1
j  java.lang.reflect.Method.invoke(Ljava/lang/Object;[Ljava/lang/Object;)Ljava/lang/Object;+59 java.base@17.0.0.1
j  org.gradle.wrapper.GradleWrapperMain.main([Ljava/lang/String;)V+1826
v  ~StubRoutines::call_stub

siginfo: EXCEPTION_ACCESS_VIOLATION (0xc0000005), writing address 0x000001fdbfaaa43c


Register to memory mapping:

RIP=0x000000018000c27b ASProxy64.dll
RAX=0x0 is NULL
RBX=0x000001fdb0a67ff8 points into unknown readable memory: 0x0000000000000000 | 00 00 00 00 00 00 00 00
RCX=0x000000000000c978 is an unknown value
RDX=0x0000000000000002 is an unknown value
RSP=0x0000007af3bfd010 is pointing into the stack for thread: 0x000001fd95321af0
RBP=0x0000000000000608 is an unknown value
RSI=0x000001fdb0eb1ae0 points into unknown readable memory: 0x000001fdb0eb1ae0 | e0 1a eb b0 fd 01 00 00
RDI=0x0000000000000608 is an unknown value
R8 =0x0000000000000001 is an unknown value
R9 =0x0 is NULL
R10=0x0000000000000978 is an unknown value
R11=0x000001fd95312e80 points into unknown readable memory: 0x00000000000007d0 | d0 07 00 00 00 00 00 00
R12=0x000000000000098c is an unknown value
R13={method} {0x000001fdaef838d0} 'ctl' '(JIJI)I' in 'sun/nio/ch/WEPoll'
R14=0x000001fdb0eb1ab0 points into unknown readable memory: 0x0000000000000608 | 08 06 00 00 00 00 00 00
R15=0x0000007af3bfd240 is pointing into the stack for thread: 0x000001fd95321af0


Registers:
RAX=0x0000000000000000, RBX=0x000001fdb0a67ff8, RCX=0x000000000000c978, RDX=0x0000000000000002
RSP=0x0000007af3bfd010, RBP=0x0000000000000608, RSI=0x000001fdb0eb1ae0, RDI=0x0000000000000608
R8 =0x0000000000000001, R9 =0x0000000000000000, R10=0x0000000000000978, R11=0x000001fd95312e80
R12=0x000000000000098c, R13=0x000001fdaef838c8, R14=0x000001fdb0eb1ab0, R15=0x0000007af3bfd240
RIP=0x000000018000c27b, EFLAGS=0x0000000000010287

Top of Stack: (sp=0x0000007af3bfd010)
0x0000007af3bfd010:   0000000000000000 0000000000000000
0x0000007af3bfd020:   0000000000000608 000000018001f4c2
0x0000007af3bfd030:   0000000180065ec8 0000000000002736
0x0000007af3bfd040:   0000000000000001 0000000000000978
0x0000007af3bfd050:   0000000000000608 000000018000c506
0x0000007af3bfd060:   000001fdb0a67ff8 0000000000002736
0x0000007af3bfd070:   0000000000000000 0000000000000008
0x0000007af3bfd080:   0000007a0000001e 0000000000000000
0x0000007af3bfd090:   0000000000000608 0000000000000000
0x0000007af3bfd0a0:   0000000000000001 0000000000000000
0x0000007af3bfd0b0:   0000000000000608 00007ff90e9776c2
0x0000007af3bfd0c0:   0000000000000978 0000000000000602
0x0000007af3bfd0d0:   000001fdb0eb1ae0 000001fd9cb36000
0x0000007af3bfd0e0:   0000000000000000 0000000000000000
0x0000007af3bfd0f0:   0000007a00000003 000001fd00000001
0x0000007af3bfd100:   000001fd00000000 0000000000000000 

Instructions: (pc=0x000000018000c27b)
0x000000018000c17b:   c0 48 83 c4 50 41 5c c3 cc cc cc cc cc cc cc cc
0x000000018000c18b:   cc cc cc cc cc 48 85 c9 74 23 8b 05 ad ff 06 00
0x000000018000c19b:   89 01 8b 05 a9 ff 06 00 89 41 04 8b 05 a4 ff 06
0x000000018000c1ab:   00 89 41 08 8b 05 9f ff 06 00 89 41 0c f3 c3 cc
0x000000018000c1bb:   cc cc cc cc cc c6 01 01 c7 02 01 00 00 00 c3 cc
0x000000018000c1cb:   cc cc cc cc cc 48 89 5c 24 08 57 48 83 ec 70 48
0x000000018000c1db:   8b fa 8b d9 48 8d 15 82 73 05 00 48 8d 4c 24 20
0x000000018000c1eb:   45 33 c0 48 c7 44 24 40 0f 00 00 00 48 c7 44 24
0x000000018000c1fb:   38 00 00 00 00 c6 44 24 28 00 e8 d6 6b ff ff 4c
0x000000018000c20b:   8d 4c 24 20 48 8d 4c 24 48 41 b0 01 8b d3 e8 52
0x000000018000c21b:   06 02 00 48 83 78 20 10 72 06 48 8b 48 08 eb 05
0x000000018000c22b:   48 8d 48 08 90 0f b6 01 48 ff c7 48 ff c1 88 47
0x000000018000c23b:   ff 84 c0 75 f0 48 83 7c 24 68 10 72 0a 48 8b 4c
0x000000018000c24b:   24 50 e8 52 94 03 00 48 8b 9c 24 80 00 00 00 48
0x000000018000c25b:   83 c4 70 5f c3 48 83 ec 48 0f b6 c2 0f 57 c0 0f
0x000000018000c26b:   11 44 24 ff 25 00 00 00 00 2e 80 dd 40 f9 7f 00
0x000000018000c27b:   00 8b 44 24 04 0f af 04 24 89 04 24 8b 44 24 04
0x000000018000c28b:   0f af 04 24 83 c0 01 89 04 24 8b 44 24 04 0f af
0x000000018000c29b:   04 24 83 c0 02 89 04 24 8b 44 24 04 0f af 04 24
0x000000018000c2ab:   83 c0 03 89 04 24 8b 44 24 04 0f af 04 24 83 c0
0x000000018000c2bb:   04 89 04 24 8b 44 24 04 0f af 04 24 83 c0 05 89
0x000000018000c2cb:   04 24 8b 44 24 04 0f af 04 24 83 c0 06 89 04 24
0x000000018000c2db:   8b 44 24 04 0f af 04 24 83 c0 07 89 04 24 8b 44
0x000000018000c2eb:   24 04 0f af 04 24 83 c0 08 89 04 24 8b 44 24 04
0x000000018000c2fb:   0f af 04 24 83 c0 09 89 04 24 8b 44 24 04 0f af
0x000000018000c30b:   04 24 83 c0 0a 89 04 24 8b 44 24 04 0f af 04 24
0x000000018000c31b:   83 c0 0b 89 04 24 8b 44 24 04 0f af 04 24 83 c0
0x000000018000c32b:   0d 89 04 24 8b 44 24 04 0f af 04 24 83 c0 0e 89
0x000000018000c33b:   04 24 8b 44 24 04 0f af 04 24 83 c0 0f 89 04 24
0x000000018000c34b:   8b 44 24 04 0f af 04 24 83 c0 10 89 04 24 8b 44
0x000000018000c35b:   24 04 0f af 04 24 83 c0 11 89 04 24 8b 44 24 04
0x000000018000c36b:   0f af 04 24 83 c0 12 89 04 24 8b 44 24 04 0f af 


Stack slot to memory mapping:
stack at sp + 0 slots: 0x0 is NULL
stack at sp + 1 slots: 0x0 is NULL
stack at sp + 2 slots: 0x0000000000000608 is an unknown value
stack at sp + 3 slots: 0x000000018001f4c2 ASProxy64.dll
stack at sp + 4 slots: 0x0000000180065ec8 ASProxy64.dll
stack at sp + 5 slots: 0x0000000000002736 is an unknown value
stack at sp + 6 slots: 0x0000000000000001 is an unknown value
stack at sp + 7 slots: 0x0000000000000978 is an unknown value


---------------  P R O C E S S  ---------------

Threads class SMR info:
_java_thread_list=0x000001fdb11c8bb0, length=14, elements={
0x000001fd95321af0, 0x000001fd953d6a30, 0x000001fd953d95f0, 0x000001fd953eea30,
0x000001fdae9e25c0, 0x000001fdae9e2f70, 0x000001fdae9e3920, 0x000001fdae9e4600,
0x000001fdae9e4ff0, 0x000001fdae9e59e0, 0x000001fdaf46de60, 0x000001fdaf46e330,
0x000001fdb08c1b00, 0x000001fdb0e5bac0
}

Java Threads: ( => current thread )
=>0x000001fd95321af0 JavaThread "main" [_thread_in_native, id=17544, stack(0x0000007af3b00000,0x0000007af3c00000)]
  0x000001fd953d6a30 JavaThread "Reference Handler" daemon [_thread_blocked, id=2816, stack(0x0000007af4200000,0x0000007af4300000)]
  0x000001fd953d95f0 JavaThread "Finalizer" daemon [_thread_blocked, id=4024, stack(0x0000007af4300000,0x0000007af4400000)]
  0x000001fd953eea30 JavaThread "Signal Dispatcher" daemon [_thread_blocked, id=15540, stack(0x0000007af4400000,0x0000007af4500000)]
  0x000001fdae9e25c0 JavaThread "Attach Listener" daemon [_thread_blocked, id=10092, stack(0x0000007af4500000,0x0000007af4600000)]
  0x000001fdae9e2f70 JavaThread "Service Thread" daemon [_thread_blocked, id=14480, stack(0x0000007af4600000,0x0000007af4700000)]
  0x000001fdae9e3920 JavaThread "Monitor Deflation Thread" daemon [_thread_blocked, id=32112, stack(0x0000007af4700000,0x0000007af4800000)]
  0x000001fdae9e4600 JavaThread "C2 CompilerThread0" daemon [_thread_blocked, id=29616, stack(0x0000007af4800000,0x0000007af4900000)]
  0x000001fdae9e4ff0 JavaThread "C1 CompilerThread0" daemon [_thread_blocked, id=21392, stack(0x0000007af4900000,0x0000007af4a00000)]
  0x000001fdae9e59e0 JavaThread "Sweeper thread" daemon [_thread_blocked, id=6160, stack(0x0000007af4a00000,0x0000007af4b00000)]
  0x000001fdaf46de60 JavaThread "Notification Thread" daemon [_thread_blocked, id=16768, stack(0x0000007af4b00000,0x0000007af4c00000)]
  0x000001fdaf46e330 JavaThread "Common-Cleaner" daemon [_thread_blocked, id=36320, stack(0x0000007af4d00000,0x0000007af4e00000)]
  0x000001fdb08c1b00 JavaThread "pool-1-thread-1" [_thread_blocked, id=14960, stack(0x0000007af6100000,0x0000007af6200000)]
  0x000001fdb0e5bac0 JavaThread "C2 CompilerThread1" daemon [_thread_blocked, id=19632, stack(0x0000007af6400000,0x0000007af6500000)]

Other Threads:
  0x000001fd953d2b60 VMThread "VM Thread" [stack: 0x0000007af4100000,0x0000007af4200000] [id=34172]
  0x000001fd9534d320 WatcherThread [stack: 0x0000007af4c00000,0x0000007af4d00000] [id=4800]
  0x000001fd953432c0 GCTaskThread "GC Thread#0" [stack: 0x0000007af3c00000,0x0000007af3d00000] [id=808]
  0x000001fdb01b7e60 GCTaskThread "GC Thread#1" [stack: 0x0000007af5e00000,0x0000007af5f00000] [id=34440]
  0x000001fdaf6c9640 GCTaskThread "GC Thread#2" [stack: 0x0000007af5f00000,0x0000007af6000000] [id=17888]
  0x000001fdb0067890 GCTaskThread "GC Thread#3" [stack: 0x0000007af6000000,0x0000007af6100000] [id=10560]
  0x000001fdb107b460 GCTaskThread "GC Thread#4" [stack: 0x0000007af5600000,0x0000007af5700000] [id=34040]
  0x000001fdb00139f0 GCTaskThread "GC Thread#5" [stack: 0x0000007af5d00000,0x0000007af5e00000] [id=16152]
  0x000001fdb0f72bb0 GCTaskThread "GC Thread#6" [stack: 0x0000007af6200000,0x0000007af6300000] [id=33676]
  0x000001fd95344a00 ConcurrentGCThread "G1 Main Marker" [stack: 0x0000007af3d00000,0x0000007af3e00000] [id=17992]
  0x000001fd953460e0 ConcurrentGCThread "G1 Conc#0" [stack: 0x0000007af3e00000,0x0000007af3f00000] [id=4700]
  0x000001fd953acfe0 ConcurrentGCThread "G1 Refine#0" [stack: 0x0000007af3f00000,0x0000007af4000000] [id=2360]
  0x000001fd953ae8b0 ConcurrentGCThread "G1 Service" [stack: 0x0000007af4000000,0x0000007af4100000] [id=23068]

Threads with active compile tasks:

VM state: not at safepoint (normal execution)

VM Mutex/Monitor currently owned by a thread: None

Heap address: 0x00000000fc000000, size: 64 MB, Compressed Oops mode: 32-bit

CDS archive(s) mapped at: [0x0000000800000000-0x0000000800bc0000-0x0000000800bc0000), size 12320768, SharedBaseAddress: 0x0000000800000000, ArchiveRelocationMode: 0.
Compressed class space mapped at: 0x0000000800c00000-0x0000000840c00000, reserved size: 1073741824
Narrow klass base: 0x0000000800000000, Narrow klass shift: 0, Narrow klass range: 0x100000000

GC Precious Log:
 CPUs: 8 total, 8 available
 Memory: 32634M
 Large Page Support: Disabled
 NUMA Support: Disabled
 Compressed Oops: Enabled (32-bit)
 Heap Region Size: 1M
 Heap Min Capacity: 64M
 Heap Initial Capacity: 64M
 Heap Max Capacity: 64M
 Pre-touch: Disabled
 Parallel Workers: 8
 Concurrent Workers: 2
 Concurrent Refinement Workers: 8
 Periodic GC: Disabled

Heap:
 garbage-first heap   total 65536K, used 24095K [0x00000000fc000000, 0x0000000100000000)
  region size 1024K, 19 young (19456K), 5 survivors (5120K)
 Metaspace       used 9868K, committed 10112K, reserved 1064960K
  class space    used 1316K, committed 1408K, reserved 1048576K

Heap Regions: E=young(eden), S=young(survivor), O=old, HS=humongous(starts), HC=humongous(continues), CS=collection set, F=free, OA=open archive, CA=closed archive, TAMS=top-at-mark-start (previous, next)
|   0|0x00000000fc000000, 0x00000000fc100000, 0x00000000fc100000|100%|HS|  |TAMS 0x00000000fc000000, 0x00000000fc000000| Complete 
|   1|0x00000000fc100000, 0x00000000fc200000, 0x00000000fc200000|100%|HC|  |TAMS 0x00000000fc100000, 0x00000000fc100000| Complete 
|   2|0x00000000fc200000, 0x00000000fc300000, 0x00000000fc300000|100%|HC|  |TAMS 0x00000000fc200000, 0x00000000fc200000| Complete 
|   3|0x00000000fc300000, 0x00000000fc400000, 0x00000000fc400000|100%|HC|  |TAMS 0x00000000fc300000, 0x00000000fc300000| Complete 
|   4|0x00000000fc400000, 0x00000000fc500000, 0x00000000fc500000|100%| O|  |TAMS 0x00000000fc400000, 0x00000000fc400000| Untracked 
|   5|0x00000000fc500000, 0x00000000fc600000, 0x00000000fc600000|100%| O|  |TAMS 0x00000000fc500000, 0x00000000fc500000| Untracked 
|   6|0x00000000fc600000, 0x00000000fc687c00, 0x00000000fc700000| 53%| O|  |TAMS 0x00000000fc600000, 0x00000000fc600000| Untracked 
|   7|0x00000000fc700000, 0x00000000fc700000, 0x00000000fc800000|  0%| F|  |TAMS 0x00000000fc700000, 0x00000000fc700000| Untracked 
|   8|0x00000000fc800000, 0x00000000fc800000, 0x00000000fc900000|  0%| F|  |TAMS 0x00000000fc800000, 0x00000000fc800000| Untracked 
|   9|0x00000000fc900000, 0x00000000fc900000, 0x00000000fca00000|  0%| F|  |TAMS 0x00000000fc900000, 0x00000000fc900000| Untracked 
|  10|0x00000000fca00000, 0x00000000fca00000, 0x00000000fcb00000|  0%| F|  |TAMS 0x00000000fca00000, 0x00000000fca00000| Untracked 
|  11|0x00000000fcb00000, 0x00000000fcb00000, 0x00000000fcc00000|  0%| F|  |TAMS 0x00000000fcb00000, 0x00000000fcb00000| Untracked 
|  12|0x00000000fcc00000, 0x00000000fcc00000, 0x00000000fcd00000|  0%| F|  |TAMS 0x00000000fcc00000, 0x00000000fcc00000| Untracked 
|  13|0x00000000fcd00000, 0x00000000fcd00000, 0x00000000fce00000|  0%| F|  |TAMS 0x00000000fcd00000, 0x00000000fcd00000| Untracked 
|  14|0x00000000fce00000, 0x00000000fce00000, 0x00000000fcf00000|  0%| F|  |TAMS 0x00000000fce00000, 0x00000000fce00000| Untracked 
|  15|0x00000000fcf00000, 0x00000000fcf00000, 0x00000000fd000000|  0%| F|  |TAMS 0x00000000fcf00000, 0x00000000fcf00000| Untracked 
|  16|0x00000000fd000000, 0x00000000fd000000, 0x00000000fd100000|  0%| F|  |TAMS 0x00000000fd000000, 0x00000000fd000000| Untracked 
|  17|0x00000000fd100000, 0x00000000fd100000, 0x00000000fd200000|  0%| F|  |TAMS 0x00000000fd100000, 0x00000000fd100000| Untracked 
|  18|0x00000000fd200000, 0x00000000fd200000, 0x00000000fd300000|  0%| F|  |TAMS 0x00000000fd200000, 0x00000000fd200000| Untracked 
|  19|0x00000000fd300000, 0x00000000fd300000, 0x00000000fd400000|  0%| F|  |TAMS 0x00000000fd300000, 0x00000000fd300000| Untracked 
|  20|0x00000000fd400000, 0x00000000fd400000, 0x00000000fd500000|  0%| F|  |TAMS 0x00000000fd400000, 0x00000000fd400000| Untracked 
|  21|0x00000000fd500000, 0x00000000fd500000, 0x00000000fd600000|  0%| F|  |TAMS 0x00000000fd500000, 0x00000000fd500000| Untracked 
|  22|0x00000000fd600000, 0x00000000fd600000, 0x00000000fd700000|  0%| F|  |TAMS 0x00000000fd600000, 0x00000000fd600000| Untracked 
|  23|0x00000000fd700000, 0x00000000fd700000, 0x00000000fd800000|  0%| F|  |TAMS 0x00000000fd700000, 0x00000000fd700000| Untracked 
|  24|0x00000000fd800000, 0x00000000fd800000, 0x00000000fd900000|  0%| F|  |TAMS 0x00000000fd800000, 0x00000000fd800000| Untracked 
|  25|0x00000000fd900000, 0x00000000fd900000, 0x00000000fda00000|  0%| F|  |TAMS 0x00000000fd900000, 0x00000000fd900000| Untracked 
|  26|0x00000000fda00000, 0x00000000fdb00000, 0x00000000fdb00000|100%| S|CS|TAMS 0x00000000fda00000, 0x00000000fda00000| Complete 
|  27|0x00000000fdb00000, 0x00000000fdc00000, 0x00000000fdc00000|100%| S|CS|TAMS 0x00000000fdb00000, 0x00000000fdb00000| Complete 
|  28|0x00000000fdc00000, 0x00000000fdd00000, 0x00000000fdd00000|100%| S|CS|TAMS 0x00000000fdc00000, 0x00000000fdc00000| Complete 
|  29|0x00000000fdd00000, 0x00000000fde00000, 0x00000000fde00000|100%| S|CS|TAMS 0x00000000fdd00000, 0x00000000fdd00000| Complete 
|  30|0x00000000fde00000, 0x00000000fdf00000, 0x00000000fdf00000|100%| S|CS|TAMS 0x00000000fde00000, 0x00000000fde00000| Complete 
|  31|0x00000000fdf00000, 0x00000000fdf00000, 0x00000000fe000000|  0%| F|  |TAMS 0x00000000fdf00000, 0x00000000fdf00000| Untracked 
|  32|0x00000000fe000000, 0x00000000fe000000, 0x00000000fe100000|  0%| F|  |TAMS 0x00000000fe000000, 0x00000000fe000000| Untracked 
|  33|0x00000000fe100000, 0x00000000fe100000, 0x00000000fe200000|  0%| F|  |TAMS 0x00000000fe100000, 0x00000000fe100000| Untracked 
|  34|0x00000000fe200000, 0x00000000fe200000, 0x00000000fe300000|  0%| F|  |TAMS 0x00000000fe200000, 0x00000000fe200000| Untracked 
|  35|0x00000000fe300000, 0x00000000fe300000, 0x00000000fe400000|  0%| F|  |TAMS 0x00000000fe300000, 0x00000000fe300000| Untracked 
|  36|0x00000000fe400000, 0x00000000fe400000, 0x00000000fe500000|  0%| F|  |TAMS 0x00000000fe400000, 0x00000000fe400000| Untracked 
|  37|0x00000000fe500000, 0x00000000fe500000, 0x00000000fe600000|  0%| F|  |TAMS 0x00000000fe500000, 0x00000000fe500000| Untracked 
|  38|0x00000000fe600000, 0x00000000fe600000, 0x00000000fe700000|  0%| F|  |TAMS 0x00000000fe600000, 0x00000000fe600000| Untracked 
|  39|0x00000000fe700000, 0x00000000fe700000, 0x00000000fe800000|  0%| F|  |TAMS 0x00000000fe700000, 0x00000000fe700000| Untracked 
|  40|0x00000000fe800000, 0x00000000fe800000, 0x00000000fe900000|  0%| F|  |TAMS 0x00000000fe800000, 0x00000000fe800000| Untracked 
|  41|0x00000000fe900000, 0x00000000fe900000, 0x00000000fea00000|  0%| F|  |TAMS 0x00000000fe900000, 0x00000000fe900000| Untracked 
|  42|0x00000000fea00000, 0x00000000fea00000, 0x00000000feb00000|  0%| F|  |TAMS 0x00000000fea00000, 0x00000000fea00000| Untracked 
|  43|0x00000000feb00000, 0x00000000feb00000, 0x00000000fec00000|  0%| F|  |TAMS 0x00000000feb00000, 0x00000000feb00000| Untracked 
|  44|0x00000000fec00000, 0x00000000fec00000, 0x00000000fed00000|  0%| F|  |TAMS 0x00000000fec00000, 0x00000000fec00000| Untracked 
|  45|0x00000000fed00000, 0x00000000fed00000, 0x00000000fee00000|  0%| F|  |TAMS 0x00000000fed00000, 0x00000000fed00000| Untracked 
|  46|0x00000000fee00000, 0x00000000fee00000, 0x00000000fef00000|  0%| F|  |TAMS 0x00000000fee00000, 0x00000000fee00000| Untracked 
|  47|0x00000000fef00000, 0x00000000fef00000, 0x00000000ff000000|  0%| F|  |TAMS 0x00000000fef00000, 0x00000000fef00000| Untracked 
|  48|0x00000000ff000000, 0x00000000ff000000, 0x00000000ff100000|  0%| F|  |TAMS 0x00000000ff000000, 0x00000000ff000000| Untracked 
|  49|0x00000000ff100000, 0x00000000ff100000, 0x00000000ff200000|  0%| F|  |TAMS 0x00000000ff100000, 0x00000000ff100000| Untracked 
|  50|0x00000000ff200000, 0x00000000ff280800, 0x00000000ff300000| 50%| E|  |TAMS 0x00000000ff200000, 0x00000000ff200000| Complete 
|  51|0x00000000ff300000, 0x00000000ff400000, 0x00000000ff400000|100%| E|CS|TAMS 0x00000000ff300000, 0x00000000ff300000| Complete 
|  52|0x00000000ff400000, 0x00000000ff500000, 0x00000000ff500000|100%| E|CS|TAMS 0x00000000ff400000, 0x00000000ff400000| Complete 
|  53|0x00000000ff500000, 0x00000000ff600000, 0x00000000ff600000|100%| E|CS|TAMS 0x00000000ff500000, 0x00000000ff500000| Complete 
|  54|0x00000000ff600000, 0x00000000ff700000, 0x00000000ff700000|100%| E|CS|TAMS 0x00000000ff600000, 0x00000000ff600000| Complete 
|  55|0x00000000ff700000, 0x00000000ff800000, 0x00000000ff800000|100%| E|CS|TAMS 0x00000000ff700000, 0x00000000ff700000| Complete 
|  56|0x00000000ff800000, 0x00000000ff900000, 0x00000000ff900000|100%| E|CS|TAMS 0x00000000ff800000, 0x00000000ff800000| Complete 
|  57|0x00000000ff900000, 0x00000000ffa00000, 0x00000000ffa00000|100%| E|CS|TAMS 0x00000000ff900000, 0x00000000ff900000| Complete 
|  58|0x00000000ffa00000, 0x00000000ffb00000, 0x00000000ffb00000|100%| E|CS|TAMS 0x00000000ffa00000, 0x00000000ffa00000| Complete 
|  59|0x00000000ffb00000, 0x00000000ffc00000, 0x00000000ffc00000|100%| E|CS|TAMS 0x00000000ffb00000, 0x00000000ffb00000| Complete 
|  60|0x00000000ffc00000, 0x00000000ffd00000, 0x00000000ffd00000|100%| E|  |TAMS 0x00000000ffc00000, 0x00000000ffc00000| Complete 
|  61|0x00000000ffd00000, 0x00000000ffe00000, 0x00000000ffe00000|100%| E|CS|TAMS 0x00000000ffd00000, 0x00000000ffd00000| Complete 
|  62|0x00000000ffe00000, 0x00000000fff00000, 0x00000000fff00000|100%| E|CS|TAMS 0x00000000ffe00000, 0x00000000ffe00000| Complete 
|  63|0x00000000fff00000, 0x0000000100000000, 0x0000000100000000|100%| E|CS|TAMS 0x00000000fff00000, 0x00000000fff00000| Complete 

Card table byte_map: [0x000001fd94ab0000,0x000001fd94ad0000] _byte_map_base: 0x000001fd942d0000

Marking Bits (Prev, Next): (CMBitMap*) 0x000001fd953438d0, (CMBitMap*) 0x000001fd95343910
 Prev Bits: [0x000001fdabe40000, 0x000001fdabf40000)
 Next Bits: [0x000001fdabf40000, 0x000001fdac040000)

Polling page: 0x000001fd94a60000

Metaspace:

Usage:
  Non-class:      8.35 MB used.
      Class:      1.29 MB used.
       Both:      9.64 MB used.

Virtual space:
  Non-class space:       16.00 MB reserved,       8.50 MB ( 53%) committed,  2 nodes.
      Class space:        1.00 GB reserved,       1.38 MB ( <1%) committed,  1 nodes.
             Both:        1.02 GB reserved,       9.88 MB ( <1%) committed. 

Chunk freelists:
   Non-Class:  3.34 MB
       Class:  2.58 MB
        Both:  5.92 MB

MaxMetaspaceSize: unlimited
CompressedClassSpaceSize: 1.00 GB
Initial GC threshold: 21.00 MB
Current GC threshold: 21.00 MB
CDS: on
MetaspaceReclaimPolicy: balanced
 - commit_granule_bytes: 65536.
 - commit_granule_words: 8192.
 - virtual_space_node_default_size: 1048576.
 - enlarge_chunks_in_place: 1.
 - new_chunks_are_fully_committed: 0.
 - uncommit_free_chunks: 1.
 - use_allocation_guard: 0.
 - handle_deallocations: 1.


Internal statistics:

num_allocs_failed_limit: 0.
num_arena_births: 82.
num_arena_deaths: 0.
num_vsnodes_births: 3.
num_vsnodes_deaths: 0.
num_space_committed: 158.
num_space_uncommitted: 0.
num_chunks_returned_to_freelist: 0.
num_chunks_taken_from_freelist: 351.
num_chunk_merges: 0.
num_chunk_splits: 239.
num_chunks_enlarged: 201.
num_purges: 0.
num_inconsistent_stats: 0.

CodeHeap 'non-profiled nmethods': size=120000Kb used=739Kb max_used=739Kb free=119260Kb
 bounds [0x000001fda45e0000, 0x000001fda4850000, 0x000001fdabb10000]
CodeHeap 'profiled nmethods': size=120000Kb used=2862Kb max_used=2862Kb free=117137Kb
 bounds [0x000001fd9d0b0000, 0x000001fd9d380000, 0x000001fda45e0000]
CodeHeap 'non-nmethods': size=5760Kb used=1178Kb max_used=1203Kb free=4581Kb
 bounds [0x000001fd9cb10000, 0x000001fd9cd80000, 0x000001fd9d0b0000]
 total_blobs=1979 nmethods=1501 adapters=391
 compilation: enabled
              stopped_count=0, restarted_count=0
 full_count=0

Compilation events (20 events):
Event: 4.059 Thread 0x000001fdae9e4ff0 1494       3       java.lang.Integer::hashCode (2 bytes)
Event: 4.059 Thread 0x000001fdae9e4ff0 nmethod 1494 0x000001fd9d375b90 code [0x000001fd9d375d20, 0x000001fd9d375e18]
Event: 4.059 Thread 0x000001fdb0e5bac0 nmethod 1470 0x000001fda4695990 code [0x000001fda4695b20, 0x000001fda4695c98]
Event: 4.059 Thread 0x000001fdb0e5bac0 1471       4       java.lang.CharacterDataLatin1::digit (32 bytes)
Event: 4.059 Thread 0x000001fdae9e4ff0 1495       3       java.lang.Class::newReflectionData (66 bytes)
Event: 4.060 Thread 0x000001fdae9e4ff0 nmethod 1495 0x000001fd9d375e90 code [0x000001fd9d3760a0, 0x000001fd9d3769b8]
Event: 4.060 Thread 0x000001fdb0e5bac0 nmethod 1471 0x000001fda4695e10 code [0x000001fda4695fa0, 0x000001fda4696098]
Event: 4.060 Thread 0x000001fdb0e5bac0 1492       4       java.util.HashMap::newNode (13 bytes)
Event: 4.060 Thread 0x000001fdae9e4ff0 1496       3       java.util.concurrent.ConcurrentHashMap::<init> (5 bytes)
Event: 4.060 Thread 0x000001fdae9e4ff0 nmethod 1496 0x000001fd9d376c90 code [0x000001fd9d376e40, 0x000001fd9d376ff8]
Event: 4.061 Thread 0x000001fdb0e5bac0 nmethod 1492 0x000001fda4696190 code [0x000001fda4696320, 0x000001fda4696438]
Event: 4.061 Thread 0x000001fdb0e5bac0 1484       4       java.util.HashMap::<init> (11 bytes)
Event: 4.061 Thread 0x000001fdb0e5bac0 nmethod 1484 0x000001fda4696510 code [0x000001fda4696680, 0x000001fda46966f8]
Event: 4.064 Thread 0x000001fdae9e4600 nmethod 1456 0x000001fda4696c10 code [0x000001fda4696de0, 0x000001fda46984a8]
Event: 4.064 Thread 0x000001fdae9e4ff0 1498       3       java.io.FileDescriptor::<init> (17 bytes)
Event: 4.064 Thread 0x000001fdae9e4ff0 nmethod 1498 0x000001fd9d377110 code [0x000001fd9d3772a0, 0x000001fd9d377418]
Event: 4.064 Thread 0x000001fdae9e4ff0 1499       3       java.lang.invoke.VarHandleGuards::guard_LII_V (137 bytes)
Event: 4.066 Thread 0x000001fdae9e4ff0 nmethod 1499 0x000001fd9d377510 code [0x000001fd9d377960, 0x000001fd9d37a578]
Event: 4.066 Thread 0x000001fdae9e4ff0 1500       3       java.lang.invoke.VarHandleByteArrayAsInts$ArrayHandle::set (39 bytes)
Event: 4.066 Thread 0x000001fdae9e4ff0 nmethod 1500 0x000001fd9d37b210 code [0x000001fd9d37b400, 0x000001fd9d37b938]

GC Heap History (4 events):
Event: 0.908 GC heap before
{Heap before GC invocations=0 (full 0):
 garbage-first heap   total 65536K, used 22528K [0x00000000fc000000, 0x0000000100000000)
  region size 1024K, 23 young (23552K), 0 survivors (0K)
 Metaspace       used 1770K, committed 1856K, reserved 1056768K
  class space    used 156K, committed 192K, reserved 1048576K
}
Event: 0.912 GC heap after
{Heap after GC invocations=1 (full 0):
 garbage-first heap   total 65536K, used 2560K [0x00000000fc000000, 0x0000000100000000)
  region size 1024K, 3 young (3072K), 3 survivors (3072K)
 Metaspace       used 1770K, committed 1856K, reserved 1056768K
  class space    used 156K, committed 192K, reserved 1048576K
}
Event: 1.840 GC heap before
{Heap before GC invocations=1 (full 0):
 garbage-first heap   total 65536K, used 36352K [0x00000000fc000000, 0x0000000100000000)
  region size 1024K, 33 young (33792K), 3 survivors (3072K)
 Metaspace       used 8105K, committed 8320K, reserved 1056768K
  class space    used 1102K, committed 1216K, reserved 1048576K
}
Event: 1.845 GC heap after
{Heap after GC invocations=2 (full 0):
 garbage-first heap   total 65536K, used 11807K [0x00000000fc000000, 0x0000000100000000)
  region size 1024K, 5 young (5120K), 5 survivors (5120K)
 Metaspace       used 8105K, committed 8320K, reserved 1056768K
  class space    used 1102K, committed 1216K, reserved 1048576K
}

Deoptimization events (20 events):
Event: 1.997 Thread 0x000001fdb0e61690 Uncommon trap: trap_request=0xffffff45 fr.pc=0x000001fda4645150 relative=0x0000000000000510
Event: 1.997 Thread 0x000001fdb0e61690 Uncommon trap: reason=unstable_if action=reinterpret pc=0x000001fda4645150 method=java.lang.AbstractStringBuilder.putStringAt(ILjava/lang/String;II)V @ 8 c2
Event: 1.997 Thread 0x000001fdb0e61690 DEOPT PACKING pc=0x000001fda4645150 sp=0x0000007af63feec0
Event: 1.997 Thread 0x000001fdb0e61690 DEOPT UNPACKING pc=0x000001fd9cb623a3 sp=0x0000007af63fedb0 mode 2
Event: 1.997 Thread 0x000001fdb0e61690 Uncommon trap: trap_request=0xffffff45 fr.pc=0x000001fda462605c relative=0x000000000000005c
Event: 1.997 Thread 0x000001fdb0e61690 Uncommon trap: reason=unstable_if action=reinterpret pc=0x000001fda462605c method=java.lang.AbstractStringBuilder.isLatin1()Z @ 10 c2
Event: 1.997 Thread 0x000001fdb0e61690 DEOPT PACKING pc=0x000001fda462605c sp=0x0000007af63fed50
Event: 1.997 Thread 0x000001fdb0e61690 DEOPT UNPACKING pc=0x000001fd9cb623a3 sp=0x0000007af63fece0 mode 2
Event: 1.997 Thread 0x000001fdb0e61690 Uncommon trap: trap_request=0xffffff45 fr.pc=0x000001fda4665ea0 relative=0x0000000000000400
Event: 1.997 Thread 0x000001fdb0e61690 Uncommon trap: reason=unstable_if action=reinterpret pc=0x000001fda4665ea0 method=java.lang.AbstractStringBuilder.isLatin1()Z @ 10 c2
Event: 1.997 Thread 0x000001fdb0e61690 DEOPT PACKING pc=0x000001fda4665ea0 sp=0x0000007af63fef40
Event: 1.997 Thread 0x000001fdb0e61690 DEOPT UNPACKING pc=0x000001fd9cb623a3 sp=0x0000007af63feec0 mode 2
Event: 3.949 Thread 0x000001fdb0e61690 Uncommon trap: trap_request=0xffffff45 fr.pc=0x000001fda45ec204 relative=0x0000000000000084
Event: 3.949 Thread 0x000001fdb0e61690 Uncommon trap: reason=unstable_if action=reinterpret pc=0x000001fda45ec204 method=java.lang.String.codePointAt(I)I @ 4 c2
Event: 3.949 Thread 0x000001fdb0e61690 DEOPT PACKING pc=0x000001fda45ec204 sp=0x0000007af63feeb0
Event: 3.949 Thread 0x000001fdb0e61690 DEOPT UNPACKING pc=0x000001fd9cb623a3 sp=0x0000007af63fee48 mode 2
Event: 3.951 Thread 0x000001fdb0f05670 Uncommon trap: trap_request=0xffffffde fr.pc=0x000001fda4661244 relative=0x0000000000001184
Event: 3.951 Thread 0x000001fdb0f05670 Uncommon trap: reason=class_check action=maybe_recompile pc=0x000001fda4661244 method=java.util.concurrent.ConcurrentHashMap.putVal(Ljava/lang/Object;Ljava/lang/Object;Z)Ljava/lang/Object; @ 159 c2
Event: 3.951 Thread 0x000001fdb0f05670 DEOPT PACKING pc=0x000001fda4661244 sp=0x0000007af66fe350
Event: 3.951 Thread 0x000001fdb0f05670 DEOPT UNPACKING pc=0x000001fd9cb623a3 sp=0x0000007af66fe2d0 mode 2

Classes unloaded (0 events):
No events

Classes redefined (0 events):
No events

Internal exceptions (20 events):
Event: 1.254 Thread 0x000001fd95321af0 Exception <a 'java/lang/NoSuchMethodError'{0x00000000ff2d5488}: 'java.lang.Object java.lang.invoke.DirectMethodHandle$Holder.invokeStatic(java.lang.Object, java.lang.Object, int)'> (0x00000000ff2d5488) 
thrown [c:\sb\prod\1715191057\workspace\open\src\hotspot\share\interpreter\linkResolver.cpp, line 766]
Event: 1.256 Thread 0x000001fd95321af0 Exception <a 'java/lang/NoSuchMethodError'{0x00000000ff2e1178}: 'void java.lang.invoke.DelegatingMethodHandle$Holder.delegate(java.lang.Object, java.lang.Object, int, java.lang.Object)'> (0x00000000ff2e1178) 
thrown [c:\sb\prod\1715191057\workspace\open\src\hotspot\share\interpreter\linkResolver.cpp, line 766]
Event: 1.257 Thread 0x000001fd95321af0 Exception <a 'java/lang/NoSuchMethodError'{0x00000000ff2e51b0}: 'int java.lang.invoke.DirectMethodHandle$Holder.invokeSpecial(java.lang.Object, java.lang.Object, java.lang.Object)'> (0x00000000ff2e51b0) 
thrown [c:\sb\prod\1715191057\workspace\open\src\hotspot\share\interpreter\linkResolver.cpp, line 766]
Event: 1.259 Thread 0x000001fd95321af0 Exception <a 'java/lang/NoSuchMethodError'{0x00000000ff2f82c0}: 'java.lang.Object java.lang.invoke.Invokers$Holder.invokeExact_MT(java.lang.Object, java.lang.Object, java.lang.Object, java.lang.Object)'> (0x00000000ff2f82c0) 
thrown [c:\sb\prod\1715191057\workspace\open\src\hotspot\share\interpreter\linkResolver.cpp, line 766]
Event: 1.267 Thread 0x000001fd95321af0 Exception <a 'java/lang/NoSuchMethodError'{0x00000000ff1343c0}: 'java.lang.Object java.lang.invoke.DirectMethodHandle$Holder.invokeVirtual(java.lang.Object, java.lang.Object, java.lang.Object)'> (0x00000000ff1343c0) 
thrown [c:\sb\prod\1715191057\workspace\open\src\hotspot\share\interpreter\linkResolver.cpp, line 766]
Event: 1.357 Thread 0x000001fd95321af0 Exception <a 'java/lang/NoSuchMethodError'{0x00000000fed80848}: 'java.lang.Object java.lang.invoke.DirectMethodHandle$Holder.newInvokeSpecial(java.lang.Object, java.lang.Object, java.lang.Object, java.lang.Object, java.lang.Object)'> (0x00000000fed80848) 
thrown [c:\sb\prod\1715191057\workspace\open\src\hotspot\share\interpreter\linkResolver.cpp, line 766]
Event: 1.401 Thread 0x000001fd95321af0 Exception <a 'java/lang/NoSuchMethodError'{0x00000000fea50880}: 'void java.lang.invoke.DirectMethodHandle$Holder.invokeSpecial(java.lang.Object, java.lang.Object, java.lang.Object)'> (0x00000000fea50880) 
thrown [c:\sb\prod\1715191057\workspace\open\src\hotspot\share\interpreter\linkResolver.cpp, line 766]
Event: 1.409 Thread 0x000001fd95321af0 Implicit null exception at 0x000001fda464150f to 0x000001fda4641a8c
Event: 1.409 Thread 0x000001fd95321af0 Implicit null exception at 0x000001fda4626d0f to 0x000001fda462729c
Event: 1.428 Thread 0x000001fd95321af0 Exception <a 'java/lang/NoSuchMethodError'{0x00000000fe9c1158}: 'java.lang.Object java.lang.invoke.DirectMethodHandle$Holder.invokeStaticInit(java.lang.Object)'> (0x00000000fe9c1158) 
thrown [c:\sb\prod\1715191057\workspace\open\src\hotspot\share\interpreter\linkResolver.cpp, line 766]
Event: 1.534 Thread 0x000001fd95321af0 Exception <a 'java/lang/NoSuchMethodError'{0x00000000fe5bfe88}: 'int java.lang.invoke.DirectMethodHandle$Holder.invokeVirtual(java.lang.Object, java.lang.Object, java.lang.Object)'> (0x00000000fe5bfe88) 
thrown [c:\sb\prod\1715191057\workspace\open\src\hotspot\share\interpreter\linkResolver.cpp, line 766]
Event: 1.574 Thread 0x000001fd95321af0 Exception <a 'java/lang/NoSuchMethodError'{0x00000000fe215870}: 'java.lang.Object java.lang.invoke.DirectMethodHandle$Holder.invokeSpecialIFC(java.lang.Object, java.lang.Object, java.lang.Object, java.lang.Object)'> (0x00000000fe215870) 
thrown [c:\sb\prod\1715191057\workspace\open\src\hotspot\share\interpreter\linkResolver.cpp, line 766]
Event: 1.621 Thread 0x000001fd95321af0 Exception <a 'java/lang/NoSuchMethodError'{0x00000000fe0def08}: 'java.lang.Object java.lang.invoke.DirectMethodHandle$Holder.invokeStaticInit(java.lang.Object, int, int, int, int)'> (0x00000000fe0def08) 
thrown [c:\sb\prod\1715191057\workspace\open\src\hotspot\share\interpreter\linkResolver.cpp, line 766]
Event: 1.695 Thread 0x000001fd95321af0 Exception <a 'java/lang/NoSuchMethodError'{0x00000000fdfbe0d8}: 'java.lang.Object java.lang.invoke.DirectMethodHandle$Holder.invokeStaticInit(java.lang.Object, java.lang.Object, int, int, int, int)'> (0x00000000fdfbe0d8) 
thrown [c:\sb\prod\1715191057\workspace\open\src\hotspot\share\interpreter\linkResolver.cpp, line 766]
Event: 1.838 Thread 0x000001fd95321af0 Exception <a 'java/lang/NoSuchMethodError'{0x00000000fdff01f8}: 'void java.lang.invoke.DirectMethodHandle$Holder.invokeStatic(java.lang.Object, java.lang.Object, java.lang.Object)'> (0x00000000fdff01f8) 
thrown [c:\sb\prod\1715191057\workspace\open\src\hotspot\share\interpreter\linkResolver.cpp, line 766]
Event: 1.967 Thread 0x000001fdb0e61690 Exception <a 'java/lang/NoSuchMethodError'{0x00000000ff40be68}: 'void java.lang.invoke.DirectMethodHandle$Holder.invokeStatic(java.lang.Object, long)'> (0x00000000ff40be68) 
thrown [c:\sb\prod\1715191057\workspace\open\src\hotspot\share\interpreter\linkResolver.cpp, line 766]
Event: 1.968 Thread 0x000001fdb0e61690 Exception <a 'java/lang/NoSuchMethodError'{0x00000000ff411c70}: 'java.lang.Object java.lang.invoke.DirectMethodHandle$Holder.newInvokeSpecial(java.lang.Object, long)'> (0x00000000ff411c70) 
thrown [c:\sb\prod\1715191057\workspace\open\src\hotspot\share\interpreter\linkResolver.cpp, line 766]
Event: 1.970 Thread 0x000001fdb0e61690 Exception <a 'java/lang/NoSuchMethodError'{0x00000000ff41c898}: 'java.lang.Object java.lang.invoke.DirectMethodHandle$Holder.invokeStaticInit(java.lang.Object, java.lang.Object, long, java.lang.Object)'> (0x00000000ff41c898) 
thrown [c:\sb\prod\1715191057\workspace\open\src\hotspot\share\interpreter\linkResolver.cpp, line 766]
Event: 1.971 Thread 0x000001fdb0e61690 Exception <a 'java/lang/NoSuchMethodError'{0x00000000ff422f20}: 'java.lang.Object java.lang.invoke.DirectMethodHandle$Holder.newInvokeSpecial(java.lang.Object, java.lang.Object, long)'> (0x00000000ff422f20) 
thrown [c:\sb\prod\1715191057\workspace\open\src\hotspot\share\interpreter\linkResolver.cpp, line 766]
Event: 1.971 Thread 0x000001fdb0e61690 Exception <a 'java/lang/NoSuchMethodError'{0x00000000ff427210}: 'java.lang.Object java.lang.invoke.Invokers$Holder.linkToTargetMethod(java.lang.Object, long, java.lang.Object)'> (0x00000000ff427210) 
thrown [c:\sb\prod\1715191057\workspace\open\src\hotspot\share\interpreter\linkResolver.cpp, line 766]

VM Operations (20 events):
Event: 1.253 Executing VM operation: HandshakeAllThreads
Event: 1.253 Executing VM operation: HandshakeAllThreads done
Event: 1.443 Executing VM operation: HandshakeAllThreads
Event: 1.443 Executing VM operation: HandshakeAllThreads done
Event: 1.526 Executing VM operation: HandshakeAllThreads
Event: 1.526 Executing VM operation: HandshakeAllThreads done
Event: 1.580 Executing VM operation: HandshakeAllThreads
Event: 1.580 Executing VM operation: HandshakeAllThreads done
Event: 1.684 Executing VM operation: HandshakeAllThreads
Event: 1.684 Executing VM operation: HandshakeAllThreads done
Event: 1.840 Executing VM operation: G1CollectForAllocation
Event: 1.845 Executing VM operation: G1CollectForAllocation done
Event: 1.995 Executing VM operation: HandshakeAllThreads
Event: 1.995 Executing VM operation: HandshakeAllThreads done
Event: 2.029 Executing VM operation: HandshakeAllThreads
Event: 2.029 Executing VM operation: HandshakeAllThreads done
Event: 3.042 Executing VM operation: Cleanup
Event: 3.042 Executing VM operation: Cleanup done
Event: 4.056 Executing VM operation: Cleanup
Event: 4.057 Executing VM operation: Cleanup done

Events (20 events):
Event: 4.060 loading class com/sun/security/sasl/Provider$1
Event: 4.060 loading class com/sun/security/sasl/Provider$1 done
Event: 4.060 loading class com/sun/security/sasl/Provider$ProviderService
Event: 4.061 loading class com/sun/security/sasl/Provider$ProviderService done
Event: 4.062 loading class sun/nio/ch/ServerSocketChannelImpl
Event: 4.063 loading class sun/nio/ch/ServerSocketChannelImpl done
Event: 4.065 loading class sun/nio/ch/Util$BufferCache
Event: 4.065 loading class sun/nio/ch/Util$BufferCache done
Event: 4.065 loading class sun/nio/ch/IOStatus
Event: 4.065 loading class sun/nio/ch/IOStatus done
Event: 4.065 loading class java/nio/BufferMismatch
Event: 4.065 loading class java/nio/BufferMismatch done
Event: 4.065 loading class sun/nio/ch/SourceChannelImpl
Event: 4.065 loading class java/nio/channels/Pipe$SourceChannel
Event: 4.065 loading class java/nio/channels/Pipe$SourceChannel done
Event: 4.065 loading class sun/nio/ch/SourceChannelImpl done
Event: 4.065 loading class sun/nio/ch/SinkChannelImpl
Event: 4.065 loading class java/nio/channels/Pipe$SinkChannel
Event: 4.065 loading class java/nio/channels/Pipe$SinkChannel done
Event: 4.066 loading class sun/nio/ch/SinkChannelImpl done


Dynamic libraries:
0x00007ff6e5d00000 - 0x00007ff6e5d0e000 	C:\Program Files\Java\jdk-17.0.0.1\bin\java.exe
0x00007ff9410e0000 - 0x00007ff941343000 	C:\Windows\SYSTEM32\ntdll.dll
0x00007ff940da0000 - 0x00007ff940e67000 	C:\Windows\System32\KERNEL32.DLL
0x00007ff93e710000 - 0x00007ff93ead9000 	C:\Windows\System32\KERNELBASE.dll
0x00007ff93ed10000 - 0x00007ff93ee5c000 	C:\Windows\System32\ucrtbase.dll
0x00007ff92d6d0000 - 0x00007ff92d6ea000 	C:\Program Files\Java\jdk-17.0.0.1\bin\VCRUNTIME140.dll
0x00007ff92b8d0000 - 0x00007ff92b8e8000 	C:\Program Files\Java\jdk-17.0.0.1\bin\jli.dll
0x00007ff940840000 - 0x00007ff940a0a000 	C:\Windows\System32\USER32.dll
0x00007ff93e370000 - 0x00007ff93e397000 	C:\Windows\System32\win32u.dll
0x00007ff941070000 - 0x00007ff94109a000 	C:\Windows\System32\GDI32.dll
0x00007ff93e3a0000 - 0x00007ff93e4d1000 	C:\Windows\System32\gdi32full.dll
0x00007ff927ef0000 - 0x00007ff928180000 	C:\Windows\WinSxS\amd64_microsoft.windows.common-controls_6595b64144ccf1df_6.0.26100.3323_none_3e088096e3344490\COMCTL32.dll
0x00007ff93e4e0000 - 0x00007ff93e583000 	C:\Windows\System32\msvcp_win.dll
0x00007ff93f1d0000 - 0x00007ff93f279000 	C:\Windows\System32\msvcrt.dll
0x00007ff940e70000 - 0x00007ff940e9f000 	C:\Windows\System32\IMM32.DLL
0x00007ff936a80000 - 0x00007ff936a8c000 	C:\Program Files\Java\jdk-17.0.0.1\bin\vcruntime140_1.dll
0x00007ff8e1be0000 - 0x00007ff8e1c6d000 	C:\Program Files\Java\jdk-17.0.0.1\bin\msvcp140.dll
0x00007ff855a30000 - 0x00007ff8565f0000 	C:\Program Files\Java\jdk-17.0.0.1\bin\server\jvm.dll
0x00007ff940eb0000 - 0x00007ff940f62000 	C:\Windows\System32\ADVAPI32.dll
0x00007ff93efc0000 - 0x00007ff93f066000 	C:\Windows\System32\sechost.dll
0x00007ff940360000 - 0x00007ff940476000 	C:\Windows\System32\RPCRT4.dll
0x00007ff93efa0000 - 0x00007ff93efa8000 	C:\Windows\System32\PSAPI.DLL
0x00007ff92aa60000 - 0x00007ff92aa96000 	C:\Windows\SYSTEM32\WINMM.dll
0x00007ff918630000 - 0x00007ff91863a000 	C:\Windows\SYSTEM32\WSOCK32.dll
0x00007ff9365c0000 - 0x00007ff9365cb000 	C:\Windows\SYSTEM32\VERSION.dll
0x00007ff9406e0000 - 0x00007ff940754000 	C:\Windows\System32\WS2_32.dll
0x00007ff93d0c0000 - 0x00007ff93d0da000 	C:\Windows\SYSTEM32\kernel.appcore.dll
0x00007ff921740000 - 0x00007ff92174a000 	C:\Program Files\Java\jdk-17.0.0.1\bin\jimage.dll
0x00007ff93ba40000 - 0x00007ff93bc81000 	C:\Windows\SYSTEM32\DBGHELP.DLL
0x00007ff940a10000 - 0x00007ff940d92000 	C:\Windows\System32\combase.dll
0x00007ff940760000 - 0x00007ff940836000 	C:\Windows\System32\OLEAUT32.dll
0x00007ff936bd0000 - 0x00007ff936c09000 	C:\Windows\SYSTEM32\dbgcore.DLL
0x00007ff93ee60000 - 0x00007ff93eef9000 	C:\Windows\System32\bcryptPrimitives.dll
0x00007ff9170c0000 - 0x00007ff9170e5000 	C:\Program Files\Java\jdk-17.0.0.1\bin\java.dll
0x00007ff8dc9a0000 - 0x00007ff8dca76000 	C:\Program Files\Java\jdk-17.0.0.1\bin\svml.dll
0x00007ff93f710000 - 0x00007ff93fe25000 	C:\Windows\System32\SHELL32.dll
0x00007ff93eae0000 - 0x00007ff93ec48000 	C:\Windows\System32\wintypes.dll
0x00007ff93bfa0000 - 0x00007ff93c7e5000 	C:\Windows\SYSTEM32\windows.storage.dll
0x00007ff9400d0000 - 0x00007ff9401bb000 	C:\Windows\System32\SHCORE.dll
0x00007ff940fe0000 - 0x00007ff94103d000 	C:\Windows\System32\shlwapi.dll
0x00007ff93e1f0000 - 0x00007ff93e21f000 	C:\Windows\SYSTEM32\profapi.dll
0x00007ff90e990000 - 0x00007ff90e9a9000 	C:\Program Files\Java\jdk-17.0.0.1\bin\net.dll
0x00007ff936ef0000 - 0x00007ff93700e000 	C:\Windows\SYSTEM32\WINHTTP.dll
0x0000000180000000 - 0x000000018008c000 	C:\Windows\system32\ASProxy64.dll
0x00007ff9401c0000 - 0x00007ff940355000 	C:\Windows\System32\ole32.dll
0x00007ff93cae0000 - 0x00007ff93cb13000 	C:\Windows\SYSTEM32\IPHLPAPI.DLL
0x00007ff93d5c0000 - 0x00007ff93d62a000 	C:\Windows\SYSTEM32\MSWSOCK.dll
0x00007ff93d360000 - 0x00007ff93d3a8000 	C:\Windows\SYSTEM32\SspiCli.dll
0x00007ff93b0f0000 - 0x00007ff93b19e000 	C:\Windows\system32\uxtheme.dll
0x00007ff93ff90000 - 0x00007ff940038000 	C:\Windows\System32\clbcatq.dll
0x00007ff90d8d0000 - 0x00007ff90d8db000 	C:\Windows\SYSTEM32\msiltcfg.dll
0x00007ff926ee0000 - 0x00007ff927226000 	C:\Windows\SYSTEM32\msi.dll
0x00007ff93dbb0000 - 0x00007ff93dbd6000 	C:\Windows\SYSTEM32\bcrypt.dll
0x00007ff93e120000 - 0x00007ff93e1c1000 	C:\Windows\SYSTEM32\sxs.dll
0x00007ff90e970000 - 0x00007ff90e985000 	C:\Program Files\Java\jdk-17.0.0.1\bin\nio.dll
0x00007ff90e950000 - 0x00007ff90e968000 	C:\Program Files\Java\jdk-17.0.0.1\bin\zip.dll
0x00007ff91ee90000 - 0x00007ff91eea0000 	C:\Program Files\Java\jdk-17.0.0.1\bin\verify.dll
0x00007ff902290000 - 0x00007ff9022b7000 	C:\Users\Administrator\.gradle\native\c067742578af261105cb4f569cf0c3c89f3d7b1fecec35dd04571415982c5e48\windows-amd64\native-platform.dll
0x00007ff91a1f0000 - 0x00007ff91a1fa000 	C:\Users\Administrator\.gradle\native\jansi\1.18\windows64\jansi.dll
0x00007ff919f40000 - 0x00007ff919f49000 	C:\Program Files\Java\jdk-17.0.0.1\bin\management.dll
0x00007ff919ee0000 - 0x00007ff919eeb000 	C:\Program Files\Java\jdk-17.0.0.1\bin\management_ext.dll
0x00007ff93d970000 - 0x00007ff93d98c000 	C:\Windows\SYSTEM32\CRYPTSP.dll
0x00007ff93d020000 - 0x00007ff93d05a000 	C:\Windows\system32\rsaenh.dll
0x00007ff93d660000 - 0x00007ff93d68b000 	C:\Windows\SYSTEM32\USERENV.dll
0x00007ff93d7f0000 - 0x00007ff93d7fc000 	C:\Windows\SYSTEM32\CRYPTBASE.dll
0x00007ff93efb0000 - 0x00007ff93efba000 	C:\Windows\System32\NSI.dll
0x00007ff936930000 - 0x00007ff93694f000 	C:\Windows\SYSTEM32\dhcpcsvc6.DLL
0x00007ff936900000 - 0x00007ff936925000 	C:\Windows\SYSTEM32\dhcpcsvc.DLL
0x00007ff93cb70000 - 0x00007ff93cc95000 	C:\Windows\SYSTEM32\DNSAPI.dll
0x00007ff918f30000 - 0x00007ff918f3e000 	C:\Program Files\Java\jdk-17.0.0.1\bin\sunmscapi.dll
0x00007ff93e590000 - 0x00007ff93e707000 	C:\Windows\System32\CRYPT32.dll
0x00007ff93db30000 - 0x00007ff93db60000 	C:\Windows\SYSTEM32\ncrypt.dll
0x00007ff93dae0000 - 0x00007ff93db1f000 	C:\Windows\SYSTEM32\NTASN1.dll
0x00007ff936a40000 - 0x00007ff936a48000 	C:\Windows\system32\wshunix.dll

dbghelp: loaded successfully - version: 4.0.5 - missing functions: none
symbol engine: initialized successfully - sym options: 0x614 - pdb path: .;C:\Program Files\Java\jdk-17.0.0.1\bin;C:\Windows\SYSTEM32;C:\Windows\WinSxS\amd64_microsoft.windows.common-controls_6595b64144ccf1df_6.0.26100.3323_none_3e088096e3344490;C:\Program Files\Java\jdk-17.0.0.1\bin\server;C:\Users\Administrator\.gradle\native\c067742578af261105cb4f569cf0c3c89f3d7b1fecec35dd04571415982c5e48\windows-amd64;C:\Users\Administrator\.gradle\native\jansi\1.18\windows64

VM Arguments:
jvm_args: -Xmx64m -Xms64m -Dorg.gradle.appname=gradlew 
java_command: org.gradle.wrapper.GradleWrapperMain assembleRelease
java_class_path (initial): D:\Workspace\GoogleDrive\killswitch-expo\android\\gradle\wrapper\gradle-wrapper.jar
Launcher Type: SUN_STANDARD

[Global flags]
     intx CICompilerCount                          = 4                                         {product} {ergonomic}
     uint ConcGCThreads                            = 2                                         {product} {ergonomic}
     uint G1ConcRefinementThreads                  = 8                                         {product} {ergonomic}
   size_t G1HeapRegionSize                         = 1048576                                   {product} {ergonomic}
    uintx GCDrainStackTargetSize                   = 64                                        {product} {ergonomic}
   size_t InitialHeapSize                          = 67108864                                  {product} {command line}
   size_t MarkStackSize                            = 4194304                                   {product} {ergonomic}
   size_t MaxHeapSize                              = 67108864                                  {product} {command line}
   size_t MaxNewSize                               = 39845888                                  {product} {ergonomic}
   size_t MinHeapDeltaBytes                        = 1048576                                   {product} {ergonomic}
   size_t MinHeapSize                              = 67108864                                  {product} {command line}
    uintx NonNMethodCodeHeapSize                   = 5839372                                {pd product} {ergonomic}
    uintx NonProfiledCodeHeapSize                  = 122909434                              {pd product} {ergonomic}
    uintx ProfiledCodeHeapSize                     = 122909434                              {pd product} {ergonomic}
    uintx ReservedCodeCacheSize                    = 251658240                              {pd product} {ergonomic}
     bool SegmentedCodeCache                       = true                                      {product} {ergonomic}
   size_t SoftMaxHeapSize                          = 67108864                               {manageable} {ergonomic}
     bool UseCompressedClassPointers               = true                           {product lp64_product} {ergonomic}
     bool UseCompressedOops                        = true                           {product lp64_product} {ergonomic}
     bool UseG1GC                                  = true                                      {product} {ergonomic}
     bool UseLargePagesIndividualAllocation        = false                                  {pd product} {ergonomic}

Logging:
Log output configuration:
 #0: stdout all=warning uptime,level,tags
 #1: stderr all=off uptime,level,tags

Environment Variables:
JAVA_HOME=C:\Program Files\Java\jdk-17.0.0.1
CLASSPATH=D:\Workspace\GoogleDrive\killswitch-expo\android\\gradle\wrapper\gradle-wrapper.jar
PATH=C:\Program Files\Common Files\Oracle\Java\javapath;C:\Program Files (x86)\VMware\VMware Workstation\bin\;C:\Windows\system32;C:\Windows;C:\Windows\System32\Wbem;C:\Windows\System32\WindowsPowerShell\v1.0\;C:\Windows\System32\OpenSSH\;C:\Program Files (x86)\NVIDIA Corporation\PhysX\Common;C:\Users\Administrator\AppData\Local\nvm;C:\nvm4w\nodejs;C:\Program Files\Git\cmd;C:\Program Files\GitHub CLI\;C:\Program Files\dotnet\;C:\Users\Administrator\AppData\Local\Nox\platform-tools;C:\ProgramData\chocolatey\bin;c:\Users\Administrator\AppData\Local\Programs\cursor\resources\app\bin;C:\Users\Administrator\AppData\Local\Android\Sdk\tools;C:\Users\Administrator\AppData\Local\Android\Sdk\tools;C:\Users\Administrator\AppData\Local\Programs\Python\Python311\Scripts\;C:\Users\Administrator\AppData\Local\Programs\Python\Python311\;C:\Users\Administrator\AppData\Local\Microsoft\WindowsApps;C:\Users\Administrator\AppData\Local\nvm;C:\nvm4w\nodejs;C:\Users\Administrator\AppData\Local\Programs\Microsoft VS Code\bin;C:\Users\Administrator\AppData\Local\Android\Sdk\platform-tools;C:\Users\Administrator\AppData\Local\Programs\cursor\resources\app\bin;C:\Program Files\Java\jdk-17.0.0.1\bin;
USERNAME=Administrator
OS=Windows_NT
PROCESSOR_IDENTIFIER=Intel64 Family 6 Model 158 Stepping 9, GenuineIntel



---------------  S Y S T E M  ---------------

OS:
 Windows 10 , 64 bit Build 26100 (10.0.26100.3323)
OS uptime: 2 days 7:08 hours
Hyper-V role detected

CPU: total 8 (initial active 8) (4 cores per cpu, 2 threads per core) family 6 model 158 stepping 9 microcode 0xde, cx8, cmov, fxsr, ht, mmx, 3dnowpref, sse, sse2, sse3, ssse3, sse4.1, sse4.2, popcnt, lzcnt, tsc, tscinvbit, avx, avx2, aes, erms, clmul, bmi1, bmi2, adx, fma, vzeroupper, clflush, clflushopt, hv

Memory: 4k page, system-wide physical 32634M (14397M free)
TotalPageFile size 36602M (AvailPageFile size 10176M)
current process WorkingSet (physical memory assigned to process): 120M, peak: 120M
current process commit charge ("private bytes"): 177M, peak: 177M

vm_info: OpenJDK 64-Bit Server VM (17.0.0.1+2-3) for windows-amd64 JRE (17.0.0.1+2-3), built on May  8 2024 19:05:00 by "mach5one" with MS VC++ 16.8 (VS2019)

END.
